#
# There is insufficient memory for the Java Runtime Environment to continue.
# Native memory allocation (malloc) failed to allocate 1098160 bytes for Chunk::new
# Possible reasons:
#   The system is out of physical RAM or swap space
#   In 32 bit mode, the process size limit was hit
# Possible solutions:
#   Reduce memory load on the system
#   Increase physical memory or swap space
#   Check if swap backing store is full
#   Use 64 bit Java on a 64 bit OS
#   Decrease Java heap size (-Xmx/-Xms)
#   Decrease number of Java threads
#   Decrease Java thread stack sizes (-Xss)
#   Set larger code cache with -XX:ReservedCodeCacheSize=
# This output file may be truncated or incomplete.
#
#  Out of Memory Error (allocation.cpp:326), pid=11722, tid=1744063344
#
# JRE version: OpenJDK Runtime Environment (7.0_65-b32) (build 1.7.0_65-b32)
# Java VM: OpenJDK Server VM (24.65-b04 mixed mode linux-x86 )
# Failed to write core dump. Core dumps have been disabled. To enable core dumping, try "ulimit -c unlimited" before starting Java again
#

---------------  T H R E A D  ---------------

Current thread (0x09cea800):  JavaThread "C2 CompilerThread0" daemon [_thread_in_native, id=11793, stack(0x67ec4000,0x67f45000)]

Stack: [0x67ec4000,0x67f45000]
[error occurred during error reporting (printing stack bounds), id 0xb]


[error occurred during error reporting (printing native stack), id 0xb]


Current CompileTask:
C2:  12354  191             com.android.dx.ssa.SCCP::run (298 bytes)


---------------  P R O C E S S  ---------------

Java Threads: ( => current thread )
  0x6ad02000 JavaThread "Service Thread" daemon [_thread_blocked, id=11802, stack(0x67df2000,0x67e43000)]
  0x09ced000 JavaThread "C2 CompilerThread1" daemon [_thread_in_native, id=11801, stack(0x67e43000,0x67ec4000)]
=>0x09cea800 JavaThread "C2 CompilerThread0" daemon [_thread_in_native, id=11793, stack(0x67ec4000,0x67f45000)]
  0x09ce8c00 JavaThread "Signal Dispatcher" daemon [_thread_blocked, id=11788, stack(0x67f45000,0x67f96000)]
  0x09cd3800 JavaThread "Finalizer" daemon [_thread_blocked, id=11786, stack(0x68108000,0x68159000)]
  0x09cd2000 JavaThread "Reference Handler" daemon [_thread_blocked, id=11781, stack(0x68159000,0x681aa000)]
  0x09b56c00 JavaThread "main" [_thread_in_native, id=11756, stack(0xb658a000,0xb65db000)]

Other Threads:
  0x09ccf400 VMThread [stack: 0x681aa000,0x6822b000] [id=11777]
  0x6ad03c00 WatcherThread [stack: 0x67d71000,0x67df2000] [id=11803]

VM state:not at safepoint (normal execution)

VM Mutex/Monitor currently owned by a thread: None

Heap
 PSYoungGen      total 18432K, used 18010K [0x9dec0000, 0x9f340000, 0xb3440000)
  eden space 15872K, 97% used [0x9dec0000,0x9edd7a58,0x9ee40000)
  from space 2560K, 99% used [0x9f0c0000,0x9f33eea0,0x9f340000)
  to   space 2560K, 0% used [0x9ee40000,0x9ee40000,0x9f0c0000)
 ParOldGen       total 41728K, used 3636K [0x73440000, 0x75d00000, 0x9dec0000)
  object space 41728K, 8% used [0x73440000,0x737cd3b0,0x75d00000)
 PSPermGen       total 16384K, used 3701K [0x6b440000, 0x6c440000, 0x73440000)
  object space 16384K, 22% used [0x6b440000,0x6b7dd788,0x6c440000)

Card table byte_map: [0x6b1ff000,0x6b440000] byte_map_base: 0x6aea4e00

Polling page: 0xb7709000

Code Cache  [0xb350a000, 0xb374a000, 0xb650a000)
 total_blobs=356 nmethods=237 adapters=73 free_code_cache=48308Kb largest_free_block=49444608

Compilation events (10 events):
Event: 12,217 Thread 0x09ced000 nmethod 221 0xb35d9008 code [0xb35d9480, 0xb35db864]
Event: 12,217 Thread 0x09ced000  222             com.android.dx.rop.code.RegisterSpecSet::intersect (117 bytes)
Event: 12,246 Thread 0x09ced000 nmethod 222 0xb35a46c8 code [0xb35a4820, 0xb35a4e04]
Event: 12,246 Thread 0x09ced000  223             java.util.HashMap$Entry::<init> (26 bytes)
Event: 12,247 Thread 0x09ced000 nmethod 223 0xb35a4548 code [0xb35a4620, 0xb35a4690]
Event: 12,247 Thread 0x09ced000  224             java.util.HashMap::createEntry (39 bytes)
Event: 12,250 Thread 0x09ced000 nmethod 224 0xb35c4dc8 code [0xb35c4ec0, 0xb35c5030]
Event: 12,250 Thread 0x09ced000  225             com.android.dx.ssa.SsaMethod::buildUseList (112 bytes)
Event: 12,296 Thread 0x09ced000 nmethod 225 0xb35ba708 code [0xb35ba880, 0xb35baf3c]
Event: 12,296 Thread 0x09ced000  226             com.android.dx.rop.code.InsnList::getLast (11 bytes)

GC Heap History (4 events):
Event: 8,176 GC heap before
{Heap before GC invocations=1 (full 0):
 PSYoungGen      total 18432K, used 15872K [0x9dec0000, 0x9f340000, 0xb3440000)
  eden space 15872K, 100% used [0x9dec0000,0x9ee40000,0x9ee40000)
  from space 2560K, 0% used [0x9f0c0000,0x9f0c0000,0x9f340000)
  to   space 2560K, 0% used [0x9ee40000,0x9ee40000,0x9f0c0000)
 ParOldGen       total 41728K, used 0K [0x73440000, 0x75d00000, 0x9dec0000)
  object space 41728K, 0% used [0x73440000,0x73440000,0x75d00000)
 PSPermGen       total 16384K, used 3598K [0x6b440000, 0x6c440000, 0x73440000)
  object space 16384K, 21% used [0x6b440000,0x6b7c3b60,0x6c440000)
Event: 8,198 GC heap after
Heap after GC invocations=1 (full 0):
 PSYoungGen      total 18432K, used 2548K [0x9dec0000, 0x9f340000, 0xb3440000)
  eden space 15872K, 0% used [0x9dec0000,0x9dec0000,0x9ee40000)
  from space 2560K, 99% used [0x9ee40000,0x9f0bd270,0x9f0c0000)
  to   space 2560K, 0% used [0x9f0c0000,0x9f0c0000,0x9f340000)
 ParOldGen       total 41728K, used 1194K [0x73440000, 0x75d00000, 0x9dec0000)
  object space 41728K, 2% used [0x73440000,0x7356abd8,0x75d00000)
 PSPermGen       total 16384K, used 3598K [0x6b440000, 0x6c440000, 0x73440000)
  object space 16384K, 21% used [0x6b440000,0x6b7c3b60,0x6c440000)
}
Event: 10,617 GC heap before
{Heap before GC invocations=2 (full 0):
 PSYoungGen      total 18432K, used 18420K [0x9dec0000, 0x9f340000, 0xb3440000)
  eden space 15872K, 100% used [0x9dec0000,0x9ee40000,0x9ee40000)
  from space 2560K, 99% used [0x9ee40000,0x9f0bd270,0x9f0c0000)
  to   space 2560K, 0% used [0x9f0c0000,0x9f0c0000,0x9f340000)
 ParOldGen       total 41728K, used 1194K [0x73440000, 0x75d00000, 0x9dec0000)
  object space 41728K, 2% used [0x73440000,0x7356abd8,0x75d00000)
 PSPermGen       total 16384K, used 3676K [0x6b440000, 0x6c440000, 0x73440000)
  object space 16384K, 22% used [0x6b440000,0x6b7d73c0,0x6c440000)
Event: 10,649 GC heap after
Heap after GC invocations=2 (full 0):
 PSYoungGen      total 18432K, used 2555K [0x9dec0000, 0x9f340000, 0xb3440000)
  eden space 15872K, 0% used [0x9dec0000,0x9dec0000,0x9ee40000)
  from space 2560K, 99% used [0x9f0c0000,0x9f33eea0,0x9f340000)
  to   space 2560K, 0% used [0x9ee40000,0x9ee40000,0x9f0c0000)
 ParOldGen       total 41728K, used 3636K [0x73440000, 0x75d00000, 0x9dec0000)
  object space 41728K, 8% used [0x73440000,0x737cd3b0,0x75d00000)
 PSPermGen       total 16384K, used 3676K [0x6b440000, 0x6c440000, 0x73440000)
  object space 16384K, 22% used [0x6b440000,0x6b7d73c0,0x6c440000)
}

Deoptimization events (5 events):
Event: 5,712 Thread 0x09b56c00 Uncommon trap: reason=null_check action=make_not_entrant pc=0xb3567df4 method=com.android.dx.rop.code.LocalItem.equals(Ljava/lang/Object;)Z @ 1
Event: 8,777 Thread 0x09b56c00 Uncommon trap: reason=null_check action=make_not_entrant pc=0xb3595568 method=com.android.dx.rop.code.RegisterSpec.equals(Ljava/lang/Object;)Z @ 1
Event: 8,998 Thread 0x09b56c00 Uncommon trap: reason=null_check action=make_not_entrant pc=0xb357c810 method=com.android.dx.rop.type.Type.equals(Ljava/lang/Object;)Z @ 8
Event: 9,409 Thread 0x09b56c00 Uncommon trap: reason=unreached action=reinterpret pc=0xb357ef94 method=com.android.dx.rop.cst.Constant.compareTo(Lcom/android/dx/rop/cst/Constant;)I @ 12
Event: 9,498 Thread 0x09b56c00 Uncommon trap: reason=null_check action=make_not_entrant pc=0xb359d4c4 method=com.android.dx.ssa.SsaRenamer.getLocalForNewReg(I)Lcom/android/dx/rop/code/LocalItem; @ 19

Internal exceptions (10 events):
Event: 5,599 Thread 0x09b56c00 Threw 0x9e7e61e8 at /build/openjdk-7-rwEUZs/openjdk-7-7u65-2.5.1/build/openjdk/hotspot/src/share/vm/prims/jvm.cpp:1247
Event: 5,712 Thread 0x09b56c00 Implicit null exception at 0xb3567bfc to 0xb3567dd5
Event: 6,805 Thread 0x09b56c00 Threw 0x9e8e16f8 at /build/openjdk-7-rwEUZs/openjdk-7-7u65-2.5.1/build/openjdk/hotspot/src/share/vm/prims/jvm.cpp:1247
Event: 6,810 Thread 0x09b56c00 Threw 0x9e8e41e0 at /build/openjdk-7-rwEUZs/openjdk-7-7u65-2.5.1/build/openjdk/hotspot/src/share/vm/prims/jvm.cpp:1247
Event: 8,011 Thread 0x09b56c00 Threw 0x9ed9b6e0 at /build/openjdk-7-rwEUZs/openjdk-7-7u65-2.5.1/build/openjdk/hotspot/src/share/vm/prims/jvm.cpp:1247
Event: 8,777 Thread 0x09b56c00 Implicit null exception at 0xb35949af to 0xb3595559
Event: 8,998 Thread 0x09b56c00 Implicit null exception at 0xb357c72b to 0xb357c802
Event: 9,498 Thread 0x09b56c00 Implicit null exception at 0xb359c615 to 0xb359d4b5
Event: 10,319 Thread 0x09b56c00 Threw 0x9ebf14d0 at /build/openjdk-7-rwEUZs/openjdk-7-7u65-2.5.1/build/openjdk/hotspot/src/share/vm/prims/jvm.cpp:1247
Event: 11,479 Thread 0x09b56c00 Threw 0x9e4e7d48 at /build/openjdk-7-rwEUZs/openjdk-7-7u65-2.5.1/build/openjdk/hotspot/src/share/vm/prims/jvm.cpp:1247

Events (10 events):
Event: 10,650 Executing VM operation: RevokeBias
Event: 10,650 Executing VM operation: RevokeBias done
Event: 10,650 Executing VM operation: RevokeBias
Event: 10,650 Executing VM operation: RevokeBias done
Event: 10,650 Executing VM operation: RevokeBias
Event: 10,650 Executing VM operation: RevokeBias done
Event: 10,650 Executing VM operation: BulkRevokeBias
Event: 10,650 Executing VM operation: BulkRevokeBias done
Event: 11,479 loading class 0x6ad59e98
Event: 11,479 loading class 0x6ad59e98 done


Dynamic libraries:
08048000-08049000 r-xp 00000000 08:06 1574961    /usr/lib/jvm/java-7-openjdk-i386/jre/bin/java
08049000-0804a000 r--p 00000000 08:06 1574961    /usr/lib/jvm/java-7-openjdk-i386/jre/bin/java
0804a000-0804b000 rw-p 00001000 08:06 1574961    /usr/lib/jvm/java-7-openjdk-i386/jre/bin/java
09b4d000-0a6bb000 rw-p 00000000 00:00 0          [heap]
67100000-67241000 rw-p 00000000 00:00 0 
67241000-67300000 ---p 00000000 00:00 0 
67300000-673f9000 rw-p 00000000 00:00 0 
673f9000-67400000 ---p 00000000 00:00 0 
67500000-675e4000 rw-p 00000000 00:00 0 
675e4000-67600000 ---p 00000000 00:00 0 
67600000-676fc000 rw-p 00000000 00:00 0 
676fc000-67700000 ---p 00000000 00:00 0 
67700000-677fd000 rw-p 00000000 00:00 0 
677fd000-67800000 ---p 00000000 00:00 0 
67900000-679f8000 rw-p 00000000 00:00 0 
679f8000-67a00000 ---p 00000000 00:00 0 
67a2f000-67a6c000 r-xp 00000000 08:06 9961677    /lib/i386-linux-gnu/libpcre.so.3.13.1
67a6c000-67a6d000 rw-p 0003c000 08:06 9961677    /lib/i386-linux-gnu/libpcre.so.3.13.1
67a6d000-67a75000 r-xp 00000000 08:06 1579712    /usr/lib/i386-linux-gnu/libffi.so.5.0.10
67a75000-67a76000 rw-p 00008000 08:06 1579712    /usr/lib/i386-linux-gnu/libffi.so.5.0.10
67a76000-67a86000 r-xp 00000000 08:06 9961830    /lib/i386-linux-gnu/i686/cmov/libresolv-2.13.so
67a86000-67a87000 r--p 00010000 08:06 9961830    /lib/i386-linux-gnu/i686/cmov/libresolv-2.13.so
67a87000-67a88000 rw-p 00011000 08:06 9961830    /lib/i386-linux-gnu/i686/cmov/libresolv-2.13.so
67a88000-67a8a000 rw-p 00000000 00:00 0 
67a8a000-67aa8000 r-xp 00000000 08:06 9961694    /lib/i386-linux-gnu/libselinux.so.1
67aa8000-67aa9000 r--p 0001d000 08:06 9961694    /lib/i386-linux-gnu/libselinux.so.1
67aa9000-67aaa000 rw-p 0001e000 08:06 9961694    /lib/i386-linux-gnu/libselinux.so.1
67aaa000-67ba5000 r-xp 00000000 08:06 9961611    /lib/i386-linux-gnu/libglib-2.0.so.0.3200.4
67ba5000-67ba6000 r--p 000fa000 08:06 9961611    /lib/i386-linux-gnu/libglib-2.0.so.0.3200.4
67ba6000-67ba7000 rw-p 000fb000 08:06 9961611    /lib/i386-linux-gnu/libglib-2.0.so.0.3200.4
67ba7000-67bf7000 r-xp 00000000 08:06 1579819    /usr/lib/i386-linux-gnu/libgobject-2.0.so.0.3200.4
67bf7000-67bf8000 r--p 00050000 08:06 1579819    /usr/lib/i386-linux-gnu/libgobject-2.0.so.0.3200.4
67bf8000-67bf9000 rw-p 00051000 08:06 1579819    /usr/lib/i386-linux-gnu/libgobject-2.0.so.0.3200.4
67bf9000-67d54000 r-xp 00000000 08:06 1579793    /usr/lib/i386-linux-gnu/libgio-2.0.so.0.3200.4
67d54000-67d55000 ---p 0015b000 08:06 1579793    /usr/lib/i386-linux-gnu/libgio-2.0.so.0.3200.4
67d55000-67d57000 r--p 0015b000 08:06 1579793    /usr/lib/i386-linux-gnu/libgio-2.0.so.0.3200.4
67d57000-67d58000 rw-p 0015d000 08:06 1579793    /usr/lib/i386-linux-gnu/libgio-2.0.so.0.3200.4
67d58000-67d59000 rw-p 00000000 00:00 0 
67d71000-67d72000 ---p 00000000 00:00 0 
67d72000-67df2000 rw-p 00000000 00:00 0 
67df2000-67df5000 ---p 00000000 00:00 0 
67df5000-67e43000 rw-p 00000000 00:00 0 
67e43000-67e46000 ---p 00000000 00:00 0 
67e46000-67ec4000 rw-p 00000000 00:00 0 
67ec4000-67ec7000 ---p 00000000 00:00 0 
67ec7000-67f45000 rw-p 00000000 00:00 0 
67f45000-67f48000 ---p 00000000 00:00 0 
67f48000-67f96000 rw-p 00000000 00:00 0 
67f96000-68108000 r--p 00000000 08:06 1706402    /usr/lib/locale/locale-archive
68108000-6810b000 ---p 00000000 00:00 0 
6810b000-68159000 rw-p 00000000 00:00 0 
68159000-6815c000 ---p 00000000 00:00 0 
6815c000-681aa000 rw-p 00000000 00:00 0 
681aa000-681ab000 ---p 00000000 00:00 0 
681ab000-68274000 rw-p 00000000 00:00 0 
68274000-68425000 r--s 01d21000 08:06 2365418    /usr/lib/jvm/java-7-openjdk-i386/jre/lib/rt.jar
68425000-6ad00000 rw-p 00000000 00:00 0 
6ad00000-6adf3000 rw-p 00000000 00:00 0 
6adf3000-6ae00000 ---p 00000000 00:00 0 
6ae04000-6ae05000 r-xp 00000000 08:06 1579962    /usr/lib/i386-linux-gnu/libgthread-2.0.so.0.3200.4
6ae05000-6ae06000 r--p 00000000 08:06 1579962    /usr/lib/i386-linux-gnu/libgthread-2.0.so.0.3200.4
6ae06000-6ae07000 rw-p 00001000 08:06 1579962    /usr/lib/i386-linux-gnu/libgthread-2.0.so.0.3200.4
6ae07000-6ae1e000 r-xp 00000000 08:06 2883845    /usr/lib/jvm/java-7-openjdk-i386/jre/lib/i386/libnet.so
6ae1e000-6ae1f000 r--p 00016000 08:06 2883845    /usr/lib/jvm/java-7-openjdk-i386/jre/lib/i386/libnet.so
6ae1f000-6ae20000 rw-p 00017000 08:06 2883845    /usr/lib/jvm/java-7-openjdk-i386/jre/lib/i386/libnet.so
6ae20000-6ae31000 r-xp 00000000 08:06 2883824    /usr/lib/jvm/java-7-openjdk-i386/jre/lib/i386/libnio.so
6ae31000-6ae32000 r--p 00010000 08:06 2883824    /usr/lib/jvm/java-7-openjdk-i386/jre/lib/i386/libnio.so
6ae32000-6ae33000 rw-p 00011000 08:06 2883824    /usr/lib/jvm/java-7-openjdk-i386/jre/lib/i386/libnio.so
6ae33000-6ae3c000 r--s 00078000 08:06 13111756   /root/Android_Libs/GalleryLib/app/build/intermediates/exploded-aar/GalleryLib/facebook/unspecified/classes.jar
6ae3c000-6ae4a000 r--s 000b4000 08:06 11013701   /root/android-sdk-linux/build-tools/20.0.0/lib/dx.jar
6ae4a000-6ae65000 rw-p 00000000 00:00 0 
6ae65000-6ae66000 ---p 00000000 00:00 0 
6ae66000-6aee6000 rw-p 00000000 00:00 0 
6aee6000-6aee7000 ---p 00000000 00:00 0 
6aee7000-6af67000 rw-p 00000000 00:00 0 
6af67000-6af68000 ---p 00000000 00:00 0 
6af68000-6afe8000 rw-p 00000000 00:00 0 
6afe8000-6afe9000 ---p 00000000 00:00 0 
6afe9000-6b071000 rw-p 00000000 00:00 0 
6b071000-6b0a9000 rw-p 00000000 00:00 0 
6b0a9000-6b0be000 rw-p 00000000 00:00 0 
6b0be000-6b1ff000 rw-p 00000000 00:00 0 
6b1ff000-6b207000 rw-p 00000000 00:00 0 
6b207000-6b23f000 rw-p 00000000 00:00 0 
6b23f000-6b254000 rw-p 00000000 00:00 0 
6b254000-6b394000 rw-p 00000000 00:00 0 
6b394000-6b39f000 rw-p 00000000 00:00 0 
6b39f000-6b43f000 rw-p 00000000 00:00 0 
6b43f000-6c440000 rw-p 00000000 00:00 0 
6c440000-73440000 rw-p 00000000 00:00 0 
73440000-75d00000 rw-p 00000000 00:00 0 
75d00000-9dec0000 rw-p 00000000 00:00 0 
9dec0000-9f340000 rw-p 00000000 00:00 0 
9f340000-b3440000 rw-p 00000000 00:00 0 
b3440000-b3443000 r-xp 00000000 08:06 1579803    /usr/lib/i386-linux-gnu/libgmodule-2.0.so.0.3200.4
b3443000-b3444000 r--p 00002000 08:06 1579803    /usr/lib/i386-linux-gnu/libgmodule-2.0.so.0.3200.4
b3444000-b3445000 rw-p 00003000 08:06 1579803    /usr/lib/i386-linux-gnu/libgmodule-2.0.so.0.3200.4
b3445000-b3447000 r--s 00012000 08:06 2365409    /usr/lib/jvm/java-7-openjdk-i386/jre/lib/ext/zipfs.jar
b3447000-b344a000 r--s 0000f000 08:06 2365406    /usr/lib/jvm/java-7-openjdk-i386/jre/lib/ext/pulse-java.jar
b344a000-b3453000 rw-p 00000000 00:00 0 
b3453000-b350a000 rw-p 00000000 00:00 0 
b350a000-b374a000 rwxp 00000000 00:00 0 
b374a000-b650a000 rw-p 00000000 00:00 0 
b650a000-b6514000 r-xp 00000000 08:06 9961825    /lib/i386-linux-gnu/i686/cmov/libnss_files-2.13.so
b6514000-b6515000 r--p 00009000 08:06 9961825    /lib/i386-linux-gnu/i686/cmov/libnss_files-2.13.so
b6515000-b6516000 rw-p 0000a000 08:06 9961825    /lib/i386-linux-gnu/i686/cmov/libnss_files-2.13.so
b6516000-b651f000 r-xp 00000000 08:06 9961827    /lib/i386-linux-gnu/i686/cmov/libnss_nis-2.13.so
b651f000-b6520000 r--p 00008000 08:06 9961827    /lib/i386-linux-gnu/i686/cmov/libnss_nis-2.13.so
b6520000-b6521000 rw-p 00009000 08:06 9961827    /lib/i386-linux-gnu/i686/cmov/libnss_nis-2.13.so
b6521000-b6534000 r-xp 00000000 08:06 9961821    /lib/i386-linux-gnu/i686/cmov/libnsl-2.13.so
b6534000-b6535000 r--p 00012000 08:06 9961821    /lib/i386-linux-gnu/i686/cmov/libnsl-2.13.so
b6535000-b6536000 rw-p 00013000 08:06 9961821    /lib/i386-linux-gnu/i686/cmov/libnsl-2.13.so
b6536000-b6538000 rw-p 00000000 00:00 0 
b6538000-b653e000 r-xp 00000000 08:06 9961823    /lib/i386-linux-gnu/i686/cmov/libnss_compat-2.13.so
b653e000-b653f000 r--p 00005000 08:06 9961823    /lib/i386-linux-gnu/i686/cmov/libnss_compat-2.13.so
b653f000-b6540000 rw-p 00006000 08:06 9961823    /lib/i386-linux-gnu/i686/cmov/libnss_compat-2.13.so
b6541000-b6545000 r--s 00085000 08:06 2365410    /usr/lib/jvm/java-7-openjdk-i386/jre/lib/ext/localedata.jar
b6545000-b6546000 r--s 00002000 08:06 2365408    /usr/lib/jvm/java-7-openjdk-i386/jre/lib/ext/dnsns.jar
b6546000-b654e000 r-xp 00000000 08:06 2883849    /usr/lib/jvm/java-7-openjdk-i386/jre/lib/i386/libzip.so
b654e000-b654f000 r--p 00007000 08:06 2883849    /usr/lib/jvm/java-7-openjdk-i386/jre/lib/i386/libzip.so
b654f000-b6550000 rw-p 00008000 08:06 2883849    /usr/lib/jvm/java-7-openjdk-i386/jre/lib/i386/libzip.so
b6550000-b6558000 rw-s 00000000 08:06 13370452   /tmp/hsperfdata_root/11722
b6558000-b657f000 r-xp 00000000 08:06 2883850    /usr/lib/jvm/java-7-openjdk-i386/jre/lib/i386/libjava.so
b657f000-b6580000 r--p 00026000 08:06 2883850    /usr/lib/jvm/java-7-openjdk-i386/jre/lib/i386/libjava.so
b6580000-b6581000 rw-p 00027000 08:06 2883850    /usr/lib/jvm/java-7-openjdk-i386/jre/lib/i386/libjava.so
b6581000-b6588000 r-xp 00000000 08:06 9961831    /lib/i386-linux-gnu/i686/cmov/librt-2.13.so
b6588000-b6589000 r--p 00006000 08:06 9961831    /lib/i386-linux-gnu/i686/cmov/librt-2.13.so
b6589000-b658a000 rw-p 00007000 08:06 9961831    /lib/i386-linux-gnu/i686/cmov/librt-2.13.so
b658a000-b658d000 ---p 00000000 00:00 0 
b658d000-b65db000 rw-p 00000000 00:00 0 
b65db000-b65f7000 r-xp 00000000 08:06 9961607    /lib/i386-linux-gnu/libgcc_s.so.1
b65f7000-b65f8000 rw-p 0001b000 08:06 9961607    /lib/i386-linux-gnu/libgcc_s.so.1
b65f8000-b661c000 r-xp 00000000 08:06 9961819    /lib/i386-linux-gnu/i686/cmov/libm-2.13.so
b661c000-b661d000 r--p 00023000 08:06 9961819    /lib/i386-linux-gnu/i686/cmov/libm-2.13.so
b661d000-b661e000 rw-p 00024000 08:06 9961819    /lib/i386-linux-gnu/i686/cmov/libm-2.13.so
b661e000-b66fe000 r-xp 00000000 08:06 1580299    /usr/lib/i386-linux-gnu/libstdc++.so.6.0.17
b66fe000-b6702000 r--p 000e0000 08:06 1580299    /usr/lib/i386-linux-gnu/libstdc++.so.6.0.17
b6702000-b6703000 rw-p 000e4000 08:06 1580299    /usr/lib/i386-linux-gnu/libstdc++.so.6.0.17
b6703000-b670a000 rw-p 00000000 00:00 0 
b670a000-b70d1000 r-xp 00000000 08:06 2883836    /usr/lib/jvm/java-7-openjdk-i386/jre/lib/i386/server/libjvm.so
b70d1000-b7126000 r--p 009c7000 08:06 2883836    /usr/lib/jvm/java-7-openjdk-i386/jre/lib/i386/server/libjvm.so
b7126000-b713a000 rw-p 00a1c000 08:06 2883836    /usr/lib/jvm/java-7-openjdk-i386/jre/lib/i386/server/libjvm.so
b713a000-b7558000 rw-p 00000000 00:00 0 
b7558000-b756f000 r-xp 00000000 08:06 9961726    /lib/i386-linux-gnu/libz.so.1.2.7
b756f000-b7570000 r--p 00016000 08:06 9961726    /lib/i386-linux-gnu/libz.so.1.2.7
b7570000-b7571000 rw-p 00017000 08:06 9961726    /lib/i386-linux-gnu/libz.so.1.2.7
b7571000-b76ce000 r-xp 00000000 08:06 9961815    /lib/i386-linux-gnu/i686/cmov/libc-2.13.so
b76ce000-b76d0000 r--p 0015d000 08:06 9961815    /lib/i386-linux-gnu/i686/cmov/libc-2.13.so
b76d0000-b76d1000 rw-p 0015f000 08:06 9961815    /lib/i386-linux-gnu/i686/cmov/libc-2.13.so
b76d1000-b76d4000 rw-p 00000000 00:00 0 
b76d4000-b76d6000 r-xp 00000000 08:06 9961818    /lib/i386-linux-gnu/i686/cmov/libdl-2.13.so
b76d6000-b76d7000 r--p 00001000 08:06 9961818    /lib/i386-linux-gnu/i686/cmov/libdl-2.13.so
b76d7000-b76d8000 rw-p 00002000 08:06 9961818    /lib/i386-linux-gnu/i686/cmov/libdl-2.13.so
b76d8000-b76e5000 r-xp 00000000 08:06 2883828    /usr/lib/jvm/java-7-openjdk-i386/jre/lib/i386/jli/libjli.so
b76e5000-b76e6000 r--p 0000c000 08:06 2883828    /usr/lib/jvm/java-7-openjdk-i386/jre/lib/i386/jli/libjli.so
b76e6000-b76e7000 rw-p 0000d000 08:06 2883828    /usr/lib/jvm/java-7-openjdk-i386/jre/lib/i386/jli/libjli.so
b76e7000-b76fc000 r-xp 00000000 08:06 9961811    /lib/i386-linux-gnu/i686/cmov/libpthread-2.13.so
b76fc000-b76fd000 r--p 00014000 08:06 9961811    /lib/i386-linux-gnu/i686/cmov/libpthread-2.13.so
b76fd000-b76fe000 rw-p 00015000 08:06 9961811    /lib/i386-linux-gnu/i686/cmov/libpthread-2.13.so
b76fe000-b7701000 rw-p 00000000 00:00 0 
b7701000-b7704000 r--s 00032000 08:06 2365407    /usr/lib/jvm/java-7-openjdk-i386/jre/lib/ext/sunjce_provider.jar
b7704000-b7705000 r--s 00007000 08:06 3284962    /usr/share/java/java-atk-wrapper.jar
b7705000-b7708000 r--s 0003c000 08:06 2365411    /usr/lib/jvm/java-7-openjdk-i386/jre/lib/ext/sunpkcs11.jar
b7708000-b7709000 rw-p 00000000 00:00 0 
b7709000-b770a000 r--p 00000000 00:00 0 
b770a000-b7717000 r-xp 00000000 08:06 2883846    /usr/lib/jvm/java-7-openjdk-i386/jre/lib/i386/libverify.so
b7717000-b7718000 r--p 0000d000 08:06 2883846    /usr/lib/jvm/java-7-openjdk-i386/jre/lib/i386/libverify.so
b7718000-b7719000 rw-p 0000e000 08:06 2883846    /usr/lib/jvm/java-7-openjdk-i386/jre/lib/i386/libverify.so
b7719000-b771b000 rw-p 00000000 00:00 0 
b771b000-b771c000 r-xp 00000000 00:00 0          [vdso]
b771c000-b7738000 r-xp 00000000 08:06 9961948    /lib/i386-linux-gnu/ld-2.13.so
b7738000-b7739000 r--p 0001b000 08:06 9961948    /lib/i386-linux-gnu/ld-2.13.so
b7739000-b773a000 rw-p 0001c000 08:06 9961948    /lib/i386-linux-gnu/ld-2.13.so
bf8c7000-bf8c8000 rwxp 00000000 00:00 0 
bf8fa000-bf91b000 rw-p 00000000 00:00 0          [stack]

VM Arguments:
jvm_args: -Xmx1024M 
java_command: /root/android-sdk-linux/build-tools/20.0.0/lib/dx.jar --dex --output /root/Android_Libs/GalleryLib/app/build/intermediates/pre-dexed/debug/classes-49ab43ae5601c720a92ef43e7b07fa23b6543201.jar /root/Android_Libs/GalleryLib/app/build/intermediates/exploded-aar/GalleryLib/facebook/unspecified/classes.jar
Launcher Type: SUN_STANDARD

Environment Variables:
JAVA_HOME=/usr/lib/jvm/java-1.7.0-openjdk-i386
JRE_HOME=/usr/lib/jvm/java-1.7.0-openjdk-i386/jre
CLASSPATH=/root/Programs/android-studio/bin/../lib/bootstrap.jar:/root/Programs/android-studio/bin/../lib/extensions.jar:/root/Programs/android-studio/bin/../lib/util.jar:/root/Programs/android-studio/bin/../lib/jdom.jar:/root/Programs/android-studio/bin/../lib/log4j.jar:/root/Programs/android-studio/bin/../lib/trove4j.jar:/root/Programs/android-studio/bin/../lib/jna.jar:/etc/jdk1.8.0_05/lib/tools.jar
PATH=/usr/local/sbin:/usr/local/bin:/usr/sbin:/usr/bin:/sbin:/bin:/root/bin:/usr/lib/jvm/java-1.7.0-openjdk-i386/bin:/root/bin:/usr/lib/jvm/java-1.7.0-openjdk-i386/jre/bin
USERNAME=root
LD_LIBRARY_PATH=/root/Programs/android-studio/bin:
SHELL=/bin/bash
DISPLAY=:0

Signal Handlers:
SIGSEGV: [libjvm.so+0x803290], sa_mask[0]=0x7ffbfeff, sa_flags=0x10000004
SIGBUS: [libjvm.so+0x803290], sa_mask[0]=0x7ffbfeff, sa_flags=0x10000004
SIGFPE: [libjvm.so+0x67c600], sa_mask[0]=0x7ffbfeff, sa_flags=0x10000004
SIGPIPE: [libjvm.so+0x67c600], sa_mask[0]=0x7ffbfeff, sa_flags=0x10000004
SIGXFSZ: [libjvm.so+0x67c600], sa_mask[0]=0x7ffbfeff, sa_flags=0x10000004
SIGILL: [libjvm.so+0x67c600], sa_mask[0]=0x7ffbfeff, sa_flags=0x10000004
SIGUSR1: SIG_DFL, sa_mask[0]=0x00000000, sa_flags=0x00000000
SIGUSR2: [libjvm.so+0x67c740], sa_mask[0]=0x00000004, sa_flags=0x10000004
SIGHUP: [libjvm.so+0x67cb90], sa_mask[0]=0x7ffbfeff, sa_flags=0x10000004
SIGINT: [libjvm.so+0x67cb90], sa_mask[0]=0x7ffbfeff, sa_flags=0x10000004
SIGTERM: [libjvm.so+0x67cb90], sa_mask[0]=0x7ffbfeff, sa_flags=0x10000004
SIGQUIT: [libjvm.so+0x67cb90], sa_mask[0]=0x7ffbfeff, sa_flags=0x10000004
SIGTRAP: SIG_DFL, sa_mask[0]=0x00000000, sa_flags=0x00000000


---------------  S Y S T E M  ---------------

OS:7.6

uname:Linux 3.2.0-4-686-pae #1 SMP Debian 3.2.60-1+deb7u3 i686
libc:glibc 2.13 NPTL 2.13 
rlimit: STACK 8192k, CORE 0k, NPROC 31196, NOFILE 4096, AS infinity
load average:7,42 6,35 5,38

/proc/meminfo:
MemTotal:        4003488 kB
MemFree:          163884 kB
Buffers:            3992 kB
Cached:           103456 kB
SwapCached:            0 kB
Active:          3676180 kB
Inactive:          62780 kB
Active(anon):    3632684 kB
Inactive(anon):    31668 kB
Active(file):      43496 kB
Inactive(file):    31112 kB
Unevictable:         136 kB
Mlocked:             136 kB
HighTotal:       3142768 kB
HighFree:            676 kB
LowTotal:         860720 kB
LowFree:          163208 kB
SwapTotal:             0 kB
SwapFree:              0 kB
Dirty:               548 kB
Writeback:             0 kB
AnonPages:       3631980 kB
Mapped:            83692 kB
Shmem:             32632 kB
Slab:              36944 kB
SReclaimable:      15240 kB
SUnreclaim:        21704 kB
KernelStack:        5568 kB
PageTables:        22100 kB
NFS_Unstable:          0 kB
Bounce:                0 kB
WritebackTmp:          0 kB
CommitLimit:     2001744 kB
Committed_AS:    7358920 kB
VmallocTotal:     122880 kB
VmallocUsed:       52096 kB
VmallocChunk:      66304 kB
HardwareCorrupted:     0 kB
AnonHugePages:         0 kB
HugePages_Total:       0
HugePages_Free:        0
HugePages_Rsvd:        0
HugePages_Surp:        0
Hugepagesize:       2048 kB
DirectMap4k:        8184 kB
DirectMap2M:      903168 kB


CPU:total 4 (2 cores per cpu, 2 threads per core) family 6 model 37 stepping 2, cmov, cx8, fxsr, mmx, sse, sse2, sse3, ssse3, sse4.1, sse4.2, popcnt, ht, tsc, tscinvbit

/proc/cpuinfo:
processor	: 0
vendor_id	: GenuineIntel
cpu family	: 6
model		: 37
model name	: Intel(R) Core(TM) i3 CPU       M 330  @ 2.13GHz
stepping	: 2
microcode	: 0x9
cpu MHz		: 2133.000
cache size	: 3072 KB
physical id	: 0
siblings	: 4
core id		: 0
cpu cores	: 2
apicid		: 0
initial apicid	: 0
fdiv_bug	: no
hlt_bug		: no
f00f_bug	: no
coma_bug	: no
fpu		: yes
fpu_exception	: yes
cpuid level	: 11
wp		: yes
flags		: fpu vme de pse tsc msr pae mce cx8 apic sep mtrr pge mca cmov pat pse36 clflush dts acpi mmx fxsr sse sse2 ss ht tm pbe nx rdtscp lm constant_tsc arch_perfmon pebs bts xtopology nonstop_tsc aperfmperf pni dtes64 monitor ds_cpl vmx est tm2 ssse3 cx16 xtpr pdcm sse4_1 sse4_2 popcnt lahf_lm arat dtherm tpr_shadow vnmi flexpriority ept vpid
bogomips	: 4256.66
clflush size	: 64
cache_alignment	: 64
address sizes	: 36 bits physical, 48 bits virtual
power management:

processor	: 1
vendor_id	: GenuineIntel
cpu family	: 6
model		: 37
model name	: Intel(R) Core(TM) i3 CPU       M 330  @ 2.13GHz
stepping	: 2
microcode	: 0x9
cpu MHz		: 2133.000
cache size	: 3072 KB
physical id	: 0
siblings	: 4
core id		: 0
cpu cores	: 2
apicid		: 1
initial apicid	: 1
fdiv_bug	: no
hlt_bug		: no
f00f_bug	: no
coma_bug	: no
fpu		: yes
fpu_exception	: yes
cpuid level	: 11
wp		: yes
flags		: fpu vme de pse tsc msr pae mce cx8 apic sep mtrr pge mca cmov pat pse36 clflush dts acpi mmx fxsr sse sse2 ss ht tm pbe nx rdtscp lm constant_tsc arch_perfmon pebs bts xtopology nonstop_tsc aperfmperf pni dtes64 monitor ds_cpl vmx est tm2 ssse3 cx16 xtpr pdcm sse4_1 sse4_2 popcnt lahf_lm arat dtherm tpr_shadow vnmi flexpriority ept vpid
bogomips	: 4256.66
clflush size	: 64
cache_alignment	: 64
address sizes	: 36 bits physical, 48 bits virtual
power management:

processor	: 2
vendor_id	: GenuineIntel
cpu family	: 6
model		: 37
model name	: Intel(R) Core(TM) i3 CPU       M 330  @ 2.13GHz
stepping	: 2
microcode	: 0x9
cpu MHz		: 2133.000
cache size	: 3072 KB
physical id	: 0
siblings	: 4
core id		: 2
cpu cores	: 2
apicid		: 4
initial apicid	: 4
fdiv_bug	: no
hlt_bug		: no
f00f_bug	: no
coma_bug	: no
fpu		: yes
fpu_exception	: yes
cpuid level	: 11
wp		: yes
flags		: fpu vme de pse tsc msr pae mce cx8 apic sep mtrr pge mca cmov pat pse36 clflush dts acpi mmx fxsr sse sse2 ss ht tm pbe nx rdtscp lm constant_tsc arch_perfmon pebs bts xtopology nonstop_tsc aperfmperf pni dtes64 monitor ds_cpl vmx est tm2 ssse3 cx16 xtpr pdcm sse4_1 sse4_2 popcnt lahf_lm arat dtherm tpr_shadow vnmi flexpriority ept vpid
bogomips	: 4256.68
clflush size	: 64
cache_alignment	: 64
address sizes	: 36 bits physical, 48 bits virtual
power management:

processor	: 3
vendor_id	: GenuineIntel
cpu family	: 6
model		: 37
model name	: Intel(R) Core(TM) i3 CPU       M 330  @ 2.13GHz
stepping	: 2
microcode	: 0x9
cpu MHz		: 2133.000
cache size	: 3072 KB
physical id	: 0
siblings	: 4
core id		: 2
cpu cores	: 2
apicid		: 5
initial apicid	: 5
fdiv_bug	: no
hlt_bug		: no
f00f_bug	: no
coma_bug	: no
fpu		: yes
fpu_exception	: yes
cpuid level	: 11
wp		: yes
flags		: fpu vme de pse tsc msr pae mce cx8 apic sep mtrr pge mca cmov pat pse36 clflush dts acpi mmx fxsr sse sse2 ss ht tm pbe nx rdtscp lm constant_tsc arch_perfmon pebs bts xtopology nonstop_tsc aperfmperf pni dtes64 monitor ds_cpl vmx est tm2 ssse3 cx16 xtpr pdcm sse4_1 sse4_2 popcnt lahf_lm arat dtherm tpr_shadow vnmi flexpriority ept vpid
bogomips	: 4256.68
clflush size	: 64
cache_alignment	: 64
address sizes	: 36 bits physical, 48 bits virtual
power management:



Memory: 4k page, physical 4003488k(163884k free), swap 0k(0k free)

vm_info: OpenJDK Server VM (24.65-b04) for linux-x86 JRE (1.7.0_65-b32), built on Aug 31 2014 11:50:40 by "buildd" with gcc 4.7.2

time: Thu Sep  4 14:29:30 2014
elapsed time: 12 seconds

