#
# There is insufficient memory for the Java Runtime Environment to continue.
# Native memory allocation (malloc) failed to allocate 18874368 bytes for committing reserved memory.
# Possible reasons:
#   The system is out of physical RAM or swap space
#   In 32 bit mode, the process size limit was hit
# Possible solutions:
#   Reduce memory load on the system
#   Increase physical memory or swap space
#   Check if swap backing store is full
#   Use 64 bit Java on a 64 bit OS
#   Decrease Java heap size (-Xmx/-Xms)
#   Decrease number of Java threads
#   Decrease Java thread stack sizes (-Xss)
#   Set larger code cache with -XX:ReservedCodeCacheSize=
# This output file may be truncated or incomplete.
#
#  Out of Memory Error (os_linux.cpp:2798), pid=11343, tid=1748302704
#
# JRE version: OpenJDK Runtime Environment (7.0_65-b32) (build 1.7.0_65-b32)
# Java VM: OpenJDK Server VM (24.65-b04 mixed mode linux-x86 )
# Failed to write core dump. Core dumps have been disabled. To enable core dumping, try "ulimit -c unlimited" before starting Java again
#

---------------  T H R E A D  ---------------

Current thread (0x09b02c00):  VMThread [stack: 0x682cf000,0x68350000] [id=11359]

Stack: [0x682cf000,0x68350000]
[error occurred during error reporting (printing stack bounds), id 0xb]


[error occurred during error reporting (printing native stack), id 0xb]

VM_Operation (0xb65b9cf8): ParallelGCFailedAllocation, mode: safepoint, requested by thread 0x0998a400


---------------  P R O C E S S  ---------------

Java Threads: ( => current thread )
  0x67e02400 JavaThread "Service Thread" daemon [_thread_blocked, id=11365, stack(0x67f17000,0x67f68000)]
  0x67e00800 JavaThread "C2 CompilerThread1" daemon [_thread_blocked, id=11364, stack(0x67f68000,0x67fe9000)]
  0x09b1dc00 JavaThread "C2 CompilerThread0" daemon [_thread_blocked, id=11363, stack(0x67fe9000,0x6806a000)]
  0x09b1c400 JavaThread "Signal Dispatcher" daemon [_thread_blocked, id=11362, stack(0x6806a000,0x680bb000)]
  0x09b06c00 JavaThread "Finalizer" daemon [_thread_blocked, id=11361, stack(0x6822d000,0x6827e000)]
  0x09b05400 JavaThread "Reference Handler" daemon [_thread_blocked, id=11360, stack(0x6827e000,0x682cf000)]
  0x0998a400 JavaThread "main" [_thread_blocked, id=11354, stack(0xb656a000,0xb65bb000)]

Other Threads:
=>0x09b02c00 VMThread [stack: 0x682cf000,0x68350000] [id=11359]
  0x67e04800 WatcherThread [stack: 0x67d7f000,0x67e00000] [id=11366]

VM state:at safepoint (normal execution)

VM Mutex/Monitor currently owned by a thread:  ([mutex/lock_event])
[0x099879c8] Threads_lock - owner thread: 0x09b02c00
[0x09987dd8] Heap_lock - owner thread: 0x0998a400

Heap
 PSYoungGen      total 18432K, used 2553K [0x9de80000, 0xa0280000, 0xb3400000)
  eden space 15872K, 0% used [0x9de80000,0x9de80000,0x9ee00000)
  from space 2560K, 99% used [0x9ee00000,0x9f07e7a8,0x9f080000)
  to   space 2560K, 0% used [0x9f080000,0x9f080000,0x9f300000)
 ParOldGen       total 41728K, used 21465K [0x73400000, 0x75cc0000, 0x9de80000)
  object space 41728K, 51% used [0x73400000,0x748f65c0,0x75cc0000)
 PSPermGen       total 16384K, used 4797K [0x6b400000, 0x6c400000, 0x73400000)
  object space 16384K, 29% used [0x6b400000,0x6b8af7b8,0x6c400000)

Card table byte_map: [0x6b1bf000,0x6b400000] byte_map_base: 0x6ae65000

Polling page: 0xb76e9000

Code Cache  [0xb34ea000, 0xb372a000, 0xb64ea000)
 total_blobs=580 nmethods=445 adapters=89 free_code_cache=48103Kb largest_free_block=49208512

Compilation events (10 events):
Event: 6,790 Thread 0x67e00800 nmethod 448 0xb35db008 code [0xb35db0e0, 0xb35db130]
Event: 6,790 Thread 0x67e00800  449             com.android.dex.ProtoId::<init> (26 bytes)
Event: 6,791 Thread 0x67e00800 nmethod 449 0xb35dae88 code [0xb35daf60, 0xb35dafd0]
Event: 6,791 Thread 0x67e00800  450             com.android.dex.EncodedValueCodec::writeSignedIntegralValue (63 bytes)
Event: 6,813 Thread 0x67e00800 nmethod 450 0xb35d8e88 code [0xb35d8fc0, 0xb35d9624]
Event: 6,813 Thread 0x67e00800  451             com.android.dx.merge.IndexMap$EncodedValueTransformer::transform (495 bytes)
Event: 6,856 Thread 0x09b1dc00 nmethod 435 0xb355cc88 code [0xb355d020, 0xb355e83c]
Event: 6,856 Thread 0x09b1dc00  452             com.android.dx.merge.IndexMap$EncodedValueTransformer::transformArray (32 bytes)
Event: 6,859 Thread 0x09b1dc00 nmethod 452 0xb35d8b08 code [0xb35d8c20, 0xb35d8d38]
Event: 6,859 Thread 0x09b1dc00  453             com.android.dex.EncodedValueReader::readString (24 bytes)

GC Heap History (9 events):
Event: 3,589 GC heap before
{Heap before GC invocations=1 (full 0):
 PSYoungGen      total 18432K, used 15872K [0x9de80000, 0x9f300000, 0xb3400000)
  eden space 15872K, 100% used [0x9de80000,0x9ee00000,0x9ee00000)
  from space 2560K, 0% used [0x9f080000,0x9f080000,0x9f300000)
  to   space 2560K, 0% used [0x9ee00000,0x9ee00000,0x9f080000)
 ParOldGen       total 41728K, used 0K [0x73400000, 0x75cc0000, 0x9de80000)
  object space 41728K, 0% used [0x73400000,0x73400000,0x75cc0000)
 PSPermGen       total 16384K, used 3635K [0x6b400000, 0x6c400000, 0x73400000)
  object space 16384K, 22% used [0x6b400000,0x6b78ce70,0x6c400000)
Event: 3,601 GC heap after
Heap after GC invocations=1 (full 0):
 PSYoungGen      total 18432K, used 2556K [0x9de80000, 0x9f300000, 0xb3400000)
  eden space 15872K, 0% used [0x9de80000,0x9de80000,0x9ee00000)
  from space 2560K, 99% used [0x9ee00000,0x9f07f180,0x9f080000)
  to   space 2560K, 0% used [0x9f080000,0x9f080000,0x9f300000)
 ParOldGen       total 41728K, used 1782K [0x73400000, 0x75cc0000, 0x9de80000)
  object space 41728K, 4% used [0x73400000,0x735bdb80,0x75cc0000)
 PSPermGen       total 16384K, used 3635K [0x6b400000, 0x6c400000, 0x73400000)
  object space 16384K, 22% used [0x6b400000,0x6b78ce70,0x6c400000)
}
Event: 5,537 GC heap before
{Heap before GC invocations=2 (full 0):
 PSYoungGen      total 18432K, used 18291K [0x9de80000, 0x9f300000, 0xb3400000)
  eden space 15872K, 99% used [0x9de80000,0x9edddca8,0x9ee00000)
  from space 2560K, 99% used [0x9ee00000,0x9f07f180,0x9f080000)
  to   space 2560K, 0% used [0x9f080000,0x9f080000,0x9f300000)
 ParOldGen       total 41728K, used 1782K [0x73400000, 0x75cc0000, 0x9de80000)
  object space 41728K, 4% used [0x73400000,0x735bdb80,0x75cc0000)
 PSPermGen       total 16384K, used 4747K [0x6b400000, 0x6c400000, 0x73400000)
  object space 16384K, 28% used [0x6b400000,0x6b8a2e40,0x6c400000)
Event: 5,548 GC heap after
Heap after GC invocations=2 (full 0):
 PSYoungGen      total 18432K, used 2554K [0x9de80000, 0x9f300000, 0xb3400000)
  eden space 15872K, 0% used [0x9de80000,0x9de80000,0x9ee00000)
  from space 2560K, 99% used [0x9f080000,0x9f2fe8b0,0x9f300000)
  to   space 2560K, 0% used [0x9ee00000,0x9ee00000,0x9f080000)
 ParOldGen       total 41728K, used 3895K [0x73400000, 0x75cc0000, 0x9de80000)
  object space 41728K, 9% used [0x73400000,0x737cdf88,0x75cc0000)
 PSPermGen       total 16384K, used 4747K [0x6b400000, 0x6c400000, 0x73400000)
  object space 16384K, 28% used [0x6b400000,0x6b8a2e40,0x6c400000)
}
Event: 6,110 GC heap before
{Heap before GC invocations=3 (full 0):
 PSYoungGen      total 18432K, used 18426K [0x9de80000, 0x9f300000, 0xb3400000)
  eden space 15872K, 100% used [0x9de80000,0x9ee00000,0x9ee00000)
  from space 2560K, 99% used [0x9f080000,0x9f2fe8b0,0x9f300000)
  to   space 2560K, 0% used [0x9ee00000,0x9ee00000,0x9f080000)
 ParOldGen       total 41728K, used 3895K [0x73400000, 0x75cc0000, 0x9de80000)
  object space 41728K, 9% used [0x73400000,0x737cdf88,0x75cc0000)
 PSPermGen       total 16384K, used 4780K [0x6b400000, 0x6c400000, 0x73400000)
  object space 16384K, 29% used [0x6b400000,0x6b8ab0e0,0x6c400000)
Event: 6,121 GC heap after
Heap after GC invocations=3 (full 0):
 PSYoungGen      total 18432K, used 2559K [0x9de80000, 0x9f300000, 0xb3400000)
  eden space 15872K, 0% used [0x9de80000,0x9de80000,0x9ee00000)
  from space 2560K, 99% used [0x9ee00000,0x9f07fe10,0x9f080000)
  to   space 2560K, 0% used [0x9f080000,0x9f080000,0x9f300000)
 ParOldGen       total 41728K, used 11538K [0x73400000, 0x75cc0000, 0x9de80000)
  object space 41728K, 27% used [0x73400000,0x73f44a98,0x75cc0000)
 PSPermGen       total 16384K, used 4780K [0x6b400000, 0x6c400000, 0x73400000)
  object space 16384K, 29% used [0x6b400000,0x6b8ab0e0,0x6c400000)
}
Event: 6,472 GC heap before
{Heap before GC invocations=4 (full 0):
 PSYoungGen      total 18432K, used 18431K [0x9de80000, 0x9f300000, 0xb3400000)
  eden space 15872K, 100% used [0x9de80000,0x9ee00000,0x9ee00000)
  from space 2560K, 99% used [0x9ee00000,0x9f07fe10,0x9f080000)
  to   space 2560K, 0% used [0x9f080000,0x9f080000,0x9f300000)
 ParOldGen       total 41728K, used 11538K [0x73400000, 0x75cc0000, 0x9de80000)
  object space 41728K, 27% used [0x73400000,0x73f44a98,0x75cc0000)
 PSPermGen       total 16384K, used 4790K [0x6b400000, 0x6c400000, 0x73400000)
  object space 16384K, 29% used [0x6b400000,0x6b8adb08,0x6c400000)
Event: 6,495 GC heap after
Heap after GC invocations=4 (full 0):
 PSYoungGen      total 18432K, used 2551K [0x9de80000, 0xa0280000, 0xb3400000)
  eden space 15872K, 0% used [0x9de80000,0x9de80000,0x9ee00000)
  from space 2560K, 99% used [0x9f080000,0x9f2fde00,0x9f300000)
  to   space 2560K, 0% used [0x9ee00000,0x9ee00000,0x9f080000)
 ParOldGen       total 41728K, used 18655K [0x73400000, 0x75cc0000, 0x9de80000)
  object space 41728K, 44% used [0x73400000,0x74637e80,0x75cc0000)
 PSPermGen       total 16384K, used 4790K [0x6b400000, 0x6c400000, 0x73400000)
  object space 16384K, 29% used [0x6b400000,0x6b8adb08,0x6c400000)
}
Event: 6,882 GC heap before
{Heap before GC invocations=5 (full 0):
 PSYoungGen      total 18432K, used 18423K [0x9de80000, 0xa0280000, 0xb3400000)
  eden space 15872K, 100% used [0x9de80000,0x9ee00000,0x9ee00000)
  from space 2560K, 99% used [0x9f080000,0x9f2fde00,0x9f300000)
  to   space 2560K, 0% used [0x9ee00000,0x9ee00000,0x9f080000)
 ParOldGen       total 41728K, used 18655K [0x73400000, 0x75cc0000, 0x9de80000)
  object space 41728K, 44% used [0x73400000,0x74637e80,0x75cc0000)
 PSPermGen       total 16384K, used 4797K [0x6b400000, 0x6c400000, 0x73400000)
  object space 16384K, 29% used [0x6b400000,0x6b8af7b8,0x6c400000)

Deoptimization events (10 events):
Event: 4,421 Thread 0x0998a400 Uncommon trap: reason=class_check action=maybe_recompile pc=0xb356cf58 method=com.android.dx.util.FixedSizeList.equals(Ljava/lang/Object;)Z @ 25
Event: 4,421 Thread 0x0998a400 Uncommon trap: reason=class_check action=maybe_recompile pc=0xb3534288 method=java.util.Arrays.equals([Ljava/lang/Object;[Ljava/lang/Object;)Z @ 62
Event: 4,421 Thread 0x0998a400 Uncommon trap: reason=class_check action=maybe_recompile pc=0xb356cf58 method=com.android.dx.util.FixedSizeList.equals(Ljava/lang/Object;)Z @ 25
Event: 4,421 Thread 0x0998a400 Uncommon trap: reason=class_check action=maybe_recompile pc=0xb3534288 method=java.util.Arrays.equals([Ljava/lang/Object;[Ljava/lang/Object;)Z @ 62
Event: 4,695 Thread 0x0998a400 Uncommon trap: reason=unreached action=reinterpret pc=0xb356eb2c method=java.util.Arrays.copyOf([Ljava/lang/Object;ILjava/lang/Class;)[Ljava/lang/Object; @ 4
Event: 4,793 Thread 0x0998a400 Uncommon trap: reason=class_check action=maybe_recompile pc=0xb356f968 method=java.util.HashMap.put(Ljava/lang/Object;Ljava/lang/Object;)Ljava/lang/Object; @ 137
Event: 4,793 Thread 0x0998a400 Uncommon trap: reason=class_check action=maybe_recompile pc=0xb356f968 method=java.util.HashMap.put(Ljava/lang/Object;Ljava/lang/Object;)Ljava/lang/Object; @ 137
Event: 4,793 Thread 0x0998a400 Uncommon trap: reason=class_check action=maybe_recompile pc=0xb356f968 method=java.util.HashMap.put(Ljava/lang/Object;Ljava/lang/Object;)Ljava/lang/Object; @ 137
Event: 4,793 Thread 0x0998a400 Uncommon trap: reason=class_check action=maybe_recompile pc=0xb356f968 method=java.util.HashMap.put(Ljava/lang/Object;Ljava/lang/Object;)Ljava/lang/Object; @ 137
Event: 5,702 Thread 0x0998a400 Uncommon trap: reason=predicate action=maybe_recompile pc=0xb35a4ae4 method=com.android.dex.Leb128.readUnsignedLeb128(Lcom/android/dex/util/ByteInput;)I @ 41

Internal exceptions (10 events):
Event: 5,079 Thread 0x0998a400 Threw 0x9eb4cc20 at /build/openjdk-7-rwEUZs/openjdk-7-7u65-2.5.1/build/openjdk/hotspot/src/share/vm/prims/jvm.cpp:1247
Event: 5,083 Thread 0x0998a400 Threw 0x9eb53a78 at /build/openjdk-7-rwEUZs/openjdk-7-7u65-2.5.1/build/openjdk/hotspot/src/share/vm/prims/jvm.cpp:1247
Event: 5,083 Thread 0x0998a400 Threw 0x9eb56318 at /build/openjdk-7-rwEUZs/openjdk-7-7u65-2.5.1/build/openjdk/hotspot/src/share/vm/prims/jvm.cpp:1247
Event: 5,446 Thread 0x0998a400 Threw 0x9edae5f0 at /build/openjdk-7-rwEUZs/openjdk-7-7u65-2.5.1/build/openjdk/hotspot/src/share/vm/prims/jvm.cpp:1247
Event: 5,447 Thread 0x0998a400 Threw 0x9edae708 at /build/openjdk-7-rwEUZs/openjdk-7-7u65-2.5.1/build/openjdk/hotspot/src/share/vm/prims/jvm.cpp:1247
Event: 5,448 Thread 0x0998a400 Threw 0x9edb0b70 at /build/openjdk-7-rwEUZs/openjdk-7-7u65-2.5.1/build/openjdk/hotspot/src/share/vm/prims/jvm.cpp:1247
Event: 5,448 Thread 0x0998a400 Threw 0x9edb0c88 at /build/openjdk-7-rwEUZs/openjdk-7-7u65-2.5.1/build/openjdk/hotspot/src/share/vm/prims/jvm.cpp:1247
Event: 5,448 Thread 0x0998a400 Threw 0x9edb15f8 at /build/openjdk-7-rwEUZs/openjdk-7-7u65-2.5.1/build/openjdk/hotspot/src/share/vm/prims/jvm.cpp:1247
Event: 5,448 Thread 0x0998a400 Threw 0x9edb1710 at /build/openjdk-7-rwEUZs/openjdk-7-7u65-2.5.1/build/openjdk/hotspot/src/share/vm/prims/jvm.cpp:1247
Event: 5,957 Thread 0x0998a400 Threw 0x9e71f830 at /build/openjdk-7-rwEUZs/openjdk-7-7u65-2.5.1/build/openjdk/hotspot/src/share/vm/prims/jvm.cpp:1247

Events (10 events):
Event: 6,124 Executing VM operation: RevokeBias done
Event: 6,472 Executing VM operation: ParallelGCFailedAllocation
Event: 6,495 Executing VM operation: ParallelGCFailedAllocation done
Event: 6,529 Thread 0x09b1dc00 flushing nmethod 0xb3534008
Event: 6,674 Thread 0x09b1dc00 flushing nmethod 0xb3540508
Event: 6,674 Thread 0x09b1dc00 flushing nmethod 0xb3541848
Event: 6,733 Thread 0x67e00800 flushing nmethod 0xb3556348
Event: 6,733 Thread 0x67e00800 flushing nmethod 0xb3559a48
Event: 6,733 Thread 0x67e00800 flushing nmethod 0xb356cc48
Event: 6,882 Executing VM operation: ParallelGCFailedAllocation


Dynamic libraries:
08048000-08049000 r-xp 00000000 08:06 1574961    /usr/lib/jvm/java-7-openjdk-i386/jre/bin/java
08049000-0804a000 r--p 00000000 08:06 1574961    /usr/lib/jvm/java-7-openjdk-i386/jre/bin/java
0804a000-0804b000 rw-p 00001000 08:06 1574961    /usr/lib/jvm/java-7-openjdk-i386/jre/bin/java
09980000-0a096000 rw-p 00000000 00:00 0          [heap]
67200000-672e6000 rw-p 00000000 00:00 0 
672e6000-67300000 ---p 00000000 00:00 0 
67400000-674ec000 rw-p 00000000 00:00 0 
674ec000-67500000 ---p 00000000 00:00 0 
67500000-675ea000 rw-p 00000000 00:00 0 
675ea000-67600000 ---p 00000000 00:00 0 
67600000-6763b000 rw-p 00000000 00:00 0 
6763b000-67700000 ---p 00000000 00:00 0 
677c7000-67804000 r-xp 00000000 08:06 9961677    /lib/i386-linux-gnu/libpcre.so.3.13.1
67804000-67805000 rw-p 0003c000 08:06 9961677    /lib/i386-linux-gnu/libpcre.so.3.13.1
67805000-67815000 r-xp 00000000 08:06 9961830    /lib/i386-linux-gnu/i686/cmov/libresolv-2.13.so
67815000-67816000 r--p 00010000 08:06 9961830    /lib/i386-linux-gnu/i686/cmov/libresolv-2.13.so
67816000-67817000 rw-p 00011000 08:06 9961830    /lib/i386-linux-gnu/i686/cmov/libresolv-2.13.so
67817000-67819000 rw-p 00000000 00:00 0 
67819000-67837000 r-xp 00000000 08:06 9961694    /lib/i386-linux-gnu/libselinux.so.1
67837000-67838000 r--p 0001d000 08:06 9961694    /lib/i386-linux-gnu/libselinux.so.1
67838000-67839000 rw-p 0001e000 08:06 9961694    /lib/i386-linux-gnu/libselinux.so.1
67839000-67934000 r-xp 00000000 08:06 9961611    /lib/i386-linux-gnu/libglib-2.0.so.0.3200.4
67934000-67935000 r--p 000fa000 08:06 9961611    /lib/i386-linux-gnu/libglib-2.0.so.0.3200.4
67935000-67936000 rw-p 000fb000 08:06 9961611    /lib/i386-linux-gnu/libglib-2.0.so.0.3200.4
67936000-67986000 r-xp 00000000 08:06 1579819    /usr/lib/i386-linux-gnu/libgobject-2.0.so.0.3200.4
67986000-67987000 r--p 00050000 08:06 1579819    /usr/lib/i386-linux-gnu/libgobject-2.0.so.0.3200.4
67987000-67988000 rw-p 00051000 08:06 1579819    /usr/lib/i386-linux-gnu/libgobject-2.0.so.0.3200.4
67988000-67ae3000 r-xp 00000000 08:06 1579793    /usr/lib/i386-linux-gnu/libgio-2.0.so.0.3200.4
67ae3000-67ae4000 ---p 0015b000 08:06 1579793    /usr/lib/i386-linux-gnu/libgio-2.0.so.0.3200.4
67ae4000-67ae6000 r--p 0015b000 08:06 1579793    /usr/lib/i386-linux-gnu/libgio-2.0.so.0.3200.4
67ae6000-67ae7000 rw-p 0015d000 08:06 1579793    /usr/lib/i386-linux-gnu/libgio-2.0.so.0.3200.4
67ae7000-67ae8000 rw-p 00000000 00:00 0 
67b00000-67c00000 rw-p 00000000 00:00 0 
67c0a000-67c0f000 r--s 0004c000 08:06 2365416    /usr/lib/jvm/java-7-openjdk-i386/jre/lib/jsse.jar
67c0f000-67c26000 r-xp 00000000 08:06 2883845    /usr/lib/jvm/java-7-openjdk-i386/jre/lib/i386/libnet.so
67c26000-67c27000 r--p 00016000 08:06 2883845    /usr/lib/jvm/java-7-openjdk-i386/jre/lib/i386/libnet.so
67c27000-67c28000 rw-p 00017000 08:06 2883845    /usr/lib/jvm/java-7-openjdk-i386/jre/lib/i386/libnet.so
67c28000-67c39000 r-xp 00000000 08:06 2883824    /usr/lib/jvm/java-7-openjdk-i386/jre/lib/i386/libnio.so
67c39000-67c3a000 r--p 00010000 08:06 2883824    /usr/lib/jvm/java-7-openjdk-i386/jre/lib/i386/libnio.so
67c3a000-67c3b000 rw-p 00011000 08:06 2883824    /usr/lib/jvm/java-7-openjdk-i386/jre/lib/i386/libnio.so
67c3b000-67c3e000 ---p 00000000 00:00 0 
67c3e000-67c8c000 rw-p 00000000 00:00 0 
67c8c000-67c8f000 ---p 00000000 00:00 0 
67c8f000-67cdd000 rw-p 00000000 00:00 0 
67cdd000-67ce0000 ---p 00000000 00:00 0 
67ce0000-67d2e000 rw-p 00000000 00:00 0 
67d2e000-67d31000 ---p 00000000 00:00 0 
67d31000-67d7f000 rw-p 00000000 00:00 0 
67d7f000-67d80000 ---p 00000000 00:00 0 
67d80000-67e00000 rw-p 00000000 00:00 0 
67e00000-67ef5000 rw-p 00000000 00:00 0 
67ef5000-67f00000 ---p 00000000 00:00 0 
67f00000-67f08000 r-xp 00000000 08:06 1579712    /usr/lib/i386-linux-gnu/libffi.so.5.0.10
67f08000-67f09000 rw-p 00008000 08:06 1579712    /usr/lib/i386-linux-gnu/libffi.so.5.0.10
67f09000-67f17000 r--s 000b4000 08:06 11013701   /root/android-sdk-linux/build-tools/20.0.0/lib/dx.jar
67f17000-67f1a000 ---p 00000000 00:00 0 
67f1a000-67f68000 rw-p 00000000 00:00 0 
67f68000-67f6b000 ---p 00000000 00:00 0 
67f6b000-67fe9000 rw-p 00000000 00:00 0 
67fe9000-67fec000 ---p 00000000 00:00 0 
67fec000-6806a000 rw-p 00000000 00:00 0 
6806a000-6806d000 ---p 00000000 00:00 0 
6806d000-680bb000 rw-p 00000000 00:00 0 
680bb000-6822d000 r--p 00000000 08:06 1706402    /usr/lib/locale/locale-archive
6822d000-68230000 ---p 00000000 00:00 0 
68230000-6827e000 rw-p 00000000 00:00 0 
6827e000-68281000 ---p 00000000 00:00 0 
68281000-682cf000 rw-p 00000000 00:00 0 
682cf000-682d0000 ---p 00000000 00:00 0 
682d0000-68399000 rw-p 00000000 00:00 0 
68399000-6854a000 r--s 01d21000 08:06 2365418    /usr/lib/jvm/java-7-openjdk-i386/jre/lib/rt.jar
6854a000-6ae25000 rw-p 00000000 00:00 0 
6ae25000-6ae26000 ---p 00000000 00:00 0 
6ae26000-6aea6000 rw-p 00000000 00:00 0 
6aea6000-6aea7000 ---p 00000000 00:00 0 
6aea7000-6af27000 rw-p 00000000 00:00 0 
6af27000-6af28000 ---p 00000000 00:00 0 
6af28000-6afa8000 rw-p 00000000 00:00 0 
6afa8000-6afa9000 ---p 00000000 00:00 0 
6afa9000-6b031000 rw-p 00000000 00:00 0 
6b031000-6b069000 rw-p 00000000 00:00 0 
6b069000-6b07e000 rw-p 00000000 00:00 0 
6b07e000-6b1bf000 rw-p 00000000 00:00 0 
6b1bf000-6b1c7000 rw-p 00000000 00:00 0 
6b1c7000-6b1ff000 rw-p 00000000 00:00 0 
6b1ff000-6b214000 rw-p 00000000 00:00 0 
6b214000-6b354000 rw-p 00000000 00:00 0 
6b354000-6b367000 rw-p 00000000 00:00 0 
6b367000-6b3ff000 rw-p 00000000 00:00 0 
6b3ff000-6c400000 rw-p 00000000 00:00 0 
6c400000-73400000 rw-p 00000000 00:00 0 
73400000-75cc0000 rw-p 00000000 00:00 0 
75cc0000-9de80000 rw-p 00000000 00:00 0 
9de80000-a0280000 rw-p 00000000 00:00 0 
a1480000-b3400000 rw-p 00000000 00:00 0 
b3400000-b3403000 r--s 0000f000 08:06 2365406    /usr/lib/jvm/java-7-openjdk-i386/jre/lib/ext/pulse-java.jar
b3403000-b3407000 r--s 00085000 08:06 2365410    /usr/lib/jvm/java-7-openjdk-i386/jre/lib/ext/localedata.jar
b3407000-b3408000 r--s 00002000 08:06 2365408    /usr/lib/jvm/java-7-openjdk-i386/jre/lib/ext/dnsns.jar
b3408000-b340b000 r--s 00032000 08:06 2365407    /usr/lib/jvm/java-7-openjdk-i386/jre/lib/ext/sunjce_provider.jar
b340b000-b340c000 r--s 00007000 08:06 3284962    /usr/share/java/java-atk-wrapper.jar
b340c000-b340f000 r--s 0003c000 08:06 2365411    /usr/lib/jvm/java-7-openjdk-i386/jre/lib/ext/sunpkcs11.jar
b340f000-b3433000 rw-p 00000000 00:00 0 
b3433000-b34ea000 rw-p 00000000 00:00 0 
b34ea000-b372a000 rwxp 00000000 00:00 0 
b372a000-b64ea000 rw-p 00000000 00:00 0 
b64ea000-b64f4000 r-xp 00000000 08:06 9961825    /lib/i386-linux-gnu/i686/cmov/libnss_files-2.13.so
b64f4000-b64f5000 r--p 00009000 08:06 9961825    /lib/i386-linux-gnu/i686/cmov/libnss_files-2.13.so
b64f5000-b64f6000 rw-p 0000a000 08:06 9961825    /lib/i386-linux-gnu/i686/cmov/libnss_files-2.13.so
b64f6000-b64ff000 r-xp 00000000 08:06 9961827    /lib/i386-linux-gnu/i686/cmov/libnss_nis-2.13.so
b64ff000-b6500000 r--p 00008000 08:06 9961827    /lib/i386-linux-gnu/i686/cmov/libnss_nis-2.13.so
b6500000-b6501000 rw-p 00009000 08:06 9961827    /lib/i386-linux-gnu/i686/cmov/libnss_nis-2.13.so
b6501000-b6514000 r-xp 00000000 08:06 9961821    /lib/i386-linux-gnu/i686/cmov/libnsl-2.13.so
b6514000-b6515000 r--p 00012000 08:06 9961821    /lib/i386-linux-gnu/i686/cmov/libnsl-2.13.so
b6515000-b6516000 rw-p 00013000 08:06 9961821    /lib/i386-linux-gnu/i686/cmov/libnsl-2.13.so
b6516000-b6518000 rw-p 00000000 00:00 0 
b6518000-b651e000 r-xp 00000000 08:06 9961823    /lib/i386-linux-gnu/i686/cmov/libnss_compat-2.13.so
b651e000-b651f000 r--p 00005000 08:06 9961823    /lib/i386-linux-gnu/i686/cmov/libnss_compat-2.13.so
b651f000-b6520000 rw-p 00006000 08:06 9961823    /lib/i386-linux-gnu/i686/cmov/libnss_compat-2.13.so
b6521000-b6524000 r-xp 00000000 08:06 1579803    /usr/lib/i386-linux-gnu/libgmodule-2.0.so.0.3200.4
b6524000-b6525000 r--p 00002000 08:06 1579803    /usr/lib/i386-linux-gnu/libgmodule-2.0.so.0.3200.4
b6525000-b6526000 rw-p 00003000 08:06 1579803    /usr/lib/i386-linux-gnu/libgmodule-2.0.so.0.3200.4
b6526000-b652e000 r-xp 00000000 08:06 2883849    /usr/lib/jvm/java-7-openjdk-i386/jre/lib/i386/libzip.so
b652e000-b652f000 r--p 00007000 08:06 2883849    /usr/lib/jvm/java-7-openjdk-i386/jre/lib/i386/libzip.so
b652f000-b6530000 rw-p 00008000 08:06 2883849    /usr/lib/jvm/java-7-openjdk-i386/jre/lib/i386/libzip.so
b6530000-b6538000 rw-s 00000000 08:06 13371113   /tmp/hsperfdata_root/11343
b6538000-b655f000 r-xp 00000000 08:06 2883850    /usr/lib/jvm/java-7-openjdk-i386/jre/lib/i386/libjava.so
b655f000-b6560000 r--p 00026000 08:06 2883850    /usr/lib/jvm/java-7-openjdk-i386/jre/lib/i386/libjava.so
b6560000-b6561000 rw-p 00027000 08:06 2883850    /usr/lib/jvm/java-7-openjdk-i386/jre/lib/i386/libjava.so
b6561000-b6568000 r-xp 00000000 08:06 9961831    /lib/i386-linux-gnu/i686/cmov/librt-2.13.so
b6568000-b6569000 r--p 00006000 08:06 9961831    /lib/i386-linux-gnu/i686/cmov/librt-2.13.so
b6569000-b656a000 rw-p 00007000 08:06 9961831    /lib/i386-linux-gnu/i686/cmov/librt-2.13.so
b656a000-b656d000 ---p 00000000 00:00 0 
b656d000-b65bb000 rw-p 00000000 00:00 0 
b65bb000-b65d7000 r-xp 00000000 08:06 9961607    /lib/i386-linux-gnu/libgcc_s.so.1
b65d7000-b65d8000 rw-p 0001b000 08:06 9961607    /lib/i386-linux-gnu/libgcc_s.so.1
b65d8000-b65fc000 r-xp 00000000 08:06 9961819    /lib/i386-linux-gnu/i686/cmov/libm-2.13.so
b65fc000-b65fd000 r--p 00023000 08:06 9961819    /lib/i386-linux-gnu/i686/cmov/libm-2.13.so
b65fd000-b65fe000 rw-p 00024000 08:06 9961819    /lib/i386-linux-gnu/i686/cmov/libm-2.13.so
b65fe000-b66de000 r-xp 00000000 08:06 1580299    /usr/lib/i386-linux-gnu/libstdc++.so.6.0.17
b66de000-b66e2000 r--p 000e0000 08:06 1580299    /usr/lib/i386-linux-gnu/libstdc++.so.6.0.17
b66e2000-b66e3000 rw-p 000e4000 08:06 1580299    /usr/lib/i386-linux-gnu/libstdc++.so.6.0.17
b66e3000-b66ea000 rw-p 00000000 00:00 0 
b66ea000-b70b1000 r-xp 00000000 08:06 2883836    /usr/lib/jvm/java-7-openjdk-i386/jre/lib/i386/server/libjvm.so
b70b1000-b7106000 r--p 009c7000 08:06 2883836    /usr/lib/jvm/java-7-openjdk-i386/jre/lib/i386/server/libjvm.so
b7106000-b711a000 rw-p 00a1c000 08:06 2883836    /usr/lib/jvm/java-7-openjdk-i386/jre/lib/i386/server/libjvm.so
b711a000-b7538000 rw-p 00000000 00:00 0 
b7538000-b754f000 r-xp 00000000 08:06 9961726    /lib/i386-linux-gnu/libz.so.1.2.7
b754f000-b7550000 r--p 00016000 08:06 9961726    /lib/i386-linux-gnu/libz.so.1.2.7
b7550000-b7551000 rw-p 00017000 08:06 9961726    /lib/i386-linux-gnu/libz.so.1.2.7
b7551000-b76ae000 r-xp 00000000 08:06 9961815    /lib/i386-linux-gnu/i686/cmov/libc-2.13.so
b76ae000-b76b0000 r--p 0015d000 08:06 9961815    /lib/i386-linux-gnu/i686/cmov/libc-2.13.so
b76b0000-b76b1000 rw-p 0015f000 08:06 9961815    /lib/i386-linux-gnu/i686/cmov/libc-2.13.so
b76b1000-b76b4000 rw-p 00000000 00:00 0 
b76b4000-b76b6000 r-xp 00000000 08:06 9961818    /lib/i386-linux-gnu/i686/cmov/libdl-2.13.so
b76b6000-b76b7000 r--p 00001000 08:06 9961818    /lib/i386-linux-gnu/i686/cmov/libdl-2.13.so
b76b7000-b76b8000 rw-p 00002000 08:06 9961818    /lib/i386-linux-gnu/i686/cmov/libdl-2.13.so
b76b8000-b76c5000 r-xp 00000000 08:06 2883828    /usr/lib/jvm/java-7-openjdk-i386/jre/lib/i386/jli/libjli.so
b76c5000-b76c6000 r--p 0000c000 08:06 2883828    /usr/lib/jvm/java-7-openjdk-i386/jre/lib/i386/jli/libjli.so
b76c6000-b76c7000 rw-p 0000d000 08:06 2883828    /usr/lib/jvm/java-7-openjdk-i386/jre/lib/i386/jli/libjli.so
b76c7000-b76dc000 r-xp 00000000 08:06 9961811    /lib/i386-linux-gnu/i686/cmov/libpthread-2.13.so
b76dc000-b76dd000 r--p 00014000 08:06 9961811    /lib/i386-linux-gnu/i686/cmov/libpthread-2.13.so
b76dd000-b76de000 rw-p 00015000 08:06 9961811    /lib/i386-linux-gnu/i686/cmov/libpthread-2.13.so
b76de000-b76e1000 rw-p 00000000 00:00 0 
b76e1000-b76e2000 r-xp 00000000 08:06 1579962    /usr/lib/i386-linux-gnu/libgthread-2.0.so.0.3200.4
b76e2000-b76e3000 r--p 00000000 08:06 1579962    /usr/lib/i386-linux-gnu/libgthread-2.0.so.0.3200.4
b76e3000-b76e4000 rw-p 00001000 08:06 1579962    /usr/lib/i386-linux-gnu/libgthread-2.0.so.0.3200.4
b76e6000-b76e8000 r--s 00012000 08:06 2365409    /usr/lib/jvm/java-7-openjdk-i386/jre/lib/ext/zipfs.jar
b76e8000-b76e9000 rw-p 00000000 00:00 0 
b76e9000-b76ea000 ---p 00000000 00:00 0 
b76ea000-b76f7000 r-xp 00000000 08:06 2883846    /usr/lib/jvm/java-7-openjdk-i386/jre/lib/i386/libverify.so
b76f7000-b76f8000 r--p 0000d000 08:06 2883846    /usr/lib/jvm/java-7-openjdk-i386/jre/lib/i386/libverify.so
b76f8000-b76f9000 rw-p 0000e000 08:06 2883846    /usr/lib/jvm/java-7-openjdk-i386/jre/lib/i386/libverify.so
b76f9000-b76fb000 rw-p 00000000 00:00 0 
b76fb000-b76fc000 r-xp 00000000 00:00 0          [vdso]
b76fc000-b7718000 r-xp 00000000 08:06 9961948    /lib/i386-linux-gnu/ld-2.13.so
b7718000-b7719000 r--p 0001b000 08:06 9961948    /lib/i386-linux-gnu/ld-2.13.so
b7719000-b771a000 rw-p 0001c000 08:06 9961948    /lib/i386-linux-gnu/ld-2.13.so
bff20000-bff21000 rwxp 00000000 00:00 0 
bff53000-bff74000 rw-p 00000000 00:00 0          [stack]

VM Arguments:
jvm_args: -Xmx1024M 
java_command: /root/android-sdk-linux/build-tools/20.0.0/lib/dx.jar --dex --num-threads=4 --output /root/Android_Libs/GalleryLib/app/build/intermediates/dex/debug /root/Android_Libs/GalleryLib/app/build/intermediates/classes/debug /root/Android_Libs/GalleryLib/app/build/intermediates/dependency-cache/debug /root/Android_Libs/GalleryLib/app/build/intermediates/pre-dexed/debug/commons-io-2.4-a52dd6576e40527b9fb2a1cdbb70970722825af7.jar /root/Android_Libs/GalleryLib/app/build/intermediates/pre-dexed/debug/support-v4-19.1.0-65ef64b9271f5bda114d6979887ae34cbcfd2164.jar /root/Android_Libs/GalleryLib/app/build/intermediates/pre-dexed/debug/bolts-554c7f630be51ddf2eb893a54cb850794e4a3b20.jar /root/Android_Libs/GalleryLib/app/build/intermediates/pre-dexed/debug/classes-49ab43ae5601c720a92ef43e7b07fa23b6543201.jar
Launcher Type: SUN_STANDARD

Environment Variables:
JAVA_HOME=/usr/lib/jvm/java-1.7.0-openjdk-i386
JRE_HOME=/usr/lib/jvm/java-1.7.0-openjdk-i386/jre
CLASSPATH=/root/Programs/android-studio/bin/../lib/bootstrap.jar:/root/Programs/android-studio/bin/../lib/extensions.jar:/root/Programs/android-studio/bin/../lib/util.jar:/root/Programs/android-studio/bin/../lib/jdom.jar:/root/Programs/android-studio/bin/../lib/log4j.jar:/root/Programs/android-studio/bin/../lib/trove4j.jar:/root/Programs/android-studio/bin/../lib/jna.jar:/etc/jdk1.8.0_05/lib/tools.jar
PATH=/usr/local/sbin:/usr/local/bin:/usr/sbin:/usr/bin:/sbin:/bin:/root/bin:/usr/lib/jvm/java-1.7.0-openjdk-i386/bin:/root/bin:/usr/lib/jvm/java-1.7.0-openjdk-i386/jre/bin
USERNAME=root
LD_LIBRARY_PATH=/root/Programs/android-studio/bin:
SHELL=/bin/bash
DISPLAY=:0

Signal Handlers:
SIGSEGV: [libjvm.so+0x803290], sa_mask[0]=0x7ffbfeff, sa_flags=0x10000004
SIGBUS: [libjvm.so+0x803290], sa_mask[0]=0x7ffbfeff, sa_flags=0x10000004
SIGFPE: [libjvm.so+0x67c600], sa_mask[0]=0x7ffbfeff, sa_flags=0x10000004
SIGPIPE: [libjvm.so+0x67c600], sa_mask[0]=0x7ffbfeff, sa_flags=0x10000004
SIGXFSZ: [libjvm.so+0x67c600], sa_mask[0]=0x7ffbfeff, sa_flags=0x10000004
SIGILL: [libjvm.so+0x67c600], sa_mask[0]=0x7ffbfeff, sa_flags=0x10000004
SIGUSR1: SIG_DFL, sa_mask[0]=0x00000000, sa_flags=0x00000000
SIGUSR2: [libjvm.so+0x67c740], sa_mask[0]=0x00000004, sa_flags=0x10000004
SIGHUP: [libjvm.so+0x67cb90], sa_mask[0]=0x7ffbfeff, sa_flags=0x10000004
SIGINT: [libjvm.so+0x67cb90], sa_mask[0]=0x7ffbfeff, sa_flags=0x10000004
SIGTERM: [libjvm.so+0x67cb90], sa_mask[0]=0x7ffbfeff, sa_flags=0x10000004
SIGQUIT: [libjvm.so+0x67cb90], sa_mask[0]=0x7ffbfeff, sa_flags=0x10000004
SIGTRAP: SIG_DFL, sa_mask[0]=0x00000000, sa_flags=0x00000000


---------------  S Y S T E M  ---------------

OS:7.6

uname:Linux 3.2.0-4-686-pae #1 SMP Debian 3.2.60-1+deb7u3 i686
libc:glibc 2.13 NPTL 2.13 
rlimit: STACK 8192k, CORE 0k, NPROC 31196, NOFILE 4096, AS infinity
load average:5,86 5,84 5,05

/proc/meminfo:
MemTotal:        4003488 kB
MemFree:          166316 kB
Buffers:            7148 kB
Cached:           109156 kB
SwapCached:            0 kB
Active:          3671388 kB
Inactive:          64560 kB
Active(anon):    3620784 kB
Inactive(anon):    32044 kB
Active(file):      50604 kB
Inactive(file):    32516 kB
Unevictable:         136 kB
Mlocked:             136 kB
HighTotal:       3142768 kB
HighFree:           7164 kB
LowTotal:         860720 kB
LowFree:          159152 kB
SwapTotal:             0 kB
SwapFree:              0 kB
Dirty:               180 kB
Writeback:            44 kB
AnonPages:       3620124 kB
Mapped:            83800 kB
Shmem:             33008 kB
Slab:              37232 kB
SReclaimable:      15528 kB
SUnreclaim:        21704 kB
KernelStack:        5240 kB
PageTables:        22092 kB
NFS_Unstable:          0 kB
Bounce:                0 kB
WritebackTmp:          0 kB
CommitLimit:     2001744 kB
Committed_AS:    7156072 kB
VmallocTotal:     122880 kB
VmallocUsed:       52096 kB
VmallocChunk:      66304 kB
HardwareCorrupted:     0 kB
AnonHugePages:         0 kB
HugePages_Total:       0
HugePages_Free:        0
HugePages_Rsvd:        0
HugePages_Surp:        0
Hugepagesize:       2048 kB
DirectMap4k:        8184 kB
DirectMap2M:      903168 kB


CPU:total 4 (2 cores per cpu, 2 threads per core) family 6 model 37 stepping 2, cmov, cx8, fxsr, mmx, sse, sse2, sse3, ssse3, sse4.1, sse4.2, popcnt, ht, tsc, tscinvbit

/proc/cpuinfo:
processor	: 0
vendor_id	: GenuineIntel
cpu family	: 6
model		: 37
model name	: Intel(R) Core(TM) i3 CPU       M 330  @ 2.13GHz
stepping	: 2
microcode	: 0x9
cpu MHz		: 2133.000
cache size	: 3072 KB
physical id	: 0
siblings	: 4
core id		: 0
cpu cores	: 2
apicid		: 0
initial apicid	: 0
fdiv_bug	: no
hlt_bug		: no
f00f_bug	: no
coma_bug	: no
fpu		: yes
fpu_exception	: yes
cpuid level	: 11
wp		: yes
flags		: fpu vme de pse tsc msr pae mce cx8 apic sep mtrr pge mca cmov pat pse36 clflush dts acpi mmx fxsr sse sse2 ss ht tm pbe nx rdtscp lm constant_tsc arch_perfmon pebs bts xtopology nonstop_tsc aperfmperf pni dtes64 monitor ds_cpl vmx est tm2 ssse3 cx16 xtpr pdcm sse4_1 sse4_2 popcnt lahf_lm arat dtherm tpr_shadow vnmi flexpriority ept vpid
bogomips	: 4256.66
clflush size	: 64
cache_alignment	: 64
address sizes	: 36 bits physical, 48 bits virtual
power management:

processor	: 1
vendor_id	: GenuineIntel
cpu family	: 6
model		: 37
model name	: Intel(R) Core(TM) i3 CPU       M 330  @ 2.13GHz
stepping	: 2
microcode	: 0x9
cpu MHz		: 2133.000
cache size	: 3072 KB
physical id	: 0
siblings	: 4
core id		: 0
cpu cores	: 2
apicid		: 1
initial apicid	: 1
fdiv_bug	: no
hlt_bug		: no
f00f_bug	: no
coma_bug	: no
fpu		: yes
fpu_exception	: yes
cpuid level	: 11
wp		: yes
flags		: fpu vme de pse tsc msr pae mce cx8 apic sep mtrr pge mca cmov pat pse36 clflush dts acpi mmx fxsr sse sse2 ss ht tm pbe nx rdtscp lm constant_tsc arch_perfmon pebs bts xtopology nonstop_tsc aperfmperf pni dtes64 monitor ds_cpl vmx est tm2 ssse3 cx16 xtpr pdcm sse4_1 sse4_2 popcnt lahf_lm arat dtherm tpr_shadow vnmi flexpriority ept vpid
bogomips	: 4256.66
clflush size	: 64
cache_alignment	: 64
address sizes	: 36 bits physical, 48 bits virtual
power management:

processor	: 2
vendor_id	: GenuineIntel
cpu family	: 6
model		: 37
model name	: Intel(R) Core(TM) i3 CPU       M 330  @ 2.13GHz
stepping	: 2
microcode	: 0x9
cpu MHz		: 2133.000
cache size	: 3072 KB
physical id	: 0
siblings	: 4
core id		: 2
cpu cores	: 2
apicid		: 4
initial apicid	: 4
fdiv_bug	: no
hlt_bug		: no
f00f_bug	: no
coma_bug	: no
fpu		: yes
fpu_exception	: yes
cpuid level	: 11
wp		: yes
flags		: fpu vme de pse tsc msr pae mce cx8 apic sep mtrr pge mca cmov pat pse36 clflush dts acpi mmx fxsr sse sse2 ss ht tm pbe nx rdtscp lm constant_tsc arch_perfmon pebs bts xtopology nonstop_tsc aperfmperf pni dtes64 monitor ds_cpl vmx est tm2 ssse3 cx16 xtpr pdcm sse4_1 sse4_2 popcnt lahf_lm arat dtherm tpr_shadow vnmi flexpriority ept vpid
bogomips	: 4256.68
clflush size	: 64
cache_alignment	: 64
address sizes	: 36 bits physical, 48 bits virtual
power management:

processor	: 3
vendor_id	: GenuineIntel
cpu family	: 6
model		: 37
model name	: Intel(R) Core(TM) i3 CPU       M 330  @ 2.13GHz
stepping	: 2
microcode	: 0x9
cpu MHz		: 2133.000
cache size	: 3072 KB
physical id	: 0
siblings	: 4
core id		: 2
cpu cores	: 2
apicid		: 5
initial apicid	: 5
fdiv_bug	: no
hlt_bug		: no
f00f_bug	: no
coma_bug	: no
fpu		: yes
fpu_exception	: yes
cpuid level	: 11
wp		: yes
flags		: fpu vme de pse tsc msr pae mce cx8 apic sep mtrr pge mca cmov pat pse36 clflush dts acpi mmx fxsr sse sse2 ss ht tm pbe nx rdtscp lm constant_tsc arch_perfmon pebs bts xtopology nonstop_tsc aperfmperf pni dtes64 monitor ds_cpl vmx est tm2 ssse3 cx16 xtpr pdcm sse4_1 sse4_2 popcnt lahf_lm arat dtherm tpr_shadow vnmi flexpriority ept vpid
bogomips	: 4256.68
clflush size	: 64
cache_alignment	: 64
address sizes	: 36 bits physical, 48 bits virtual
power management:



Memory: 4k page, physical 4003488k(166316k free), swap 0k(0k free)

vm_info: OpenJDK Server VM (24.65-b04) for linux-x86 JRE (1.7.0_65-b32), built on Aug 31 2014 11:50:40 by "buildd" with gcc 4.7.2

time: Thu Sep  4 14:26:21 2014
elapsed time: 7 seconds

