#
# There is insufficient memory for the Java Runtime Environment to continue.
# Native memory allocation (malloc) failed to allocate 30408704 bytes for committing reserved memory.
# Possible reasons:
#   The system is out of physical RAM or swap space
#   In 32 bit mode, the process size limit was hit
# Possible solutions:
#   Reduce memory load on the system
#   Increase physical memory or swap space
#   Check if swap backing store is full
#   Use 64 bit Java on a 64 bit OS
#   Decrease Java heap size (-Xmx/-Xms)
#   Decrease number of Java threads
#   Decrease Java thread stack sizes (-Xss)
#   Set larger code cache with -XX:ReservedCodeCacheSize=
# This output file may be truncated or incomplete.
#
#  Out of Memory Error (os_linux.cpp:2798), pid=12828, tid=1749089136
#
# JRE version: OpenJDK Runtime Environment (7.0_65-b32) (build 1.7.0_65-b32)
# Java VM: OpenJDK Server VM (24.65-b04 mixed mode linux-x86 )
# Failed to write core dump. Core dumps have been disabled. To enable core dumping, try "ulimit -c unlimited" before starting Java again
#

---------------  T H R E A D  ---------------

Current thread (0x09ebf400):  VMThread [stack: 0x6838f000,0x68410000] [id=12874]

Stack: [0x6838f000,0x68410000]
[error occurred during error reporting (printing stack bounds), id 0xb]


[error occurred during error reporting (printing native stack), id 0xb]

VM_Operation (0xb668e9a8): ParallelGCFailedAllocation, mode: safepoint, requested by thread 0x09d46c00


---------------  P R O C E S S  ---------------

Java Threads: ( => current thread )
  0x09edf000 JavaThread "Service Thread" daemon [_thread_blocked, id=12894, stack(0x67fd7000,0x68028000)]
  0x09edc800 JavaThread "C2 CompilerThread1" daemon [_thread_blocked, id=12893, stack(0x68028000,0x680a9000)]
  0x09eda800 JavaThread "C2 CompilerThread0" daemon [_thread_blocked, id=12892, stack(0x680a9000,0x6812a000)]
  0x09ed8c00 JavaThread "Signal Dispatcher" daemon [_thread_blocked, id=12891, stack(0x6812a000,0x6817b000)]
  0x09ec7000 JavaThread "Finalizer" daemon [_thread_blocked, id=12881, stack(0x682ed000,0x6833e000)]
  0x09ec2000 JavaThread "Reference Handler" daemon [_thread_blocked, id=12878, stack(0x6833e000,0x6838f000)]
  0x09d46c00 JavaThread "main" [_thread_blocked, id=12861, stack(0xb663f000,0xb6690000)]

Other Threads:
=>0x09ebf400 VMThread [stack: 0x6838f000,0x68410000] [id=12874]
  0x09ee0c00 WatcherThread [stack: 0x67f56000,0x67fd7000] [id=12895]

VM state:at safepoint (normal execution)

VM Mutex/Monitor currently owned by a thread:  ([mutex/lock_event])
[0x09d443f8] Threads_lock - owner thread: 0x09ebf400
[0x09d44808] Heap_lock - owner thread: 0x09d46c00

Heap
 PSYoungGen      total 132864K, used 82683K [0x9df40000, 0xabec0000, 0xb34c0000)
  eden space 50176K, 0% used [0x9df40000,0x9df40000,0xa1040000)
  from space 82688K, 99% used [0xa6e00000,0xabebed80,0xabec0000)
  to   space 71936K, 0% used [0xa1040000,0xa1040000,0xa5680000)
 ParOldGen       total 126464K, used 79720K [0x734c0000, 0x7b040000, 0x9df40000)
  object space 126464K, 63% used [0x734c0000,0x7829a250,0x7b040000)
 PSPermGen       total 16384K, used 3683K [0x6b4c0000, 0x6c4c0000, 0x734c0000)
  object space 16384K, 22% used [0x6b4c0000,0x6b858cf8,0x6c4c0000)

Card table byte_map: [0x6b27f000,0x6b4c0000] byte_map_base: 0x6af24a00

Polling page: 0xb77be000

Code Cache  [0xb35bf000, 0xb37ff000, 0xb65bf000)
 total_blobs=629 nmethods=510 adapters=73 free_code_cache=47554Kb largest_free_block=48649472

Compilation events (10 events):
Event: 20,885 Thread 0x09edc800 nmethod 508 0xb3742848 code [0xb3742940, 0xb37429d0]
Event: 20,885 Thread 0x09eda800 nmethod 507 0xb3715408 code [0xb3715500, 0xb3715590]
Event: 20,896 Thread 0x09eda800  509             com.android.dx.ssa.DeadCodeRemover::run (194 bytes)
Event: 20,985 Thread 0x09edc800  510             com.android.dx.dex.code.RopTranslator$TranslationVisitor::getNextMoveResultPseudo (55 bytes)
Event: 20,990 Thread 0x09edc800 nmethod 510 0xb3743708 code [0xb3743840, 0xb3743a70]
Event: 20,990 Thread 0x09edc800  511             com.android.dx.dex.code.RopTranslator::access$600 (6 bytes)
Event: 20,990 Thread 0x09edc800 nmethod 511 0xb37390c8 code [0xb37391c0, 0xb373921c]
Event: 21,461 Thread 0x09edc800  512             com.android.dx.rop.code.RegisterSpecList::getType (12 bytes)
Event: 21,463 Thread 0x09edc800 nmethod 512 0xb3743348 code [0xb3743440, 0xb3743530]
Event: 21,589 Thread 0x09eda800 nmethod 509 0xb37520c8 code [0xb3752580, 0xb3754ac4]

GC Heap History (10 events):
Event: 12,498 GC heap after
Heap after GC invocations=7 (full 2):
 PSYoungGen      total 66048K, used 0K [0x9df40000, 0xa5dc0000, 0xb34c0000)
  eden space 63488K, 0% used [0x9df40000,0x9df40000,0xa1d40000)
  from space 2560K, 0% used [0xa1d40000,0xa1d40000,0xa1fc0000)
  to   space 32768K, 0% used [0xa3dc0000,0xa3dc0000,0xa5dc0000)
 ParOldGen       total 126464K, used 47394K [0x734c0000, 0x7b040000, 0x9df40000)
  object space 126464K, 37% used [0x734c0000,0x76308990,0x7b040000)
 PSPermGen       total 16384K, used 3677K [0x6b4c0000, 0x6c4c0000, 0x734c0000)
  object space 16384K, 22% used [0x6b4c0000,0x6b8576f0,0x6c4c0000)
}
Event: 15,444 GC heap before
{Heap before GC invocations=8 (full 2):
 PSYoungGen      total 66048K, used 63488K [0x9df40000, 0xa5dc0000, 0xb34c0000)
  eden space 63488K, 100% used [0x9df40000,0xa1d40000,0xa1d40000)
  from space 2560K, 0% used [0xa1d40000,0xa1d40000,0xa1fc0000)
  to   space 32768K, 0% used [0xa3dc0000,0xa3dc0000,0xa5dc0000)
 ParOldGen       total 126464K, used 47394K [0x734c0000, 0x7b040000, 0x9df40000)
  object space 126464K, 37% used [0x734c0000,0x76308990,0x7b040000)
 PSPermGen       total 16384K, used 3682K [0x6b4c0000, 0x6c4c0000, 0x734c0000)
  object space 16384K, 22% used [0x6b4c0000,0x6b858818,0x6c4c0000)
Event: 15,570 GC heap after
Heap after GC invocations=8 (full 2):
 PSYoungGen      total 83456K, used 32766K [0x9df40000, 0xa8580000, 0xb34c0000)
  eden space 50688K, 0% used [0x9df40000,0x9df40000,0xa10c0000)
  from space 32768K, 99% used [0xa3dc0000,0xa5dbfb98,0xa5dc0000)
  to   space 46080K, 0% used [0xa10c0000,0xa10c0000,0xa3dc0000)
 ParOldGen       total 126464K, used 57786K [0x734c0000, 0x7b040000, 0x9df40000)
  object space 126464K, 45% used [0x734c0000,0x76d2e990,0x7b040000)
 PSPermGen       total 16384K, used 3682K [0x6b4c0000, 0x6c4c0000, 0x734c0000)
  object space 16384K, 22% used [0x6b4c0000,0x6b858818,0x6c4c0000)
}
Event: 16,713 GC heap before
{Heap before GC invocations=9 (full 2):
 PSYoungGen      total 83456K, used 83454K [0x9df40000, 0xa8580000, 0xb34c0000)
  eden space 50688K, 100% used [0x9df40000,0xa10c0000,0xa10c0000)
  from space 32768K, 99% used [0xa3dc0000,0xa5dbfb98,0xa5dc0000)
  to   space 46080K, 0% used [0xa10c0000,0xa10c0000,0xa3dc0000)
 ParOldGen       total 126464K, used 57786K [0x734c0000, 0x7b040000, 0x9df40000)
  object space 126464K, 45% used [0x734c0000,0x76d2e990,0x7b040000)
 PSPermGen       total 16384K, used 3682K [0x6b4c0000, 0x6c4c0000, 0x734c0000)
  object space 16384K, 22% used [0x6b4c0000,0x6b858938,0x6c4c0000)
Event: 17,111 GC heap after
Heap after GC invocations=9 (full 2):
 PSYoungGen      total 96768K, used 40448K [0x9df40000, 0xa8a80000, 0xb34c0000)
  eden space 50688K, 0% used [0x9df40000,0x9df40000,0xa10c0000)
  from space 46080K, 87% used [0xa10c0000,0xa3840370,0xa3dc0000)
  to   space 53248K, 0% used [0xa5680000,0xa5680000,0xa8a80000)
 ParOldGen       total 126464K, used 57786K [0x734c0000, 0x7b040000, 0x9df40000)
  object space 126464K, 45% used [0x734c0000,0x76d2e990,0x7b040000)
 PSPermGen       total 16384K, used 3682K [0x6b4c0000, 0x6c4c0000, 0x734c0000)
  object space 16384K, 22% used [0x6b4c0000,0x6b858938,0x6c4c0000)
}
Event: 19,350 GC heap before
{Heap before GC invocations=10 (full 2):
 PSYoungGen      total 96768K, used 91136K [0x9df40000, 0xa8a80000, 0xb34c0000)
  eden space 50688K, 100% used [0x9df40000,0xa10c0000,0xa10c0000)
  from space 46080K, 87% used [0xa10c0000,0xa3840370,0xa3dc0000)
  to   space 53248K, 0% used [0xa5680000,0xa5680000,0xa8a80000)
 ParOldGen       total 126464K, used 57786K [0x734c0000, 0x7b040000, 0x9df40000)
  object space 126464K, 45% used [0x734c0000,0x76d2e990,0x7b040000)
 PSPermGen       total 16384K, used 3682K [0x6b4c0000, 0x6c4c0000, 0x734c0000)
  object space 16384K, 22% used [0x6b4c0000,0x6b858948,0x6c4c0000)
Event: 19,529 GC heap after
Heap after GC invocations=10 (full 2):
 PSYoungGen      total 103424K, used 53242K [0x9df40000, 0xaaf40000, 0xb34c0000)
  eden space 50176K, 0% used [0x9df40000,0x9df40000,0xa1040000)
  from space 53248K, 99% used [0xa5680000,0xa8a7e818,0xa8a80000)
  to   space 71936K, 0% used [0xa1040000,0xa1040000,0xa5680000)
 ParOldGen       total 126464K, used 77583K [0x734c0000, 0x7b040000, 0x9df40000)
  object space 126464K, 61% used [0x734c0000,0x78083db8,0x7b040000)
 PSPermGen       total 16384K, used 3682K [0x6b4c0000, 0x6c4c0000, 0x734c0000)
  object space 16384K, 22% used [0x6b4c0000,0x6b858948,0x6c4c0000)
}
Event: 20,238 GC heap before
{Heap before GC invocations=11 (full 2):
 PSYoungGen      total 103424K, used 103418K [0x9df40000, 0xaaf40000, 0xb34c0000)
  eden space 50176K, 100% used [0x9df40000,0xa1040000,0xa1040000)
  from space 53248K, 99% used [0xa5680000,0xa8a7e818,0xa8a80000)
  to   space 71936K, 0% used [0xa1040000,0xa1040000,0xa5680000)
 ParOldGen       total 126464K, used 77583K [0x734c0000, 0x7b040000, 0x9df40000)
  object space 126464K, 61% used [0x734c0000,0x78083db8,0x7b040000)
 PSPermGen       total 16384K, used 3682K [0x6b4c0000, 0x6c4c0000, 0x734c0000)
  object space 16384K, 22% used [0x6b4c0000,0x6b858948,0x6c4c0000)
Event: 20,377 GC heap after
Heap after GC invocations=11 (full 2):
 PSYoungGen      total 122112K, used 66922K [0x9df40000, 0xabec0000, 0xb34c0000)
  eden space 50176K, 0% used [0x9df40000,0x9df40000,0xa1040000)
  from space 71936K, 93% used [0xa1040000,0xa519aa30,0xa5680000)
  to   space 82688K, 0% used [0xa6e00000,0xa6e00000,0xabec0000)
 ParOldGen       total 126464K, used 77583K [0x734c0000, 0x7b040000, 0x9df40000)
  object space 126464K, 61% used [0x734c0000,0x78083db8,0x7b040000)
 PSPermGen       total 16384K, used 3682K [0x6b4c0000, 0x6c4c0000, 0x734c0000)
  object space 16384K, 22% used [0x6b4c0000,0x6b858948,0x6c4c0000)
}
Event: 21,956 GC heap before
{Heap before GC invocations=12 (full 2):
 PSYoungGen      total 122112K, used 117098K [0x9df40000, 0xabec0000, 0xb34c0000)
  eden space 50176K, 100% used [0x9df40000,0xa1040000,0xa1040000)
  from space 71936K, 93% used [0xa1040000,0xa519aa30,0xa5680000)
  to   space 82688K, 0% used [0xa6e00000,0xa6e00000,0xabec0000)
 ParOldGen       total 126464K, used 77583K [0x734c0000, 0x7b040000, 0x9df40000)
  object space 126464K, 61% used [0x734c0000,0x78083db8,0x7b040000)
 PSPermGen       total 16384K, used 3683K [0x6b4c0000, 0x6c4c0000, 0x734c0000)
  object space 16384K, 22% used [0x6b4c0000,0x6b858cf8,0x6c4c0000)

Deoptimization events (10 events):
Event: 1,712 Thread 0x09d46c00 Uncommon trap: reason=unreached action=reinterpret pc=0xb362533c method=com.android.dx.ssa.SsaRenamer$BlockRenamer.addMapping(ILcom/android/dx/rop/code/RegisterSpec;)V @ 66
Event: 2,724 Thread 0x09d46c00 Uncommon trap: reason=null_check action=make_not_entrant pc=0xb362acc0 method=com.android.dx.rop.code.LocalItem.equals(Ljava/lang/Object;)Z @ 1
Event: 10,921 Thread 0x09d46c00 Uncommon trap: reason=class_check action=maybe_recompile pc=0xb363f184 method=com.android.dx.ssa.SsaConverter.placePhiFunctions(Lcom/android/dx/ssa/SsaMethod;Lcom/android/dx/ssa/LocalVariableInfo;I)V @ 257
Event: 11,766 Thread 0x09d46c00 Uncommon trap: reason=unloaded action=reinterpret pc=0xb361e700 method=com.android.dx.ssa.SetFactory.makeLivenessSet(I)Lcom/android/dx/util/IntSet; @ 18
Event: 11,783 Thread 0x09d46c00 Uncommon trap: reason=class_check action=maybe_recompile pc=0xb36a3118 method=com.android.dx.ssa.back.InterferenceGraph.add(II)V @ 19
Event: 11,783 Thread 0x09d46c00 Uncommon trap: reason=class_check action=maybe_recompile pc=0xb36a3118 method=com.android.dx.ssa.back.InterferenceGraph.add(II)V @ 19
Event: 11,783 Thread 0x09d46c00 Uncommon trap: reason=class_check action=maybe_recompile pc=0xb36a3118 method=com.android.dx.ssa.back.InterferenceGraph.add(II)V @ 19
Event: 11,783 Thread 0x09d46c00 Uncommon trap: reason=class_check action=maybe_recompile pc=0xb36a3118 method=com.android.dx.ssa.back.InterferenceGraph.add(II)V @ 19
Event: 15,906 Thread 0x09d46c00 Uncommon trap: reason=class_check action=maybe_recompile pc=0xb363f184 method=com.android.dx.ssa.SsaConverter.placePhiFunctions(Lcom/android/dx/ssa/SsaMethod;Lcom/android/dx/ssa/LocalVariableInfo;I)V @ 257
Event: 19,719 Thread 0x09d46c00 Uncommon trap: reason=class_check action=maybe_recompile pc=0xb363f184 method=com.android.dx.ssa.SsaConverter.placePhiFunctions(Lcom/android/dx/ssa/SsaMethod;Lcom/android/dx/ssa/LocalVariableInfo;I)V @ 257

Internal exceptions (10 events):
Event: 1,063 Thread 0x09d46c00 Threw 0x9e806a60 at /build/openjdk-7-rwEUZs/openjdk-7-7u65-2.5.1/build/openjdk/hotspot/src/share/vm/prims/jvm.cpp:1247
Event: 1,069 Thread 0x09d46c00 Threw 0x9e815410 at /build/openjdk-7-rwEUZs/openjdk-7-7u65-2.5.1/build/openjdk/hotspot/src/share/vm/prims/jvm.cpp:1247
Event: 1,069 Thread 0x09d46c00 Threw 0x9e817ff0 at /build/openjdk-7-rwEUZs/openjdk-7-7u65-2.5.1/build/openjdk/hotspot/src/share/vm/prims/jvm.cpp:1247
Event: 1,118 Thread 0x09d46c00 Threw 0x9e862918 at /build/openjdk-7-rwEUZs/openjdk-7-7u65-2.5.1/build/openjdk/hotspot/src/share/vm/prims/jvm.cpp:1247
Event: 1,119 Thread 0x09d46c00 Threw 0x9e8651c8 at /build/openjdk-7-rwEUZs/openjdk-7-7u65-2.5.1/build/openjdk/hotspot/src/share/vm/prims/jvm.cpp:1247
Event: 1,120 Thread 0x09d46c00 Threw 0x9e868060 at /build/openjdk-7-rwEUZs/openjdk-7-7u65-2.5.1/build/openjdk/hotspot/src/share/vm/prims/jvm.cpp:1247
Event: 1,221 Thread 0x09d46c00 Threw 0x9e9016c0 at /build/openjdk-7-rwEUZs/openjdk-7-7u65-2.5.1/build/openjdk/hotspot/src/share/vm/prims/jvm.cpp:1247
Event: 6,102 Thread 0x09d46c00 Threw 0x9e55e410 at /build/openjdk-7-rwEUZs/openjdk-7-7u65-2.5.1/build/openjdk/hotspot/src/share/vm/prims/jvm.cpp:1247
Event: 10,921 Thread 0x09d46c00 Threw 0x9f08fb58 at /build/openjdk-7-rwEUZs/openjdk-7-7u65-2.5.1/build/openjdk/hotspot/src/share/vm/prims/jvm.cpp:1247
Event: 11,008 Thread 0x09d46c00 Threw 0x9f1c5580 at /build/openjdk-7-rwEUZs/openjdk-7-7u65-2.5.1/build/openjdk/hotspot/src/share/vm/prims/jvm.cpp:1247

Events (10 events):
Event: 19,533 Executing VM operation: RevokeBias
Event: 19,534 Executing VM operation: RevokeBias done
Event: 19,534 Executing VM operation: RevokeBias
Event: 19,535 Executing VM operation: RevokeBias done
Event: 19,719 Thread 0x09d46c00 Uncommon trap: trap_request=0xffffffde fr.pc=0xb363f184
Event: 19,719 Thread 0x09d46c00 DEOPT PACKING pc=0xb363f184 sp=0xb668eb10
Event: 19,719 Thread 0x09d46c00 DEOPT UNPACKING pc=0xb35ebbc8 sp=0xb668eb18 mode 2
Event: 20,238 Executing VM operation: ParallelGCFailedAllocation
Event: 20,377 Executing VM operation: ParallelGCFailedAllocation done
Event: 21,955 Executing VM operation: ParallelGCFailedAllocation


Dynamic libraries:
08048000-08049000 r-xp 00000000 08:06 1574961    /usr/lib/jvm/java-7-openjdk-i386/jre/bin/java
08049000-0804a000 r--p 00000000 08:06 1574961    /usr/lib/jvm/java-7-openjdk-i386/jre/bin/java
0804a000-0804b000 rw-p 00001000 08:06 1574961    /usr/lib/jvm/java-7-openjdk-i386/jre/bin/java
09d3d000-0aa0b000 rw-p 00000000 00:00 0          [heap]
67800000-678fe000 rw-p 00000000 00:00 0 
678fe000-67900000 ---p 00000000 00:00 0 
67900000-679e2000 rw-p 00000000 00:00 0 
679e2000-67a00000 ---p 00000000 00:00 0 
67a00000-67afe000 rw-p 00000000 00:00 0 
67afe000-67b00000 ---p 00000000 00:00 0 
67b9a000-67bd7000 r-xp 00000000 08:06 9961677    /lib/i386-linux-gnu/libpcre.so.3.13.1
67bd7000-67bd8000 rw-p 0003c000 08:06 9961677    /lib/i386-linux-gnu/libpcre.so.3.13.1
67bd8000-67be0000 r-xp 00000000 08:06 1579712    /usr/lib/i386-linux-gnu/libffi.so.5.0.10
67be0000-67be1000 rw-p 00008000 08:06 1579712    /usr/lib/i386-linux-gnu/libffi.so.5.0.10
67be1000-67bf1000 r-xp 00000000 08:06 9961830    /lib/i386-linux-gnu/i686/cmov/libresolv-2.13.so
67bf1000-67bf2000 r--p 00010000 08:06 9961830    /lib/i386-linux-gnu/i686/cmov/libresolv-2.13.so
67bf2000-67bf3000 rw-p 00011000 08:06 9961830    /lib/i386-linux-gnu/i686/cmov/libresolv-2.13.so
67bf3000-67bf5000 rw-p 00000000 00:00 0 
67bf5000-67c13000 r-xp 00000000 08:06 9961694    /lib/i386-linux-gnu/libselinux.so.1
67c13000-67c14000 r--p 0001d000 08:06 9961694    /lib/i386-linux-gnu/libselinux.so.1
67c14000-67c15000 rw-p 0001e000 08:06 9961694    /lib/i386-linux-gnu/libselinux.so.1
67c15000-67d10000 r-xp 00000000 08:06 9961611    /lib/i386-linux-gnu/libglib-2.0.so.0.3200.4
67d10000-67d11000 r--p 000fa000 08:06 9961611    /lib/i386-linux-gnu/libglib-2.0.so.0.3200.4
67d11000-67d12000 rw-p 000fb000 08:06 9961611    /lib/i386-linux-gnu/libglib-2.0.so.0.3200.4
67d12000-67d62000 r-xp 00000000 08:06 1579819    /usr/lib/i386-linux-gnu/libgobject-2.0.so.0.3200.4
67d62000-67d63000 r--p 00050000 08:06 1579819    /usr/lib/i386-linux-gnu/libgobject-2.0.so.0.3200.4
67d63000-67d64000 rw-p 00051000 08:06 1579819    /usr/lib/i386-linux-gnu/libgobject-2.0.so.0.3200.4
67d64000-67ebf000 r-xp 00000000 08:06 1579793    /usr/lib/i386-linux-gnu/libgio-2.0.so.0.3200.4
67ebf000-67ec0000 ---p 0015b000 08:06 1579793    /usr/lib/i386-linux-gnu/libgio-2.0.so.0.3200.4
67ec0000-67ec2000 r--p 0015b000 08:06 1579793    /usr/lib/i386-linux-gnu/libgio-2.0.so.0.3200.4
67ec2000-67ec3000 rw-p 0015d000 08:06 1579793    /usr/lib/i386-linux-gnu/libgio-2.0.so.0.3200.4
67ec3000-67ec4000 rw-p 00000000 00:00 0 
67edc000-67ef3000 r-xp 00000000 08:06 2883845    /usr/lib/jvm/java-7-openjdk-i386/jre/lib/i386/libnet.so
67ef3000-67ef4000 r--p 00016000 08:06 2883845    /usr/lib/jvm/java-7-openjdk-i386/jre/lib/i386/libnet.so
67ef4000-67ef5000 rw-p 00017000 08:06 2883845    /usr/lib/jvm/java-7-openjdk-i386/jre/lib/i386/libnet.so
67ef5000-67f06000 r-xp 00000000 08:06 2883824    /usr/lib/jvm/java-7-openjdk-i386/jre/lib/i386/libnio.so
67f06000-67f07000 r--p 00010000 08:06 2883824    /usr/lib/jvm/java-7-openjdk-i386/jre/lib/i386/libnio.so
67f07000-67f08000 rw-p 00011000 08:06 2883824    /usr/lib/jvm/java-7-openjdk-i386/jre/lib/i386/libnio.so
67f08000-67f56000 r--s 002aa000 08:06 12195849   /root/Android_Libs/GalleryLib/app/build/intermediates/exploded-aar/com.google.android.gms/play-services/5.2.08/classes.jar
67f56000-67f57000 ---p 00000000 00:00 0 
67f57000-67fd7000 rw-p 00000000 00:00 0 
67fd7000-67fda000 ---p 00000000 00:00 0 
67fda000-68028000 rw-p 00000000 00:00 0 
68028000-6802b000 ---p 00000000 00:00 0 
6802b000-680a9000 rw-p 00000000 00:00 0 
680a9000-680ac000 ---p 00000000 00:00 0 
680ac000-6812a000 rw-p 00000000 00:00 0 
6812a000-6812d000 ---p 00000000 00:00 0 
6812d000-6817b000 rw-p 00000000 00:00 0 
6817b000-682ed000 r--p 00000000 08:06 1706402    /usr/lib/locale/locale-archive
682ed000-682f0000 ---p 00000000 00:00 0 
682f0000-6833e000 rw-p 00000000 00:00 0 
6833e000-68341000 ---p 00000000 00:00 0 
68341000-6838f000 rw-p 00000000 00:00 0 
6838f000-68390000 ---p 00000000 00:00 0 
68390000-68459000 rw-p 00000000 00:00 0 
68459000-6860a000 r--s 01d21000 08:06 2365418    /usr/lib/jvm/java-7-openjdk-i386/jre/lib/rt.jar
6860a000-6aee5000 rw-p 00000000 00:00 0 
6aee5000-6aee6000 ---p 00000000 00:00 0 
6aee6000-6af66000 rw-p 00000000 00:00 0 
6af66000-6af67000 ---p 00000000 00:00 0 
6af67000-6afe7000 rw-p 00000000 00:00 0 
6afe7000-6afe8000 ---p 00000000 00:00 0 
6afe8000-6b068000 rw-p 00000000 00:00 0 
6b068000-6b069000 ---p 00000000 00:00 0 
6b069000-6b0f1000 rw-p 00000000 00:00 0 
6b0f1000-6b129000 rw-p 00000000 00:00 0 
6b129000-6b167000 rw-p 00000000 00:00 0 
6b167000-6b27f000 rw-p 00000000 00:00 0 
6b27f000-6b287000 rw-p 00000000 00:00 0 
6b287000-6b2bf000 rw-p 00000000 00:00 0 
6b2bf000-6b2fd000 rw-p 00000000 00:00 0 
6b2fd000-6b414000 rw-p 00000000 00:00 0 
6b414000-6b484000 rw-p 00000000 00:00 0 
6b484000-6b4bf000 rw-p 00000000 00:00 0 
6b4bf000-6c4c0000 rw-p 00000000 00:00 0 
6c4c0000-734c0000 rw-p 00000000 00:00 0 
734c0000-7b040000 rw-p 00000000 00:00 0 
7b040000-9df40000 rw-p 00000000 00:00 0 
9df40000-abec0000 rw-p 00000000 00:00 0 
adbc0000-b34c0000 rw-p 00000000 00:00 0 
b34c5000-b34d3000 r--s 000b4000 08:06 11013701   /root/android-sdk-linux/build-tools/20.0.0/lib/dx.jar
b34d3000-b34d5000 r--s 00012000 08:06 2365409    /usr/lib/jvm/java-7-openjdk-i386/jre/lib/ext/zipfs.jar
b34d5000-b34d8000 r--s 0000f000 08:06 2365406    /usr/lib/jvm/java-7-openjdk-i386/jre/lib/ext/pulse-java.jar
b34d8000-b34dc000 r--s 00085000 08:06 2365410    /usr/lib/jvm/java-7-openjdk-i386/jre/lib/ext/localedata.jar
b34dc000-b34dd000 r--s 00002000 08:06 2365408    /usr/lib/jvm/java-7-openjdk-i386/jre/lib/ext/dnsns.jar
b34dd000-b34e0000 r--s 00032000 08:06 2365407    /usr/lib/jvm/java-7-openjdk-i386/jre/lib/ext/sunjce_provider.jar
b34e0000-b34e1000 r--s 00007000 08:06 3284962    /usr/share/java/java-atk-wrapper.jar
b34e1000-b34e4000 r--s 0003c000 08:06 2365411    /usr/lib/jvm/java-7-openjdk-i386/jre/lib/ext/sunpkcs11.jar
b34e4000-b3508000 rw-p 00000000 00:00 0 
b3508000-b35bf000 rw-p 00000000 00:00 0 
b35bf000-b37ff000 rwxp 00000000 00:00 0 
b37ff000-b65bf000 rw-p 00000000 00:00 0 
b65bf000-b65c9000 r-xp 00000000 08:06 9961825    /lib/i386-linux-gnu/i686/cmov/libnss_files-2.13.so
b65c9000-b65ca000 r--p 00009000 08:06 9961825    /lib/i386-linux-gnu/i686/cmov/libnss_files-2.13.so
b65ca000-b65cb000 rw-p 0000a000 08:06 9961825    /lib/i386-linux-gnu/i686/cmov/libnss_files-2.13.so
b65cb000-b65d4000 r-xp 00000000 08:06 9961827    /lib/i386-linux-gnu/i686/cmov/libnss_nis-2.13.so
b65d4000-b65d5000 r--p 00008000 08:06 9961827    /lib/i386-linux-gnu/i686/cmov/libnss_nis-2.13.so
b65d5000-b65d6000 rw-p 00009000 08:06 9961827    /lib/i386-linux-gnu/i686/cmov/libnss_nis-2.13.so
b65d6000-b65e9000 r-xp 00000000 08:06 9961821    /lib/i386-linux-gnu/i686/cmov/libnsl-2.13.so
b65e9000-b65ea000 r--p 00012000 08:06 9961821    /lib/i386-linux-gnu/i686/cmov/libnsl-2.13.so
b65ea000-b65eb000 rw-p 00013000 08:06 9961821    /lib/i386-linux-gnu/i686/cmov/libnsl-2.13.so
b65eb000-b65ed000 rw-p 00000000 00:00 0 
b65ed000-b65f3000 r-xp 00000000 08:06 9961823    /lib/i386-linux-gnu/i686/cmov/libnss_compat-2.13.so
b65f3000-b65f4000 r--p 00005000 08:06 9961823    /lib/i386-linux-gnu/i686/cmov/libnss_compat-2.13.so
b65f4000-b65f5000 rw-p 00006000 08:06 9961823    /lib/i386-linux-gnu/i686/cmov/libnss_compat-2.13.so
b65f8000-b65f9000 r-xp 00000000 08:06 1579962    /usr/lib/i386-linux-gnu/libgthread-2.0.so.0.3200.4
b65f9000-b65fa000 r--p 00000000 08:06 1579962    /usr/lib/i386-linux-gnu/libgthread-2.0.so.0.3200.4
b65fa000-b65fb000 rw-p 00001000 08:06 1579962    /usr/lib/i386-linux-gnu/libgthread-2.0.so.0.3200.4
b65fb000-b6603000 r-xp 00000000 08:06 2883849    /usr/lib/jvm/java-7-openjdk-i386/jre/lib/i386/libzip.so
b6603000-b6604000 r--p 00007000 08:06 2883849    /usr/lib/jvm/java-7-openjdk-i386/jre/lib/i386/libzip.so
b6604000-b6605000 rw-p 00008000 08:06 2883849    /usr/lib/jvm/java-7-openjdk-i386/jre/lib/i386/libzip.so
b6605000-b660d000 rw-s 00000000 08:06 11802965   /tmp/hsperfdata_root/12828
b660d000-b6634000 r-xp 00000000 08:06 2883850    /usr/lib/jvm/java-7-openjdk-i386/jre/lib/i386/libjava.so
b6634000-b6635000 r--p 00026000 08:06 2883850    /usr/lib/jvm/java-7-openjdk-i386/jre/lib/i386/libjava.so
b6635000-b6636000 rw-p 00027000 08:06 2883850    /usr/lib/jvm/java-7-openjdk-i386/jre/lib/i386/libjava.so
b6636000-b663d000 r-xp 00000000 08:06 9961831    /lib/i386-linux-gnu/i686/cmov/librt-2.13.so
b663d000-b663e000 r--p 00006000 08:06 9961831    /lib/i386-linux-gnu/i686/cmov/librt-2.13.so
b663e000-b663f000 rw-p 00007000 08:06 9961831    /lib/i386-linux-gnu/i686/cmov/librt-2.13.so
b663f000-b6642000 ---p 00000000 00:00 0 
b6642000-b6690000 rw-p 00000000 00:00 0 
b6690000-b66ac000 r-xp 00000000 08:06 9961607    /lib/i386-linux-gnu/libgcc_s.so.1
b66ac000-b66ad000 rw-p 0001b000 08:06 9961607    /lib/i386-linux-gnu/libgcc_s.so.1
b66ad000-b66d1000 r-xp 00000000 08:06 9961819    /lib/i386-linux-gnu/i686/cmov/libm-2.13.so
b66d1000-b66d2000 r--p 00023000 08:06 9961819    /lib/i386-linux-gnu/i686/cmov/libm-2.13.so
b66d2000-b66d3000 rw-p 00024000 08:06 9961819    /lib/i386-linux-gnu/i686/cmov/libm-2.13.so
b66d3000-b67b3000 r-xp 00000000 08:06 1580299    /usr/lib/i386-linux-gnu/libstdc++.so.6.0.17
b67b3000-b67b7000 r--p 000e0000 08:06 1580299    /usr/lib/i386-linux-gnu/libstdc++.so.6.0.17
b67b7000-b67b8000 rw-p 000e4000 08:06 1580299    /usr/lib/i386-linux-gnu/libstdc++.so.6.0.17
b67b8000-b67bf000 rw-p 00000000 00:00 0 
b67bf000-b7186000 r-xp 00000000 08:06 2883836    /usr/lib/jvm/java-7-openjdk-i386/jre/lib/i386/server/libjvm.so
b7186000-b71db000 r--p 009c7000 08:06 2883836    /usr/lib/jvm/java-7-openjdk-i386/jre/lib/i386/server/libjvm.so
b71db000-b71ef000 rw-p 00a1c000 08:06 2883836    /usr/lib/jvm/java-7-openjdk-i386/jre/lib/i386/server/libjvm.so
b71ef000-b760d000 rw-p 00000000 00:00 0 
b760d000-b7624000 r-xp 00000000 08:06 9961726    /lib/i386-linux-gnu/libz.so.1.2.7
b7624000-b7625000 r--p 00016000 08:06 9961726    /lib/i386-linux-gnu/libz.so.1.2.7
b7625000-b7626000 rw-p 00017000 08:06 9961726    /lib/i386-linux-gnu/libz.so.1.2.7
b7626000-b7783000 r-xp 00000000 08:06 9961815    /lib/i386-linux-gnu/i686/cmov/libc-2.13.so
b7783000-b7785000 r--p 0015d000 08:06 9961815    /lib/i386-linux-gnu/i686/cmov/libc-2.13.so
b7785000-b7786000 rw-p 0015f000 08:06 9961815    /lib/i386-linux-gnu/i686/cmov/libc-2.13.so
b7786000-b7789000 rw-p 00000000 00:00 0 
b7789000-b778b000 r-xp 00000000 08:06 9961818    /lib/i386-linux-gnu/i686/cmov/libdl-2.13.so
b778b000-b778c000 r--p 00001000 08:06 9961818    /lib/i386-linux-gnu/i686/cmov/libdl-2.13.so
b778c000-b778d000 rw-p 00002000 08:06 9961818    /lib/i386-linux-gnu/i686/cmov/libdl-2.13.so
b778d000-b779a000 r-xp 00000000 08:06 2883828    /usr/lib/jvm/java-7-openjdk-i386/jre/lib/i386/jli/libjli.so
b779a000-b779b000 r--p 0000c000 08:06 2883828    /usr/lib/jvm/java-7-openjdk-i386/jre/lib/i386/jli/libjli.so
b779b000-b779c000 rw-p 0000d000 08:06 2883828    /usr/lib/jvm/java-7-openjdk-i386/jre/lib/i386/jli/libjli.so
b779c000-b77b1000 r-xp 00000000 08:06 9961811    /lib/i386-linux-gnu/i686/cmov/libpthread-2.13.so
b77b1000-b77b2000 r--p 00014000 08:06 9961811    /lib/i386-linux-gnu/i686/cmov/libpthread-2.13.so
b77b2000-b77b3000 rw-p 00015000 08:06 9961811    /lib/i386-linux-gnu/i686/cmov/libpthread-2.13.so
b77b3000-b77b6000 rw-p 00000000 00:00 0 
b77b8000-b77bb000 r-xp 00000000 08:06 1579803    /usr/lib/i386-linux-gnu/libgmodule-2.0.so.0.3200.4
b77bb000-b77bc000 r--p 00002000 08:06 1579803    /usr/lib/i386-linux-gnu/libgmodule-2.0.so.0.3200.4
b77bc000-b77bd000 rw-p 00003000 08:06 1579803    /usr/lib/i386-linux-gnu/libgmodule-2.0.so.0.3200.4
b77bd000-b77be000 rw-p 00000000 00:00 0 
b77be000-b77bf000 ---p 00000000 00:00 0 
b77bf000-b77cc000 r-xp 00000000 08:06 2883846    /usr/lib/jvm/java-7-openjdk-i386/jre/lib/i386/libverify.so
b77cc000-b77cd000 r--p 0000d000 08:06 2883846    /usr/lib/jvm/java-7-openjdk-i386/jre/lib/i386/libverify.so
b77cd000-b77ce000 rw-p 0000e000 08:06 2883846    /usr/lib/jvm/java-7-openjdk-i386/jre/lib/i386/libverify.so
b77ce000-b77d0000 rw-p 00000000 00:00 0 
b77d0000-b77d1000 r-xp 00000000 00:00 0          [vdso]
b77d1000-b77ed000 r-xp 00000000 08:06 9961948    /lib/i386-linux-gnu/ld-2.13.so
b77ed000-b77ee000 r--p 0001b000 08:06 9961948    /lib/i386-linux-gnu/ld-2.13.so
b77ee000-b77ef000 rw-p 0001c000 08:06 9961948    /lib/i386-linux-gnu/ld-2.13.so
bfe02000-bfe03000 rwxp 00000000 00:00 0 
bfe35000-bfe56000 rw-p 00000000 00:00 0          [stack]

VM Arguments:
jvm_args: -Xmx1024M 
java_command: /root/android-sdk-linux/build-tools/20.0.0/lib/dx.jar --dex --output /root/Android_Libs/GalleryLib/app/build/intermediates/pre-dexed/debug/classes-74eae18b36d32c688a4660415cec9f969f7acc7d.jar /root/Android_Libs/GalleryLib/app/build/intermediates/exploded-aar/com.google.android.gms/play-services/5.2.08/classes.jar
Launcher Type: SUN_STANDARD

Environment Variables:
JAVA_HOME=/usr/lib/jvm/java-1.7.0-openjdk-i386
JRE_HOME=/usr/lib/jvm/java-1.7.0-openjdk-i386/jre
CLASSPATH=/root/Programs/android-studio/bin/../lib/bootstrap.jar:/root/Programs/android-studio/bin/../lib/extensions.jar:/root/Programs/android-studio/bin/../lib/util.jar:/root/Programs/android-studio/bin/../lib/jdom.jar:/root/Programs/android-studio/bin/../lib/log4j.jar:/root/Programs/android-studio/bin/../lib/trove4j.jar:/root/Programs/android-studio/bin/../lib/jna.jar:/etc/jdk1.8.0_05/lib/tools.jar
PATH=/usr/local/sbin:/usr/local/bin:/usr/sbin:/usr/bin:/sbin:/bin:/root/bin:/usr/lib/jvm/java-1.7.0-openjdk-i386/bin:/root/bin:/usr/lib/jvm/java-1.7.0-openjdk-i386/jre/bin
USERNAME=root
LD_LIBRARY_PATH=/root/Programs/android-studio/bin:
SHELL=/bin/bash
DISPLAY=:0

Signal Handlers:
SIGSEGV: [libjvm.so+0x803290], sa_mask[0]=0x7ffbfeff, sa_flags=0x10000004
SIGBUS: [libjvm.so+0x803290], sa_mask[0]=0x7ffbfeff, sa_flags=0x10000004
SIGFPE: [libjvm.so+0x67c600], sa_mask[0]=0x7ffbfeff, sa_flags=0x10000004
SIGPIPE: [libjvm.so+0x67c600], sa_mask[0]=0x7ffbfeff, sa_flags=0x10000004
SIGXFSZ: [libjvm.so+0x67c600], sa_mask[0]=0x7ffbfeff, sa_flags=0x10000004
SIGILL: [libjvm.so+0x67c600], sa_mask[0]=0x7ffbfeff, sa_flags=0x10000004
SIGUSR1: SIG_DFL, sa_mask[0]=0x00000000, sa_flags=0x00000000
SIGUSR2: [libjvm.so+0x67c740], sa_mask[0]=0x00000004, sa_flags=0x10000004
SIGHUP: [libjvm.so+0x67cb90], sa_mask[0]=0x7ffbfeff, sa_flags=0x10000004
SIGINT: [libjvm.so+0x67cb90], sa_mask[0]=0x7ffbfeff, sa_flags=0x10000004
SIGTERM: [libjvm.so+0x67cb90], sa_mask[0]=0x7ffbfeff, sa_flags=0x10000004
SIGQUIT: [libjvm.so+0x67cb90], sa_mask[0]=0x7ffbfeff, sa_flags=0x10000004
SIGTRAP: SIG_DFL, sa_mask[0]=0x00000000, sa_flags=0x00000000


---------------  S Y S T E M  ---------------

OS:7.6

uname:Linux 3.2.0-4-686-pae #1 SMP Debian 3.2.60-1+deb7u3 i686
libc:glibc 2.13 NPTL 2.13 
rlimit: STACK 8192k, CORE 0k, NPROC 31196, NOFILE 4096, AS infinity
load average:7,65 3,27 2,19

/proc/meminfo:
MemTotal:        4003488 kB
MemFree:          158696 kB
Buffers:            7488 kB
Cached:           128228 kB
SwapCached:            0 kB
Active:          3644688 kB
Inactive:          90240 kB
Active(anon):    3600868 kB
Inactive(anon):    53816 kB
Active(file):      43820 kB
Inactive(file):    36424 kB
Unevictable:         136 kB
Mlocked:             136 kB
HighTotal:       3142768 kB
HighFree:           1564 kB
LowTotal:         860720 kB
LowFree:          157132 kB
SwapTotal:             0 kB
SwapFree:              0 kB
Dirty:                44 kB
Writeback:           272 kB
AnonPages:       3599632 kB
Mapped:            93584 kB
Shmem:             55072 kB
Slab:              42624 kB
SReclaimable:      19640 kB
SUnreclaim:        22984 kB
KernelStack:        5944 kB
PageTables:        23380 kB
NFS_Unstable:          0 kB
Bounce:                0 kB
WritebackTmp:          0 kB
CommitLimit:     2001744 kB
Committed_AS:    8401464 kB
VmallocTotal:     122880 kB
VmallocUsed:       52696 kB
VmallocChunk:      60524 kB
HardwareCorrupted:     0 kB
AnonHugePages:         0 kB
HugePages_Total:       0
HugePages_Free:        0
HugePages_Rsvd:        0
HugePages_Surp:        0
Hugepagesize:       2048 kB
DirectMap4k:       18424 kB
DirectMap2M:      892928 kB


CPU:total 4 (2 cores per cpu, 2 threads per core) family 6 model 37 stepping 2, cmov, cx8, fxsr, mmx, sse, sse2, sse3, ssse3, sse4.1, sse4.2, popcnt, ht, tsc, tscinvbit

/proc/cpuinfo:
processor	: 0
vendor_id	: GenuineIntel
cpu family	: 6
model		: 37
model name	: Intel(R) Core(TM) i3 CPU       M 330  @ 2.13GHz
stepping	: 2
microcode	: 0x9
cpu MHz		: 2133.000
cache size	: 3072 KB
physical id	: 0
siblings	: 4
core id		: 0
cpu cores	: 2
apicid		: 0
initial apicid	: 0
fdiv_bug	: no
hlt_bug		: no
f00f_bug	: no
coma_bug	: no
fpu		: yes
fpu_exception	: yes
cpuid level	: 11
wp		: yes
flags		: fpu vme de pse tsc msr pae mce cx8 apic sep mtrr pge mca cmov pat pse36 clflush dts acpi mmx fxsr sse sse2 ss ht tm pbe nx rdtscp lm constant_tsc arch_perfmon pebs bts xtopology nonstop_tsc aperfmperf pni dtes64 monitor ds_cpl vmx est tm2 ssse3 cx16 xtpr pdcm sse4_1 sse4_2 popcnt lahf_lm arat dtherm tpr_shadow vnmi flexpriority ept vpid
bogomips	: 4256.39
clflush size	: 64
cache_alignment	: 64
address sizes	: 36 bits physical, 48 bits virtual
power management:

processor	: 1
vendor_id	: GenuineIntel
cpu family	: 6
model		: 37
model name	: Intel(R) Core(TM) i3 CPU       M 330  @ 2.13GHz
stepping	: 2
microcode	: 0x9
cpu MHz		: 2133.000
cache size	: 3072 KB
physical id	: 0
siblings	: 4
core id		: 0
cpu cores	: 2
apicid		: 1
initial apicid	: 1
fdiv_bug	: no
hlt_bug		: no
f00f_bug	: no
coma_bug	: no
fpu		: yes
fpu_exception	: yes
cpuid level	: 11
wp		: yes
flags		: fpu vme de pse tsc msr pae mce cx8 apic sep mtrr pge mca cmov pat pse36 clflush dts acpi mmx fxsr sse sse2 ss ht tm pbe nx rdtscp lm constant_tsc arch_perfmon pebs bts xtopology nonstop_tsc aperfmperf pni dtes64 monitor ds_cpl vmx est tm2 ssse3 cx16 xtpr pdcm sse4_1 sse4_2 popcnt lahf_lm arat dtherm tpr_shadow vnmi flexpriority ept vpid
bogomips	: 4256.66
clflush size	: 64
cache_alignment	: 64
address sizes	: 36 bits physical, 48 bits virtual
power management:

processor	: 2
vendor_id	: GenuineIntel
cpu family	: 6
model		: 37
model name	: Intel(R) Core(TM) i3 CPU       M 330  @ 2.13GHz
stepping	: 2
microcode	: 0x9
cpu MHz		: 2133.000
cache size	: 3072 KB
physical id	: 0
siblings	: 4
core id		: 2
cpu cores	: 2
apicid		: 4
initial apicid	: 4
fdiv_bug	: no
hlt_bug		: no
f00f_bug	: no
coma_bug	: no
fpu		: yes
fpu_exception	: yes
cpuid level	: 11
wp		: yes
flags		: fpu vme de pse tsc msr pae mce cx8 apic sep mtrr pge mca cmov pat pse36 clflush dts acpi mmx fxsr sse sse2 ss ht tm pbe nx rdtscp lm constant_tsc arch_perfmon pebs bts xtopology nonstop_tsc aperfmperf pni dtes64 monitor ds_cpl vmx est tm2 ssse3 cx16 xtpr pdcm sse4_1 sse4_2 popcnt lahf_lm arat dtherm tpr_shadow vnmi flexpriority ept vpid
bogomips	: 4256.68
clflush size	: 64
cache_alignment	: 64
address sizes	: 36 bits physical, 48 bits virtual
power management:

processor	: 3
vendor_id	: GenuineIntel
cpu family	: 6
model		: 37
model name	: Intel(R) Core(TM) i3 CPU       M 330  @ 2.13GHz
stepping	: 2
microcode	: 0x9
cpu MHz		: 2133.000
cache size	: 3072 KB
physical id	: 0
siblings	: 4
core id		: 2
cpu cores	: 2
apicid		: 5
initial apicid	: 5
fdiv_bug	: no
hlt_bug		: no
f00f_bug	: no
coma_bug	: no
fpu		: yes
fpu_exception	: yes
cpuid level	: 11
wp		: yes
flags		: fpu vme de pse tsc msr pae mce cx8 apic sep mtrr pge mca cmov pat pse36 clflush dts acpi mmx fxsr sse sse2 ss ht tm pbe nx rdtscp lm constant_tsc arch_perfmon pebs bts xtopology nonstop_tsc aperfmperf pni dtes64 monitor ds_cpl vmx est tm2 ssse3 cx16 xtpr pdcm sse4_1 sse4_2 popcnt lahf_lm arat dtherm tpr_shadow vnmi flexpriority ept vpid
bogomips	: 4256.68
clflush size	: 64
cache_alignment	: 64
address sizes	: 36 bits physical, 48 bits virtual
power management:



Memory: 4k page, physical 4003488k(158696k free), swap 0k(0k free)

vm_info: OpenJDK Server VM (24.65-b04) for linux-x86 JRE (1.7.0_65-b32), built on Aug 31 2014 11:50:40 by "buildd" with gcc 4.7.2

time: Thu Sep 11 14:05:26 2014
elapsed time: 25 seconds

