#
# There is insufficient memory for the Java Runtime Environment to continue.
# Native memory allocation (malloc) failed to allocate 56885248 bytes for committing reserved memory.
# Possible reasons:
#   The system is out of physical RAM or swap space
#   In 32 bit mode, the process size limit was hit
# Possible solutions:
#   Reduce memory load on the system
#   Increase physical memory or swap space
#   Check if swap backing store is full
#   Use 64 bit Java on a 64 bit OS
#   Decrease Java heap size (-Xmx/-Xms)
#   Decrease number of Java threads
#   Decrease Java thread stack sizes (-Xss)
#   Set larger code cache with -XX:ReservedCodeCacheSize=
# This output file may be truncated or incomplete.
#
#  Out of Memory Error (os_linux.cpp:2798), pid=11165, tid=1609628528
#
# JRE version: OpenJDK Runtime Environment (7.0_65-b32) (build 1.7.0_65-b32)
# Java VM: OpenJDK Server VM (24.65-b04 mixed mode linux-x86 )
# Failed to write core dump. Core dumps have been disabled. To enable core dumping, try "ulimit -c unlimited" before starting Java again
#

---------------  T H R E A D  ---------------

Current thread (0x09b6f400):  VMThread [stack: 0x5fe8f000,0x5ff10000] [id=11173]

Stack: [0x5fe8f000,0x5ff10000]
[error occurred during error reporting (printing stack bounds), id 0xb]


[error occurred during error reporting (printing native stack), id 0xb]

VM_Operation (0x5eeabb4c): ParallelGCFailedAllocation, mode: safepoint, requested by thread 0x09e25c00


---------------  P R O C E S S  ---------------

Java Threads: ( => current thread )
  0x0a36f000 JavaThread "Stdin handler" [_thread_blocked, id=11380, stack(0x5ecaf000,0x5ed00000)]
  0x0aa3e000 JavaThread "Handler for socket connection at /127.0.0.1:60601 with /127.0.0.1:36724" [_thread_in_native, id=11378, stack(0x5ee0d000,0x5ee5e000)]
  0x0aa10000 JavaThread "process reaper" daemon [_thread_blocked, id=11344, stack(0x5f023000,0x5f03e000)]
  0x09e25c00 JavaThread "Daemon Thread 2" [_thread_blocked, id=11338, stack(0x5ee5e000,0x5eeaf000)]
  0x5ea72000 JavaThread "File lock request listener" [_thread_in_native, id=11189, stack(0x5e83a000,0x5e88b000)]
  0x5ed9d400 JavaThread "Incoming local TCP Connector on port 60601" [_thread_in_native, id=11181, stack(0x5eeaf000,0x5ef00000)]
  0x09b8f000 JavaThread "Service Thread" daemon [_thread_blocked, id=11179, stack(0x5f9af000,0x5fa00000)]
  0x09b8d000 JavaThread "C2 CompilerThread1" daemon [_thread_blocked, id=11178, stack(0x5fb28000,0x5fba9000)]
  0x09b8a800 JavaThread "C2 CompilerThread0" daemon [_thread_blocked, id=11177, stack(0x5fba9000,0x5fc2a000)]
  0x09b89000 JavaThread "Signal Dispatcher" daemon [_thread_blocked, id=11176, stack(0x5fc2a000,0x5fc7b000)]
  0x09b73800 JavaThread "Finalizer" daemon [_thread_blocked, id=11175, stack(0x5fded000,0x5fe3e000)]
  0x09b72000 JavaThread "Reference Handler" daemon [_thread_blocked, id=11174, stack(0x5fe3e000,0x5fe8f000)]
  0x099f6c00 JavaThread "main" [_thread_blocked, id=11168, stack(0xb6627000,0xb6678000)]

Other Threads:
=>0x09b6f400 VMThread [stack: 0x5fe8f000,0x5ff10000] [id=11173]
  0x09b91000 WatcherThread [stack: 0x5f92e000,0x5f9af000] [id=11180]

VM state:at safepoint (normal execution)

VM Mutex/Monitor currently owned by a thread:  ([mutex/lock_event])
[0x099f3f30] ExpandHeap_lock - owner thread: 0x09b6f400
[0x099f4478] Threads_lock - owner thread: 0x09b6f400
[0x099f4888] Heap_lock - owner thread: 0x09e25c00

Heap
 PSYoungGen      total 213248K, used 18382K [0x9df40000, 0xae080000, 0xb34c0000)
  eden space 192000K, 9% used [0x9df40000,0x9f133a58,0xa9ac0000)
  from space 21248K, 0% used [0xa9ac0000,0xa9ac0000,0xaaf80000)
  to   space 25600K, 0% used [0xac780000,0xac780000,0xae080000)
 ParOldGen       total 75776K, used 75715K [0x734c0000, 0x77ec0000, 0x9df40000)
  object space 75776K, 99% used [0x734c0000,0x77eb0f40,0x77ec0000)
 PSPermGen       total 65536K, used 41517K [0x634c0000, 0x674c0000, 0x734c0000)
  object space 65536K, 63% used [0x634c0000,0x65d4b440,0x674c0000)

Card table byte_map: [0x6323f000,0x634c0000] byte_map_base: 0x62f24a00

Polling page: 0xb77a6000

Code Cache  [0xb35a7000, 0xb3a87000, 0xb65a7000)
 total_blobs=1667 nmethods=1275 adapters=345 free_code_cache=44282Kb largest_free_block=45238400

Compilation events (10 events):
Event: 356,185 Thread 0x09b8a800 1418             java.io.ObjectStreamClass$Caches::access$200 (4 bytes)
Event: 356,186 Thread 0x09b8a800 nmethod 1418 0xb3829e88 code [0xb3829f60, 0xb3829f90]
Event: 359,048 Thread 0x09b8d000 1419             java.lang.reflect.AccessibleObject::setAccessible (21 bytes)
Event: 359,050 Thread 0x09b8d000 nmethod 1419 0xb39edd08 code [0xb39ede20, 0xb39edf3c]
Event: 359,211 Thread 0x09b8a800 1420             java.lang.String$CaseInsensitiveComparator::compare (111 bytes)
Event: 359,239 Thread 0x09b8a800 nmethod 1420 0xb38aa1c8 code [0xb38aa2e0, 0xb38aab50]
Event: 359,552 Thread 0x09b8d000 1421             org.codehaus.groovy.runtime.callsite.AbstractCallSite::getName (5 bytes)
Event: 359,552 Thread 0x09b8d000 nmethod 1421 0xb3917dc8 code [0xb3917ea0, 0xb3917ef0]
Event: 359,554 Thread 0x09b8a800 1422             org.codehaus.groovy.runtime.MetaClassHelper::convertToTypeArray (76 bytes)
Event: 359,560 Thread 0x09b8a800 nmethod 1422 0xb38a9c88 code [0xb38a9da0, 0xb38aa090]

GC Heap History (10 events):
Event: 46,207 GC heap after
Heap after GC invocations=18 (full 2):
 PSYoungGen      total 160000K, used 0K [0x9df40000, 0xab180000, 0xb34c0000)
  eden space 158464K, 0% used [0x9df40000,0x9df40000,0xa7a00000)
  from space 1536K, 0% used [0xab000000,0xab000000,0xab180000)
  to   space 13568K, 0% used [0xa9700000,0xa9700000,0xaa440000)
 ParOldGen       total 75776K, used 37649K [0x734c0000, 0x77ec0000, 0x9df40000)
  object space 75776K, 49% used [0x734c0000,0x75984438,0x77ec0000)
 PSPermGen       total 61184K, used 27537K [0x634c0000, 0x67080000, 0x734c0000)
  object space 61184K, 45% used [0x634c0000,0x64fa44e0,0x67080000)
}
Event: 115,495 GC heap before
{Heap before GC invocations=19 (full 2):
 PSYoungGen      total 160000K, used 158464K [0x9df40000, 0xab180000, 0xb34c0000)
  eden space 158464K, 100% used [0x9df40000,0xa7a00000,0xa7a00000)
  from space 1536K, 0% used [0xab000000,0xab000000,0xab180000)
  to   space 13568K, 0% used [0xa9700000,0xa9700000,0xaa440000)
 ParOldGen       total 75776K, used 37649K [0x734c0000, 0x77ec0000, 0x9df40000)
  object space 75776K, 49% used [0x734c0000,0x75984438,0x77ec0000)
 PSPermGen       total 61184K, used 31618K [0x634c0000, 0x67080000, 0x734c0000)
  object space 61184K, 51% used [0x634c0000,0x653a0978,0x67080000)
Event: 115,572 GC heap after
Heap after GC invocations=19 (full 2):
 PSYoungGen      total 201728K, used 13553K [0x9df40000, 0xac1c0000, 0xb34c0000)
  eden space 188160K, 0% used [0x9df40000,0x9df40000,0xa9700000)
  from space 13568K, 99% used [0xa9700000,0xaa43c7e8,0xaa440000)
  to   space 18688K, 0% used [0xaaf80000,0xaaf80000,0xac1c0000)
 ParOldGen       total 75776K, used 45678K [0x734c0000, 0x77ec0000, 0x9df40000)
  object space 75776K, 60% used [0x734c0000,0x7615b968,0x77ec0000)
 PSPermGen       total 61184K, used 31618K [0x634c0000, 0x67080000, 0x734c0000)
  object space 61184K, 51% used [0x634c0000,0x653a0978,0x67080000)
}
Event: 294,974 GC heap before
{Heap before GC invocations=20 (full 2):
 PSYoungGen      total 201728K, used 201713K [0x9df40000, 0xac1c0000, 0xb34c0000)
  eden space 188160K, 100% used [0x9df40000,0xa9700000,0xa9700000)
  from space 13568K, 99% used [0xa9700000,0xaa43c7e8,0xaa440000)
  to   space 18688K, 0% used [0xaaf80000,0xaaf80000,0xac1c0000)
 ParOldGen       total 75776K, used 45678K [0x734c0000, 0x77ec0000, 0x9df40000)
  object space 75776K, 60% used [0x734c0000,0x7615b968,0x77ec0000)
 PSPermGen       total 61184K, used 34988K [0x634c0000, 0x67080000, 0x734c0000)
  object space 61184K, 57% used [0x634c0000,0x656eb368,0x67080000)
Event: 295,144 GC heap after
Heap after GC invocations=20 (full 2):
 PSYoungGen      total 210688K, used 17435K [0x9df40000, 0xad800000, 0xb34c0000)
  eden space 192000K, 0% used [0x9df40000,0x9df40000,0xa9ac0000)
  from space 18688K, 93% used [0xaaf80000,0xac086fe0,0xac1c0000)
  to   space 21248K, 0% used [0xa9ac0000,0xa9ac0000,0xaaf80000)
 ParOldGen       total 75776K, used 58754K [0x734c0000, 0x77ec0000, 0x9df40000)
  object space 75776K, 77% used [0x734c0000,0x76e209f8,0x77ec0000)
 PSPermGen       total 61184K, used 34988K [0x634c0000, 0x67080000, 0x734c0000)
  object space 61184K, 57% used [0x634c0000,0x656eb368,0x67080000)
}
Event: 319,238 GC heap before
{Heap before GC invocations=21 (full 2):
 PSYoungGen      total 210688K, used 168542K [0x9df40000, 0xad800000, 0xb34c0000)
  eden space 192000K, 78% used [0x9df40000,0xa72d0980,0xa9ac0000)
  from space 18688K, 93% used [0xaaf80000,0xac086fe0,0xac1c0000)
  to   space 21248K, 0% used [0xa9ac0000,0xa9ac0000,0xaaf80000)
 ParOldGen       total 75776K, used 58754K [0x734c0000, 0x77ec0000, 0x9df40000)
  object space 75776K, 77% used [0x734c0000,0x76e209f8,0x77ec0000)
 PSPermGen       total 61184K, used 37188K [0x634c0000, 0x67080000, 0x734c0000)
  object space 61184K, 60% used [0x634c0000,0x659110c8,0x67080000)
Event: 319,316 GC heap after
Heap after GC invocations=21 (full 2):
 PSYoungGen      total 213248K, used 21232K [0x9df40000, 0xae080000, 0xb34c0000)
  eden space 192000K, 0% used [0x9df40000,0x9df40000,0xa9ac0000)
  from space 21248K, 99% used [0xa9ac0000,0xaaf7c330,0xaaf80000)
  to   space 25600K, 0% used [0xac780000,0xac780000,0xae080000)
 ParOldGen       total 75776K, used 61665K [0x734c0000, 0x77ec0000, 0x9df40000)
  object space 75776K, 81% used [0x734c0000,0x770f87b0,0x77ec0000)
 PSPermGen       total 61184K, used 37188K [0x634c0000, 0x67080000, 0x734c0000)
  object space 61184K, 60% used [0x634c0000,0x659110c8,0x67080000)
}
Event: 319,316 GC heap before
{Heap before GC invocations=22 (full 3):
 PSYoungGen      total 213248K, used 21232K [0x9df40000, 0xae080000, 0xb34c0000)
  eden space 192000K, 0% used [0x9df40000,0x9df40000,0xa9ac0000)
  from space 21248K, 99% used [0xa9ac0000,0xaaf7c330,0xaaf80000)
  to   space 25600K, 0% used [0xac780000,0xac780000,0xae080000)
 ParOldGen       total 75776K, used 61665K [0x734c0000, 0x77ec0000, 0x9df40000)
  object space 75776K, 81% used [0x734c0000,0x770f87b0,0x77ec0000)
 PSPermGen       total 61184K, used 37188K [0x634c0000, 0x67080000, 0x734c0000)
  object space 61184K, 60% used [0x634c0000,0x659110c8,0x67080000)
Event: 321,141 GC heap after
Heap after GC invocations=22 (full 3):
 PSYoungGen      total 213248K, used 0K [0x9df40000, 0xae080000, 0xb34c0000)
  eden space 192000K, 0% used [0x9df40000,0x9df40000,0xa9ac0000)
  from space 21248K, 0% used [0xa9ac0000,0xa9ac0000,0xaaf80000)
  to   space 25600K, 0% used [0xac780000,0xac780000,0xae080000)
 ParOldGen       total 75776K, used 73147K [0x734c0000, 0x77ec0000, 0x9df40000)
  object space 75776K, 96% used [0x734c0000,0x77c2ed98,0x77ec0000)
 PSPermGen       total 65536K, used 37179K [0x634c0000, 0x674c0000, 0x734c0000)
  object space 65536K, 56% used [0x634c0000,0x6590eee0,0x674c0000)
}
Event: 359,727 GC heap before
{Heap before GC invocations=23 (full 4):
 PSYoungGen      total 213248K, used 192000K [0x9df40000, 0xae080000, 0xb34c0000)
  eden space 192000K, 100% used [0x9df40000,0xa9ac0000,0xa9ac0000)
  from space 21248K, 0% used [0xa9ac0000,0xa9ac0000,0xaaf80000)
  to   space 25600K, 0% used [0xac780000,0xac780000,0xae080000)
 ParOldGen       total 75776K, used 73147K [0x734c0000, 0x77ec0000, 0x9df40000)
  object space 75776K, 96% used [0x734c0000,0x77c2ed98,0x77ec0000)
 PSPermGen       total 65536K, used 41520K [0x634c0000, 0x674c0000, 0x734c0000)
  object space 65536K, 63% used [0x634c0000,0x65d4c2f8,0x674c0000)

Deoptimization events (10 events):
Event: 318,503 Thread 0x09e25c00 Uncommon trap: reason=unreached action=reinterpret pc=0xb37670c8 method=java.util.HashMap.getEntry(Ljava/lang/Object;)Ljava/util/HashMap$Entry; @ 10
Event: 318,672 Thread 0x09e25c00 Uncommon trap: reason=class_check action=maybe_recompile pc=0xb3a0a250 method=java.util.Formatter.format(Ljava/util/Locale;Ljava/lang/String;[Ljava/lang/Object;)Ljava/util/Formatter; @ 76
Event: 321,143 Thread 0x09b72000 Uncommon trap: reason=unreached action=reinterpret pc=0xb397d6a8 method=java.lang.ref.Reference$ReferenceHandler.run()V @ 74
Event: 347,663 Thread 0x09e25c00 Uncommon trap: reason=array_check action=maybe_recompile pc=0xb3a28a84 method=java.util.TimSort.mergeLo(IIII)V @ 464
Event: 347,664 Thread 0x09e25c00 Uncommon trap: reason=array_check action=maybe_recompile pc=0xb3a28c60 method=java.util.TimSort.mergeLo(IIII)V @ 586
Event: 348,268 Thread 0x09e25c00 Uncommon trap: reason=array_check action=maybe_recompile pc=0xb3a28a84 method=java.util.TimSort.mergeLo(IIII)V @ 464
Event: 353,512 Thread 0x09e25c00 Uncommon trap: reason=array_check action=maybe_recompile pc=0xb3a61eb8 method=java.util.TimSort.mergeLo(IIII)V @ 129
Event: 353,738 Thread 0x09e25c00 Uncommon trap: reason=array_check action=maybe_recompile pc=0xb3a61eb8 method=java.util.TimSort.mergeLo(IIII)V @ 129
Event: 355,437 Thread 0x09e25c00 Uncommon trap: reason=class_check action=maybe_recompile pc=0xb3a26148 method=org.gradle.api.internal.file.collections.DefaultFileCollectionResolveContext.doResolve(Lorg/gradle/api/internal/file/collections/DefaultFileCollectionResolveContext$Converter;)L
Event: 355,901 Thread 0x09e25c00 Uncommon trap: reason=class_check action=maybe_recompile pc=0xb3a26148 method=org.gradle.api.internal.file.collections.DefaultFileCollectionResolveContext.doResolve(Lorg/gradle/api/internal/file/collections/DefaultFileCollectionResolveContext$Converter;)L

Internal exceptions (10 events):
Event: 359,668 Thread 0x09e25c00 Threw 0xa9a59290 at /build/openjdk-7-rwEUZs/openjdk-7-7u65-2.5.1/build/openjdk/hotspot/src/share/vm/prims/jvm.cpp:1247
Event: 359,669 Thread 0x09e25c00 Threw 0xa9a5e150 at /build/openjdk-7-rwEUZs/openjdk-7-7u65-2.5.1/build/openjdk/hotspot/src/share/vm/prims/jvm.cpp:1247
Event: 359,669 Thread 0x09e25c00 Threw 0xa9a62e68 at /build/openjdk-7-rwEUZs/openjdk-7-7u65-2.5.1/build/openjdk/hotspot/src/share/vm/prims/jvm.cpp:1247
Event: 359,669 Thread 0x09e25c00 Threw 0xa9a67388 at /build/openjdk-7-rwEUZs/openjdk-7-7u65-2.5.1/build/openjdk/hotspot/src/share/vm/prims/jvm.cpp:1247
Event: 359,669 Thread 0x09e25c00 Threw 0xa9a67820 at /build/openjdk-7-rwEUZs/openjdk-7-7u65-2.5.1/build/openjdk/hotspot/src/share/vm/classfile/systemDictionary.cpp:185
Event: 359,670 Thread 0x09e25c00 Threw 0xa9a69590 at /build/openjdk-7-rwEUZs/openjdk-7-7u65-2.5.1/build/openjdk/hotspot/src/share/vm/prims/jvm.cpp:1247
Event: 359,670 Thread 0x09e25c00 Threw 0xa9a6e3c8 at /build/openjdk-7-rwEUZs/openjdk-7-7u65-2.5.1/build/openjdk/hotspot/src/share/vm/prims/jvm.cpp:1247
Event: 359,670 Thread 0x09e25c00 Threw 0xa9a72a08 at /build/openjdk-7-rwEUZs/openjdk-7-7u65-2.5.1/build/openjdk/hotspot/src/share/vm/prims/jvm.cpp:1247
Event: 359,670 Thread 0x09e25c00 Threw 0xa9a72ea8 at /build/openjdk-7-rwEUZs/openjdk-7-7u65-2.5.1/build/openjdk/hotspot/src/share/vm/classfile/systemDictionary.cpp:185
Event: 359,673 Thread 0x09e25c00 Threw 0xa9a7edf8 at /build/openjdk-7-rwEUZs/openjdk-7-7u65-2.5.1/build/openjdk/hotspot/src/share/vm/prims/jvm.cpp:1247

Events (10 events):
Event: 359,669 loading class 0x0a2b1ca0 done
Event: 359,669 loading class 0x0a2b1ca0
Event: 359,669 loading class 0x0a2b1ca0 done
Event: 359,669 loading class 0x0a2b1cf0
Event: 359,669 loading class 0x0a2b1cf0 done
Event: 359,670 loading class 0x0a2b1cf0
Event: 359,670 loading class 0x0a2b1cf0 done
Event: 359,672 loading class 0x5e542820
Event: 359,672 loading class 0x5e542820 done
Event: 359,676 Executing VM operation: ParallelGCFailedAllocation


Dynamic libraries:
08048000-08049000 r-xp 00000000 08:06 1574961    /usr/lib/jvm/java-7-openjdk-i386/jre/bin/java
08049000-0804a000 r--p 00000000 08:06 1574961    /usr/lib/jvm/java-7-openjdk-i386/jre/bin/java
0804a000-0804b000 rw-p 00001000 08:06 1574961    /usr/lib/jvm/java-7-openjdk-i386/jre/bin/java
099ed000-0b3c5000 rw-p 00000000 00:00 0          [heap]
5ce00000-5cedc000 rw-p 00000000 00:00 0 
5cedc000-5cf00000 ---p 00000000 00:00 0 
5d000000-5d0ec000 rw-p 00000000 00:00 0 
5d0ec000-5d100000 ---p 00000000 00:00 0 
5d200000-5d2d0000 rw-p 00000000 00:00 0 
5d2d0000-5d300000 ---p 00000000 00:00 0 
5d400000-5d49f000 rw-p 00000000 00:00 0 
5d49f000-5d500000 ---p 00000000 00:00 0 
5d500000-5d5fa000 rw-p 00000000 00:00 0 
5d5fa000-5d600000 ---p 00000000 00:00 0 
5d600000-5d6f2000 rw-p 00000000 00:00 0 
5d6f2000-5d700000 ---p 00000000 00:00 0 
5d700000-5d7fd000 rw-p 00000000 00:00 0 
5d7fd000-5d800000 ---p 00000000 00:00 0 
5d800000-5d9ff000 rw-p 00000000 00:00 0 
5d9ff000-5da00000 ---p 00000000 00:00 0 
5da00000-5db00000 rw-p 00000000 00:00 0 
5db00000-5dbed000 rw-p 00000000 00:00 0 
5dbed000-5dc00000 ---p 00000000 00:00 0 
5dc00000-5dcfc000 rw-p 00000000 00:00 0 
5dcfc000-5dd00000 ---p 00000000 00:00 0 
5dd00000-5def9000 rw-p 00000000 00:00 0 
5def9000-5df00000 ---p 00000000 00:00 0 
5df5e000-5df61000 ---p 00000000 00:00 0 
5df61000-5dfaf000 rw-p 00000000 00:00 0 
5dfaf000-5dfb2000 ---p 00000000 00:00 0 
5dfb2000-5e000000 rw-p 00000000 00:00 0 
5e000000-5e0f9000 rw-p 00000000 00:00 0 
5e0f9000-5e100000 ---p 00000000 00:00 0 
5e100000-5e1fe000 rw-p 00000000 00:00 0 
5e1fe000-5e200000 ---p 00000000 00:00 0 
5e200000-5e2f1000 rw-p 00000000 00:00 0 
5e2f1000-5e300000 ---p 00000000 00:00 0 
5e300000-5e400000 rw-p 00000000 00:00 0 
5e400000-5e4fa000 rw-p 00000000 00:00 0 
5e4fa000-5e500000 ---p 00000000 00:00 0 
5e500000-5e5f0000 rw-p 00000000 00:00 0 
5e5f0000-5e600000 ---p 00000000 00:00 0 
5e609000-5e60c000 ---p 00000000 00:00 0 
5e60c000-5e65a000 rw-p 00000000 00:00 0 
5e65a000-5e65d000 ---p 00000000 00:00 0 
5e65d000-5e6ab000 rw-p 00000000 00:00 0 
5e6ab000-5e6ae000 ---p 00000000 00:00 0 
5e6ae000-5e6fc000 rw-p 00000000 00:00 0 
5e6fc000-5e6fe000 r--s 0000d000 08:06 9462444    /root/.gradle/caches/modules-2/files-2.1/commons-codec/commons-codec/1.4/4216af16d38465bbab0f3dff8efa14204f7a399a/commons-codec-1.4.jar
5e6fe000-5e700000 r--s 0000d000 08:06 9462443    /root/.gradle/caches/modules-2/files-2.1/commons-logging/commons-logging/1.1.1/5043bfebc3db072ed80fbd362e7caf00e885d8ae/commons-logging-1.1.1.jar
5e700000-5e7fb000 rw-p 00000000 00:00 0 
5e7fb000-5e800000 ---p 00000000 00:00 0 
5e82c000-5e831000 r--s 00028000 08:06 9462442    /root/.gradle/caches/modules-2/files-2.1/org.apache.httpcomponents/httpcore/4.1/33fc26c02f8043ab0ede19eadc8c9885386b255c/httpcore-4.1.jar
5e831000-5e83a000 r--s 000a7000 08:06 9462440    /root/.gradle/caches/modules-2/files-2.1/com.android.tools.external.lombok/lombok-ast/0.2.2/57e560b535ceaa14fb6f15422d74594acd6c5b64/lombok-ast-0.2.2.jar
5e83a000-5e83d000 ---p 00000000 00:00 0 
5e83d000-5e88b000 rw-p 00000000 00:00 0 
5e88b000-5e88d000 r--s 00004000 08:06 9462441    /root/.gradle/caches/modules-2/files-2.1/org.ow2.asm/asm-tree/4.0/67bd266cd17adcee486b76952ece4cc85fe248b8/asm-tree-4.0.jar
5e88d000-5e88f000 r--s 0000a000 08:06 9462439    /root/.gradle/caches/modules-2/files-2.1/org.ow2.asm/asm/4.0/659add6efc75a4715d738e73f07505246edf4d66/asm-4.0.jar
5e88f000-5e8c2000 r--s 00203000 08:06 9462438    /root/.gradle/caches/modules-2/files-2.1/org.bouncycastle/bcprov-jdk15on/1.48/960dea7c9181ba0b17e8bab0c06a43f0a5f04e65/bcprov-jdk15on-1.48.jar
5e8c2000-5e8ec000 r--s 001e9000 08:06 9462437    /root/.gradle/caches/modules-2/files-2.1/com.google.guava/guava/15.0/ed727a8d9f247e2050281cb083f1c77b09dcb5cd/guava-15.0.jar
5e8ec000-5e8f3000 r--s 00053000 08:06 9462436    /root/.gradle/caches/modules-2/files-2.1/org.apache.commons/commons-compress/1.8.1/a698750c16740fd5b3871425f4cb3bbaa87f529d/commons-compress-1.8.1.jar
5e8f3000-5e8f5000 r--s 00005000 08:06 9462434    /root/.gradle/caches/modules-2/files-2.1/org.apache.httpcomponents/httpmime/4.1/9ba2dcdf94ce35c8a8e9bff242db0618ca932e92/httpmime-4.1.jar
5e8f5000-5e8f8000 r--s 00010000 08:06 9462433    /root/.gradle/caches/modules-2/files-2.1/com.android.tools.layoutlib/layoutlib-api/23.0.2/d97fb910dafd7b29bdff95296dcd2649fadef02e/layoutlib-api-23.0.2.jar
5e8f8000-5e900000 r--s 0004e000 08:06 9462432    /root/.gradle/caches/modules-2/files-2.1/org.apache.httpcomponents/httpclient/4.1.1/3d1d918f32709e33ba7ddb2c4e8d1c543ebe713e/httpclient-4.1.1.jar
5e900000-5e9ff000 rw-p 00000000 00:00 0 
5e9ff000-5ea00000 ---p 00000000 00:00 0 
5ea00000-5eafd000 rw-p 00000000 00:00 0 
5eafd000-5eb00000 ---p 00000000 00:00 0 
5eb00000-5ec00000 rw-p 00000000 00:00 0 
5ec00000-5ec01000 r--s 0000a000 08:06 9462431    /root/.gradle/caches/modules-2/files-2.1/net.sf.kxml/kxml2/2.3.0/ccbc77a5fd907ef863c29f3596c6f54ffa4e9442/kxml2-2.3.0.jar
5ec01000-5ec02000 r--s 00004000 08:06 9462430    /root/.gradle/caches/modules-2/files-2.1/org.ow2.asm/asm-analysis/4.0/1c45d52b6f6c638db13cf3ac12adeb56b254cdd7/asm-analysis-4.0.jar
5ec02000-5ec05000 r--s 00027000 08:06 9462429    /root/.gradle/caches/modules-2/files-2.1/com.android.tools.lint/lint-api/23.0.2/9660c0f32f9308dd2ac998f4928cebcd4095b27/lint-api-23.0.2.jar
5ec05000-5ec13000 r--s 00081000 08:06 9462428    /root/.gradle/caches/modules-2/files-2.1/org.bouncycastle/bcpkix-jdk15on/1.48/28b7614b908a47844bb27e3c94b45b6893656265/bcpkix-jdk15on-1.48.jar
5ec13000-5ec15000 r--s 00002000 08:06 9462427    /root/.gradle/caches/modules-2/files-2.1/com.squareup/javawriter/2.5.0/81241ff7078ef14f42ea2a8995fa09c096256e6b/javawriter-2.5.0.jar
5ec15000-5ec16000 r--s 00000000 08:06 9462426    /root/.gradle/caches/modules-2/files-2.1/com.android.tools.build/builder-test-api/0.12.2/a7f31faaee3de23ba810c109abc1658715f4416d/builder-test-api-0.12.2.jar
5ec16000-5ec19000 r--s 00012000 08:06 9462425    /root/.gradle/caches/modules-2/files-2.1/com.android.tools/common/23.0.2/4d5ff345915e0af52765039b75adce89fae798af/common-23.0.2.jar
5ec19000-5ec23000 r--s 000a4000 08:06 9462424    /root/.gradle/caches/modules-2/files-2.1/com.android.tools/sdklib/23.0.2/74dc50f859e787a548641d613a04ce2a7cf48bee/sdklib-23.0.2.jar
5ec23000-5ec26000 r--s 00028000 08:06 9462423    /root/.gradle/caches/modules-2/files-2.1/com.android.tools.build/manifest-merger/23.0.2/93c8f86db4a5ad8e8f034c672b85594326268a9c/manifest-merger-23.0.2.jar
5ec26000-5ec35000 r--s 001a9000 08:06 9462418    /root/.gradle/caches/modules-2/files-2.1/org.eclipse.jdt.core.compiler/ecj/4.2.2/d9fd79499c664bccaf24dbe04be417de6c6af64a/ecj-4.2.2.jar
5ec35000-5ec45000 r--s 000c5000 08:06 9462417    /root/.gradle/caches/modules-2/files-2.1/net.sf.proguard/proguard-base/4.11/76730af417bb42da22b16e49f49e67863382b9bd/proguard-base-4.11.jar
5ec45000-5ecaf000 r--s 0069e000 08:06 3025226    /usr/lib/jvm/java-7-openjdk-i386/lib/tools.jar
5ecaf000-5ecb2000 ---p 00000000 00:00 0 
5ecb2000-5ed00000 rw-p 00000000 00:00 0 
5ed00000-5edfe000 rw-p 00000000 00:00 0 
5edfe000-5ee00000 ---p 00000000 00:00 0 
5ee01000-5ee06000 r--s 0003d000 08:06 9462422    /root/.gradle/caches/modules-2/files-2.1/com.android.tools.ddms/ddmlib/23.0.2/3e454a33c6790eb497c725f346cd2b80cb67ff6d/ddmlib-23.0.2.jar
5ee06000-5ee08000 r--s 00003000 08:06 9462421    /root/.gradle/caches/modules-2/files-2.1/com.android.tools.build/builder-model/0.12.2/ea4eff69bb86efd0e6b2055ba0b3314779033be6/builder-model-0.12.2.jar
5ee08000-5ee0d000 r--s 00044000 08:06 9462420    /root/.gradle/caches/modules-2/files-2.1/com.android.tools/sdk-common/23.0.2/ec49e38e6c2ae9d7003f7836fe865b39aeba77fe/sdk-common-23.0.2.jar
5ee0d000-5ee10000 ---p 00000000 00:00 0 
5ee10000-5ee5e000 rw-p 00000000 00:00 0 
5ee5e000-5ee61000 ---p 00000000 00:00 0 
5ee61000-5eeaf000 rw-p 00000000 00:00 0 
5eeaf000-5eeb2000 ---p 00000000 00:00 0 
5eeb2000-5ef00000 rw-p 00000000 00:00 0 
5ef00000-5efff000 rw-p 00000000 00:00 0 
5efff000-5f000000 ---p 00000000 00:00 0 
5f000000-5f001000 r--s 00005000 08:06 9462435    /root/.gradle/caches/modules-2/files-2.1/com.android.tools/dvlib/23.0.2/e37720cb9d7e2775a4b8b22b12bbb4bb9187c8bf/dvlib-23.0.2.jar
5f001000-5f007000 r--s 00087000 08:06 9462419    /root/.gradle/caches/modules-2/files-2.1/com.android.tools.lint/lint-checks/23.0.2/e6fe7bac82c4845d3e69e0dd54b1801a91568ffd/lint-checks-23.0.2.jar
5f007000-5f00a000 r--s 0002a000 08:06 9462416    /root/.gradle/caches/modules-2/files-2.1/com.android.tools.build/builder/0.12.2/3673e1c415b054caccc3231dcdff959cfcb315f6/builder-0.12.2.jar
5f00a000-5f00c000 r--s 00016000 08:06 9462415    /root/.gradle/caches/modules-2/files-2.1/com.android.tools.lint/lint/23.0.2/e247d675952dd9f24f6b064bac3d7d1639d0043e/lint-23.0.2.jar
5f00c000-5f00d000 r--s 00002000 08:06 9462414    /root/.gradle/caches/modules-2/files-2.1/net.sf.proguard/proguard-gradle/4.11/da875d4b67a8be6c770b11d894434843714ac69d/proguard-gradle-4.11.jar
5f00d000-5f01a000 r--s 0010b000 08:06 9462413    /root/.gradle/caches/modules-2/files-2.1/com.android.tools.build/gradle/0.12.2/786baefe9fc55777558acbba1bc1d9c6ec0925a8/gradle-0.12.2.jar
5f01a000-5f023000 r--s 000b9000 08:06 2365422    /usr/lib/jvm/java-7-openjdk-i386/jre/lib/resources.jar
5f023000-5f026000 ---p 00000000 00:00 0 
5f026000-5f03e000 rw-p 00000000 00:00 0 
5f03e000-5f03f000 r--p 00000000 00:00 0 
5f03f000-5f046000 r--s 00000000 08:06 1581866    /usr/lib/i386-linux-gnu/gconv/gconv-modules.cache
5f046000-5f04a000 r-xp 00000000 08:06 11802600   /tmp/native-platform148927798301608665dir/libnative-platform.so
5f04a000-5f04b000 rw-p 00003000 08:06 11802600   /tmp/native-platform148927798301608665dir/libnative-platform.so
5f04b000-5f050000 r--s 0004c000 08:06 2365416    /usr/lib/jvm/java-7-openjdk-i386/jre/lib/jsse.jar
5f050000-5f052000 r--s 00003000 08:06 11275788   /root/.gradle/wrapper/dists/gradle-1.12-all/2apkk7d25miauqf1pdjp1bm0uo/gradle-1.12/lib/plugins/gradle-language-base-1.12.jar
5f052000-5f057000 r--s 00029000 08:06 11275786   /root/.gradle/wrapper/dists/gradle-1.12-all/2apkk7d25miauqf1pdjp1bm0uo/gradle-1.12/lib/plugins/gradle-build-init-1.12.jar
5f057000-5f05a000 r--s 0001f000 08:06 11275785   /root/.gradle/wrapper/dists/gradle-1.12-all/2apkk7d25miauqf1pdjp1bm0uo/gradle-1.12/lib/plugins/gradle-jacoco-1.12.jar
5f05a000-5f05d000 r--s 0000c000 08:06 11275784   /root/.gradle/wrapper/dists/gradle-1.12-all/2apkk7d25miauqf1pdjp1bm0uo/gradle-1.12/lib/plugins/gradle-ivy-1.12.jar
5f05d000-5f05f000 r--s 00002000 08:06 11275783   /root/.gradle/wrapper/dists/gradle-1.12-all/2apkk7d25miauqf1pdjp1bm0uo/gradle-1.12/lib/plugins/gradle-publish-1.12.jar
5f05f000-5f061000 r--s 00005000 08:06 11275813   /root/.gradle/wrapper/dists/gradle-1.12-all/2apkk7d25miauqf1pdjp1bm0uo/gradle-1.12/lib/plugins/jatl-0.2.2.jar
5f061000-5f063000 r--s 00007000 08:06 11275782   /root/.gradle/wrapper/dists/gradle-1.12-all/2apkk7d25miauqf1pdjp1bm0uo/gradle-1.12/lib/plugins/gradle-reporting-1.12.jar
5f063000-5f068000 r--s 0003c000 08:06 11275781   /root/.gradle/wrapper/dists/gradle-1.12-all/2apkk7d25miauqf1pdjp1bm0uo/gradle-1.12/lib/plugins/gradle-diagnostics-1.12.jar
5f068000-5f06f000 r--s 00094000 08:06 11275780   /root/.gradle/wrapper/dists/gradle-1.12-all/2apkk7d25miauqf1pdjp1bm0uo/gradle-1.12/lib/plugins/gradle-build-comparison-1.12.jar
5f06f000-5f076000 r--s 00035000 08:06 11275812   /root/.gradle/wrapper/dists/gradle-1.12-all/2apkk7d25miauqf1pdjp1bm0uo/gradle-1.12/lib/plugins/simple-4.1.21.jar
5f076000-5f07b000 r--s 0002a000 08:06 11275811   /root/.gradle/wrapper/dists/gradle-1.12-all/2apkk7d25miauqf1pdjp1bm0uo/gradle-1.12/lib/plugins/gson-2.2.4.jar
5f07b000-5f087000 r--s 00100000 08:06 11275810   /root/.gradle/wrapper/dists/gradle-1.12-all/2apkk7d25miauqf1pdjp1bm0uo/gradle-1.12/lib/plugins/rhino-1.7R3.jar
5f087000-5f08c000 r--s 00021000 08:06 11275779   /root/.gradle/wrapper/dists/gradle-1.12-all/2apkk7d25miauqf1pdjp1bm0uo/gradle-1.12/lib/plugins/gradle-javascript-1.12.jar
5f08c000-5f08e000 r--s 0000f000 08:06 11275778   /root/.gradle/wrapper/dists/gradle-1.12-all/2apkk7d25miauqf1pdjp1bm0uo/gradle-1.12/lib/plugins/gradle-ear-1.12.jar
5f08e000-5f0a4000 r--s 000de000 08:06 11275777   /root/.gradle/wrapper/dists/gradle-1.12-all/2apkk7d25miauqf1pdjp1bm0uo/gradle-1.12/lib/plugins/gradle-cpp-1.12.jar
5f0a4000-5f0cc000 r--s 00194000 08:06 11275822   /root/.gradle/wrapper/dists/gradle-1.12-all/2apkk7d25miauqf1pdjp1bm0uo/gradle-1.12/lib/plugins/bcprov-jdk15-1.46.jar
5f0cc000-5f0d0000 r--s 00025000 08:06 11275809   /root/.gradle/wrapper/dists/gradle-1.12-all/2apkk7d25miauqf1pdjp1bm0uo/gradle-1.12/lib/plugins/bcpg-jdk15-1.46.jar
5f0d0000-5f0d3000 r--s 00021000 08:06 11275776   /root/.gradle/wrapper/dists/gradle-1.12-all/2apkk7d25miauqf1pdjp1bm0uo/gradle-1.12/lib/plugins/gradle-signing-1.12.jar
5f0d3000-5f0d6000 r--s 00022000 08:06 11275775   /root/.gradle/wrapper/dists/gradle-1.12-all/2apkk7d25miauqf1pdjp1bm0uo/gradle-1.12/lib/plugins/gradle-sonar-1.12.jar
5f0d6000-5f0d9000 r--s 0001c000 08:06 11275774   /root/.gradle/wrapper/dists/gradle-1.12-all/2apkk7d25miauqf1pdjp1bm0uo/gradle-1.12/lib/plugins/gradle-scala-1.12.jar
5f0d9000-5f0db000 r--s 0000f000 08:06 11275773   /root/.gradle/wrapper/dists/gradle-1.12-all/2apkk7d25miauqf1pdjp1bm0uo/gradle-1.12/lib/plugins/gradle-announce-1.12.jar
5f0db000-5f0e8000 r--s 000cf000 08:06 11275772   /root/.gradle/wrapper/dists/gradle-1.12-all/2apkk7d25miauqf1pdjp1bm0uo/gradle-1.12/lib/plugins/gradle-ide-1.12.jar
5f0e8000-5f100000 r--s 0013b000 08:06 11275802   /root/.gradle/wrapper/dists/gradle-1.12-all/2apkk7d25miauqf1pdjp1bm0uo/gradle-1.12/lib/plugins/bndlib-2.1.0.jar
5f100000-5f1ff000 rw-p 00000000 00:00 0 
5f1ff000-5f200000 ---p 00000000 00:00 0 
5f200000-5f201000 r--s 00004000 08:06 11275787   /root/.gradle/wrapper/dists/gradle-1.12-all/2apkk7d25miauqf1pdjp1bm0uo/gradle-1.12/lib/plugins/gradle-language-jvm-1.12.jar
5f201000-5f203000 r--s 00000000 08:06 11275806   /root/.gradle/wrapper/dists/gradle-1.12-all/2apkk7d25miauqf1pdjp1bm0uo/gradle-1.12/lib/plugins/plexus-component-annotations-1.5.2.jar
5f203000-5f206000 r--s 0000c000 08:06 11275805   /root/.gradle/wrapper/dists/gradle-1.12-all/2apkk7d25miauqf1pdjp1bm0uo/gradle-1.12/lib/plugins/pmaven-groovy-0.8-20100325.jar
5f206000-5f207000 r--s 00005000 08:06 11275770   /root/.gradle/wrapper/dists/gradle-1.12-all/2apkk7d25miauqf1pdjp1bm0uo/gradle-1.12/lib/plugins/gradle-osgi-1.12.jar
5f207000-5f20c000 r--s 00068000 08:06 11275801   /root/.gradle/wrapper/dists/gradle-1.12-all/2apkk7d25miauqf1pdjp1bm0uo/gradle-1.12/lib/plugins/antlr-2.7.7.jar
5f20c000-5f20d000 r--s 00002000 08:06 11275800   /root/.gradle/wrapper/dists/gradle-1.12-all/2apkk7d25miauqf1pdjp1bm0uo/gradle-1.12/lib/plugins/ant-antlr-1.9.3.jar
5f20d000-5f20f000 r--s 00004000 08:06 11275769   /root/.gradle/wrapper/dists/gradle-1.12-all/2apkk7d25miauqf1pdjp1bm0uo/gradle-1.12/lib/plugins/gradle-antlr-1.12.jar
5f20f000-5f212000 r--s 0001e000 08:06 11275821   /root/.gradle/wrapper/dists/gradle-1.12-all/2apkk7d25miauqf1pdjp1bm0uo/gradle-1.12/lib/plugins/jsp-api-2.1-6.1.14.jar
5f212000-5f235000 r--s 00344000 08:06 11275820   /root/.gradle/wrapper/dists/gradle-1.12-all/2apkk7d25miauqf1pdjp1bm0uo/gradle-1.12/lib/plugins/core-3.1.1.jar
5f235000-5f236000 r--s 00006000 08:06 11275819   /root/.gradle/wrapper/dists/gradle-1.12-all/2apkk7d25miauqf1pdjp1bm0uo/gradle-1.12/lib/plugins/jetty-naming-6.1.25.jar
5f236000-5f237000 r--s 00002000 08:06 11275799   /root/.gradle/wrapper/dists/gradle-1.12-all/2apkk7d25miauqf1pdjp1bm0uo/gradle-1.12/lib/plugins/geronimo-annotation_1.0_spec-1.0.jar
5f237000-5f239000 r--s 00002000 08:06 11275798   /root/.gradle/wrapper/dists/gradle-1.12-all/2apkk7d25miauqf1pdjp1bm0uo/gradle-1.12/lib/plugins/jetty-annotations-6.1.25.jar
5f239000-5f24a000 r--s 000ea000 08:06 11275797   /root/.gradle/wrapper/dists/gradle-1.12-all/2apkk7d25miauqf1pdjp1bm0uo/gradle-1.12/lib/plugins/jsp-2.1-6.1.14.jar
5f24a000-5f24c000 r--s 0000d000 08:06 11275796   /root/.gradle/wrapper/dists/gradle-1.12-all/2apkk7d25miauqf1pdjp1bm0uo/gradle-1.12/lib/plugins/jetty-plus-6.1.25.jar
5f24c000-5f24e000 r--s 0001f000 08:06 11275795   /root/.gradle/wrapper/dists/gradle-1.12-all/2apkk7d25miauqf1pdjp1bm0uo/gradle-1.12/lib/plugins/servlet-api-2.5-20081211.jar
5f24e000-5f252000 r--s 00028000 08:06 11275794   /root/.gradle/wrapper/dists/gradle-1.12-all/2apkk7d25miauqf1pdjp1bm0uo/gradle-1.12/lib/plugins/jetty-util-6.1.25.jar
5f252000-5f259000 r--s 0007d000 08:06 11275793   /root/.gradle/wrapper/dists/gradle-1.12-all/2apkk7d25miauqf1pdjp1bm0uo/gradle-1.12/lib/plugins/jetty-6.1.25.jar
5f259000-5f25b000 r--s 00009000 08:06 11275768   /root/.gradle/wrapper/dists/gradle-1.12-all/2apkk7d25miauqf1pdjp1bm0uo/gradle-1.12/lib/plugins/gradle-jetty-1.12.jar
5f25b000-5f261000 r--s 0004c000 08:06 11275767   /root/.gradle/wrapper/dists/gradle-1.12-all/2apkk7d25miauqf1pdjp1bm0uo/gradle-1.12/lib/plugins/gradle-code-quality-1.12.jar
5f261000-5f263000 r--s 00009000 08:06 11275825   /root/.gradle/wrapper/dists/gradle-1.12-all/2apkk7d25miauqf1pdjp1bm0uo/gradle-1.12/lib/plugins/hamcrest-core-1.3.jar
5f263000-5f269000 r--s 00033000 08:06 11275818   /root/.gradle/wrapper/dists/gradle-1.12-all/2apkk7d25miauqf1pdjp1bm0uo/gradle-1.12/lib/plugins/snakeyaml-1.6.jar
5f269000-5f26b000 r--s 00006000 08:06 11275817   /root/.gradle/wrapper/dists/gradle-1.12-all/2apkk7d25miauqf1pdjp1bm0uo/gradle-1.12/lib/plugins/jcommander-1.12.jar
5f26b000-5f270000 r--s 00040000 08:06 11275816   /root/.gradle/wrapper/dists/gradle-1.12-all/2apkk7d25miauqf1pdjp1bm0uo/gradle-1.12/lib/plugins/bsh-2.0b4.jar
5f270000-5f272000 r--s 00009000 08:06 11275792   /root/.gradle/wrapper/dists/gradle-1.12-all/2apkk7d25miauqf1pdjp1bm0uo/gradle-1.12/lib/plugins/commons-cli-1.2.jar
5f272000-5f27b000 r--s 00089000 08:06 11275791   /root/.gradle/wrapper/dists/gradle-1.12-all/2apkk7d25miauqf1pdjp1bm0uo/gradle-1.12/lib/plugins/testng-6.3.1.jar
5f27b000-5f281000 r--s 00036000 08:06 11275790   /root/.gradle/wrapper/dists/gradle-1.12-all/2apkk7d25miauqf1pdjp1bm0uo/gradle-1.12/lib/plugins/junit-4.11.jar
5f281000-5f293000 r--s 000b4000 08:06 11275766   /root/.gradle/wrapper/dists/gradle-1.12-all/2apkk7d25miauqf1pdjp1bm0uo/gradle-1.12/lib/plugins/gradle-plugins-1.12.jar
5f293000-5f2ab000 r--s 00115000 08:06 11275823   /root/.gradle/wrapper/dists/gradle-1.12-all/2apkk7d25miauqf1pdjp1bm0uo/gradle-1.12/lib/plugins/xercesImpl-2.9.1.jar
5f2ab000-5f2b3000 r--s 00028000 08:06 11275824   /root/.gradle/wrapper/dists/gradle-1.12-all/2apkk7d25miauqf1pdjp1bm0uo/gradle-1.12/lib/plugins/xml-apis-1.3.04.jar
5f2b3000-5f2b7000 r--s 0001d000 08:06 11275815   /root/.gradle/wrapper/dists/gradle-1.12-all/2apkk7d25miauqf1pdjp1bm0uo/gradle-1.12/lib/plugins/xbean-reflect-3.4.jar
5f2b7000-5f2ba000 r--s 0001c000 08:06 11275814   /root/.gradle/wrapper/dists/gradle-1.12-all/2apkk7d25miauqf1pdjp1bm0uo/gradle-1.12/lib/plugins/nekohtml-1.9.14.jar
5f2ba000-5f2d3000 r--s 00129000 08:06 11275803   /root/.gradle/wrapper/dists/gradle-1.12-all/2apkk7d25miauqf1pdjp1bm0uo/gradle-1.12/lib/plugins/maven-ant-tasks-2.1.3.jar
5f2d3000-5f2d7000 r--s 0001e000 08:06 11275765   /root/.gradle/wrapper/dists/gradle-1.12-all/2apkk7d25miauqf1pdjp1bm0uo/gradle-1.12/lib/plugins/jarjar-aether-impl-1.13.1.jar
5f2d7000-5f2da000 r--s 00027000 08:06 11275764   /root/.gradle/wrapper/dists/gradle-1.12-all/2apkk7d25miauqf1pdjp1bm0uo/gradle-1.12/lib/plugins/jarjar-maven-model-3.0.4.jar
5f2da000-5f2dd000 r--s 0000b000 08:06 11275763   /root/.gradle/wrapper/dists/gradle-1.12-all/2apkk7d25miauqf1pdjp1bm0uo/gradle-1.12/lib/plugins/jarjar-maven-artifact-3.0.4.jar
5f2dd000-5f2e1000 r--s 0001e000 08:06 11275762   /root/.gradle/wrapper/dists/gradle-1.12-all/2apkk7d25miauqf1pdjp1bm0uo/gradle-1.12/lib/plugins/jarjar-aether-util-1.13.1.jar
5f2e1000-5f2e3000 r--s 00007000 08:06 11275761   /root/.gradle/wrapper/dists/gradle-1.12-all/2apkk7d25miauqf1pdjp1bm0uo/gradle-1.12/lib/plugins/jarjar-wagon-http-shared4-2.4.jar
5f2e3000-5f2f0000 r--s 00083000 08:06 11275760   /root/.gradle/wrapper/dists/gradle-1.12-all/2apkk7d25miauqf1pdjp1bm0uo/gradle-1.12/lib/plugins/jarjar-maven-core-3.0.4.jar
5f2f0000-5f2f2000 r--s 00003000 08:06 11275759   /root/.gradle/wrapper/dists/gradle-1.12-all/2apkk7d25miauqf1pdjp1bm0uo/gradle-1.12/lib/plugins/jarjar-aether-spi-1.13.1.jar
5f2f2000-5f2f4000 r--s 00009000 08:06 11275758   /root/.gradle/wrapper/dists/gradle-1.12-all/2apkk7d25miauqf1pdjp1bm0uo/gradle-1.12/lib/plugins/jarjar-maven-settings-builder-3.0.4.jar
5f2f4000-5f2f8000 r--s 00014000 08:06 11275757   /root/.gradle/wrapper/dists/gradle-1.12-all/2apkk7d25miauqf1pdjp1bm0uo/gradle-1.12/lib/plugins/jarjar-aether-api-1.13.1.jar
5f2f8000-5f2f9000 r--s 00002000 08:06 11275756   /root/.gradle/wrapper/dists/gradle-1.12-all/2apkk7d25miauqf1pdjp1bm0uo/gradle-1.12/lib/plugins/jarjar-wagon-http-2.4.jar
5f2f9000-5f300000 r--s 00042000 08:06 11275755   /root/.gradle/wrapper/dists/gradle-1.12-all/2apkk7d25miauqf1pdjp1bm0uo/gradle-1.12/lib/plugins/jarjar-maven-compat-3.0.4.jar
5f300000-5f3fd000 rw-p 00000000 00:00 0 
5f3fd000-5f400000 ---p 00000000 00:00 0 
5f400000-5f402000 r--s 00006000 08:06 11275754   /root/.gradle/wrapper/dists/gradle-1.12-all/2apkk7d25miauqf1pdjp1bm0uo/gradle-1.12/lib/plugins/jarjar-aether-connector-wagon-1.13.1.jar
5f402000-5f404000 r--s 00000000 08:06 11275753   /root/.gradle/wrapper/dists/gradle-1.12-all/2apkk7d25miauqf1pdjp1bm0uo/gradle-1.12/lib/plugins/jarjar-plexus-component-annotations-1.5.5.jar
5f404000-5f406000 r--s 00006000 08:06 11275752   /root/.gradle/wrapper/dists/gradle-1.12-all/2apkk7d25miauqf1pdjp1bm0uo/gradle-1.12/lib/plugins/jarjar-plexus-sec-dispatcher-1.3.jar
5f406000-5f40b000 r--s 00022000 08:06 11275751   /root/.gradle/wrapper/dists/gradle-1.12-all/2apkk7d25miauqf1pdjp1bm0uo/gradle-1.12/lib/plugins/jarjar-maven-model-builder-3.0.4.jar
5f40b000-5f40d000 r--s 0000b000 08:06 11275750   /root/.gradle/wrapper/dists/gradle-1.12-all/2apkk7d25miauqf1pdjp1bm0uo/gradle-1.12/lib/plugins/jarjar-maven-plugin-api-3.0.4.jar
5f40d000-5f410000 r--s 0000a000 08:06 11275749   /root/.gradle/wrapper/dists/gradle-1.12-all/2apkk7d25miauqf1pdjp1bm0uo/gradle-1.12/lib/plugins/jarjar-plexus-classworlds-2.4.jar
5f410000-5f414000 r--s 00035000 08:06 11275748   /root/.gradle/wrapper/dists/gradle-1.12-all/2apkk7d25miauqf1pdjp1bm0uo/gradle-1.12/lib/plugins/jarjar-plexus-utils-2.0.6.jar
5f414000-5f416000 r--s 0000e000 08:06 11275747   /root/.gradle/wrapper/dists/gradle-1.12-all/2apkk7d25miauqf1pdjp1bm0uo/gradle-1.12/lib/plugins/jarjar-plexus-interpolation-1.14.jar
5f416000-5f418000 r--s 00002000 08:06 11275746   /root/.gradle/wrapper/dists/gradle-1.12-all/2apkk7d25miauqf1pdjp1bm0uo/gradle-1.12/lib/plugins/jarjar-plexus-cipher-1.7.jar
5f418000-5f41a000 r--s 0000c000 08:06 11275745   /root/.gradle/wrapper/dists/gradle-1.12-all/2apkk7d25miauqf1pdjp1bm0uo/gradle-1.12/lib/plugins/jarjar-wagon-provider-api-2.4.jar
5f41a000-5f41c000 r--s 0000d000 08:06 11275744   /root/.gradle/wrapper/dists/gradle-1.12-all/2apkk7d25miauqf1pdjp1bm0uo/gradle-1.12/lib/plugins/jarjar-maven-aether-provider-3.0.4.jar
5f41c000-5f424000 r--s 00031000 08:06 11275743   /root/.gradle/wrapper/dists/gradle-1.12-all/2apkk7d25miauqf1pdjp1bm0uo/gradle-1.12/lib/plugins/jarjar-plexus-container-default-1.5.5.jar
5f424000-5f425000 r--s 00007000 08:06 11275742   /root/.gradle/wrapper/dists/gradle-1.12-all/2apkk7d25miauqf1pdjp1bm0uo/gradle-1.12/lib/plugins/jarjar-maven-repository-metadata-3.0.4.jar
5f425000-5f426000 r--s 0000b000 08:06 11275741   /root/.gradle/wrapper/dists/gradle-1.12-all/2apkk7d25miauqf1pdjp1bm0uo/gradle-1.12/lib/plugins/jarjar-maven-settings-3.0.4.jar
5f426000-5f43e000 r--s 000b2000 08:06 11275789   /root/.gradle/wrapper/dists/gradle-1.12-all/2apkk7d25miauqf1pdjp1bm0uo/gradle-1.12/lib/plugins/gradle-core-impl-1.12.jar
5f43e000-5f47b000 r-xp 00000000 08:06 9961677    /lib/i386-linux-gnu/libpcre.so.3.13.1
5f47b000-5f47c000 rw-p 0003c000 08:06 9961677    /lib/i386-linux-gnu/libpcre.so.3.13.1
5f47c000-5f484000 r-xp 00000000 08:06 1579712    /usr/lib/i386-linux-gnu/libffi.so.5.0.10
5f484000-5f485000 rw-p 00008000 08:06 1579712    /usr/lib/i386-linux-gnu/libffi.so.5.0.10
5f485000-5f486000 r-xp 00000000 08:06 1579962    /usr/lib/i386-linux-gnu/libgthread-2.0.so.0.3200.4
5f486000-5f487000 r--p 00000000 08:06 1579962    /usr/lib/i386-linux-gnu/libgthread-2.0.so.0.3200.4
5f487000-5f488000 rw-p 00001000 08:06 1579962    /usr/lib/i386-linux-gnu/libgthread-2.0.so.0.3200.4
5f488000-5f498000 r-xp 00000000 08:06 9961830    /lib/i386-linux-gnu/i686/cmov/libresolv-2.13.so
5f498000-5f499000 r--p 00010000 08:06 9961830    /lib/i386-linux-gnu/i686/cmov/libresolv-2.13.so
5f499000-5f49a000 rw-p 00011000 08:06 9961830    /lib/i386-linux-gnu/i686/cmov/libresolv-2.13.so
5f49a000-5f49c000 rw-p 00000000 00:00 0 
5f49c000-5f4ba000 r-xp 00000000 08:06 9961694    /lib/i386-linux-gnu/libselinux.so.1
5f4ba000-5f4bb000 r--p 0001d000 08:06 9961694    /lib/i386-linux-gnu/libselinux.so.1
5f4bb000-5f4bc000 rw-p 0001e000 08:06 9961694    /lib/i386-linux-gnu/libselinux.so.1
5f4bc000-5f4bf000 r-xp 00000000 08:06 1579803    /usr/lib/i386-linux-gnu/libgmodule-2.0.so.0.3200.4
5f4bf000-5f4c0000 r--p 00002000 08:06 1579803    /usr/lib/i386-linux-gnu/libgmodule-2.0.so.0.3200.4
5f4c0000-5f4c1000 rw-p 00003000 08:06 1579803    /usr/lib/i386-linux-gnu/libgmodule-2.0.so.0.3200.4
5f4c1000-5f5bc000 r-xp 00000000 08:06 9961611    /lib/i386-linux-gnu/libglib-2.0.so.0.3200.4
5f5bc000-5f5bd000 r--p 000fa000 08:06 9961611    /lib/i386-linux-gnu/libglib-2.0.so.0.3200.4
5f5bd000-5f5be000 rw-p 000fb000 08:06 9961611    /lib/i386-linux-gnu/libglib-2.0.so.0.3200.4
5f5be000-5f60e000 r-xp 00000000 08:06 1579819    /usr/lib/i386-linux-gnu/libgobject-2.0.so.0.3200.4
5f60e000-5f60f000 r--p 00050000 08:06 1579819    /usr/lib/i386-linux-gnu/libgobject-2.0.so.0.3200.4
5f60f000-5f610000 rw-p 00051000 08:06 1579819    /usr/lib/i386-linux-gnu/libgobject-2.0.so.0.3200.4
5f610000-5f76b000 r-xp 00000000 08:06 1579793    /usr/lib/i386-linux-gnu/libgio-2.0.so.0.3200.4
5f76b000-5f76c000 ---p 0015b000 08:06 1579793    /usr/lib/i386-linux-gnu/libgio-2.0.so.0.3200.4
5f76c000-5f76e000 r--p 0015b000 08:06 1579793    /usr/lib/i386-linux-gnu/libgio-2.0.so.0.3200.4
5f76e000-5f76f000 rw-p 0015d000 08:06 1579793    /usr/lib/i386-linux-gnu/libgio-2.0.so.0.3200.4
5f76f000-5f770000 rw-p 00000000 00:00 0 
5f770000-5f775000 r--s 0001d000 08:06 11275771   /root/.gradle/wrapper/dists/gradle-1.12-all/2apkk7d25miauqf1pdjp1bm0uo/gradle-1.12/lib/plugins/gradle-maven-1.12.jar
5f775000-5f786000 r-xp 00000000 08:06 2883824    /usr/lib/jvm/java-7-openjdk-i386/jre/lib/i386/libnio.so
5f786000-5f787000 r--p 00010000 08:06 2883824    /usr/lib/jvm/java-7-openjdk-i386/jre/lib/i386/libnio.so
5f787000-5f788000 rw-p 00011000 08:06 2883824    /usr/lib/jvm/java-7-openjdk-i386/jre/lib/i386/libnio.so
5f788000-5f79f000 r-xp 00000000 08:06 2883845    /usr/lib/jvm/java-7-openjdk-i386/jre/lib/i386/libnet.so
5f79f000-5f7a0000 r--p 00016000 08:06 2883845    /usr/lib/jvm/java-7-openjdk-i386/jre/lib/i386/libnet.so
5f7a0000-5f7a1000 rw-p 00017000 08:06 2883845    /usr/lib/jvm/java-7-openjdk-i386/jre/lib/i386/libnet.so
5f7a1000-5f7a2000 r--s 00005000 08:06 11275677   /root/.gradle/wrapper/dists/gradle-1.12-all/2apkk7d25miauqf1pdjp1bm0uo/gradle-1.12/lib/gradle-wrapper-1.12.jar
5f7a2000-5f7aa000 r--s 0002a000 08:06 11275682   /root/.gradle/wrapper/dists/gradle-1.12-all/2apkk7d25miauqf1pdjp1bm0uo/gradle-1.12/lib/gradle-tooling-api-1.12.jar
5f7aa000-5f7ac000 r--s 00005000 08:06 11275707   /root/.gradle/wrapper/dists/gradle-1.12-all/2apkk7d25miauqf1pdjp1bm0uo/gradle-1.12/lib/gradle-open-api-1.12.jar
5f7ac000-5f7b2000 r--s 00032000 08:06 11275709   /root/.gradle/wrapper/dists/gradle-1.12-all/2apkk7d25miauqf1pdjp1bm0uo/gradle-1.12/lib/jaxen-1.1.jar
5f7b2000-5f7b7000 r--s 00048000 08:06 11275708   /root/.gradle/wrapper/dists/gradle-1.12-all/2apkk7d25miauqf1pdjp1bm0uo/gradle-1.12/lib/dom4j-1.6.1.jar
5f7b7000-5f7c2000 r--s 0005b000 08:06 11275681   /root/.gradle/wrapper/dists/gradle-1.12-all/2apkk7d25miauqf1pdjp1bm0uo/gradle-1.12/lib/gradle-ui-1.12.jar
5f7c2000-5f7c4000 r--s 00007000 08:06 11275735   /root/.gradle/wrapper/dists/gradle-1.12-all/2apkk7d25miauqf1pdjp1bm0uo/gradle-1.12/lib/objenesis-1.2.jar
5f7c4000-5f7c6000 r--s 00000000 08:06 11275734   /root/.gradle/wrapper/dists/gradle-1.12-all/2apkk7d25miauqf1pdjp1bm0uo/gradle-1.12/lib/minlog-1.2.jar
5f7c6000-5f7c8000 r--s 0000f000 08:06 11275733   /root/.gradle/wrapper/dists/gradle-1.12-all/2apkk7d25miauqf1pdjp1bm0uo/gradle-1.12/lib/reflectasm-1.07-shaded.jar
5f7c8000-5f7ca000 r--s 0000a000 08:06 11275739   /root/.gradle/wrapper/dists/gradle-1.12-all/2apkk7d25miauqf1pdjp1bm0uo/gradle-1.12/lib/asm-4.0.jar
5f7ca000-5f7ce000 r--s 00026000 08:06 11275722   /root/.gradle/wrapper/dists/gradle-1.12-all/2apkk7d25miauqf1pdjp1bm0uo/gradle-1.12/lib/kryo-2.20.jar
5f7ce000-5f7d6000 r--s 00037000 08:06 11275703   /root/.gradle/wrapper/dists/gradle-1.12-all/2apkk7d25miauqf1pdjp1bm0uo/gradle-1.12/lib/gradle-messaging-1.12.jar
5f7d6000-5f7d7000 r--s 00003000 08:06 11275730   /root/.gradle/wrapper/dists/gradle-1.12-all/2apkk7d25miauqf1pdjp1bm0uo/gradle-1.12/lib/native-platform-freebsd-amd64-0.10.jar
5f7d7000-5f7d8000 r--s 00003000 08:06 11275729   /root/.gradle/wrapper/dists/gradle-1.12-all/2apkk7d25miauqf1pdjp1bm0uo/gradle-1.12/lib/native-platform-freebsd-i386-0.10.jar
5f7d8000-5f7d9000 r--s 00005000 08:06 11275728   /root/.gradle/wrapper/dists/gradle-1.12-all/2apkk7d25miauqf1pdjp1bm0uo/gradle-1.12/lib/native-platform-windows-i386-0.10.jar
5f7d9000-5f7da000 r--s 00005000 08:06 11275727   /root/.gradle/wrapper/dists/gradle-1.12-all/2apkk7d25miauqf1pdjp1bm0uo/gradle-1.12/lib/native-platform-windows-amd64-0.10.jar
5f7da000-5f7db000 r--s 00003000 08:06 11275726   /root/.gradle/wrapper/dists/gradle-1.12-all/2apkk7d25miauqf1pdjp1bm0uo/gradle-1.12/lib/native-platform-linux-i386-0.10.jar
5f7db000-5f7dc000 r--s 00003000 08:06 11275725   /root/.gradle/wrapper/dists/gradle-1.12-all/2apkk7d25miauqf1pdjp1bm0uo/gradle-1.12/lib/native-platform-linux-amd64-0.10.jar
5f7dc000-5f7dd000 r--s 00002000 08:06 11275724   /root/.gradle/wrapper/dists/gradle-1.12-all/2apkk7d25miauqf1pdjp1bm0uo/gradle-1.12/lib/native-platform-osx-amd64-0.10.jar
5f7dd000-5f7de000 r--s 00002000 08:06 11275723   /root/.gradle/wrapper/dists/gradle-1.12-all/2apkk7d25miauqf1pdjp1bm0uo/gradle-1.12/lib/native-platform-osx-i386-0.10.jar
5f7de000-5f7e0000 r--s 00008000 08:06 11275713   /root/.gradle/wrapper/dists/gradle-1.12-all/2apkk7d25miauqf1pdjp1bm0uo/gradle-1.12/lib/jansi-1.2.1.jar
5f7e0000-5f7e3000 r--s 00013000 08:06 11275712   /root/.gradle/wrapper/dists/gradle-1.12-all/2apkk7d25miauqf1pdjp1bm0uo/gradle-1.12/lib/jna-posix-1.0.3.jar
5f7e3000-5f7e6000 r--s 0000d000 08:06 11275711   /root/.gradle/wrapper/dists/gradle-1.12-all/2apkk7d25miauqf1pdjp1bm0uo/gradle-1.12/lib/native-platform-0.10.jar
5f7e6000-5f7ea000 r--s 000e4000 08:06 11275710   /root/.gradle/wrapper/dists/gradle-1.12-all/2apkk7d25miauqf1pdjp1bm0uo/gradle-1.12/lib/jna-3.2.7.jar
5f7ea000-5f7ec000 r--s 00009000 08:06 11275683   /root/.gradle/wrapper/dists/gradle-1.12-all/2apkk7d25miauqf1pdjp1bm0uo/gradle-1.12/lib/gradle-native-1.12.jar
5f7ec000-5f7ed000 r--s 00006000 08:06 11275680   /root/.gradle/wrapper/dists/gradle-1.12-all/2apkk7d25miauqf1pdjp1bm0uo/gradle-1.12/lib/gradle-cli-1.12.jar
5f7ed000-5f7ee000 r--s 00000000 08:06 11275688   /root/.gradle/wrapper/dists/gradle-1.12-all/2apkk7d25miauqf1pdjp1bm0uo/gradle-1.12/lib/gradle-resources-1.12.jar
5f7ee000-5f7f0000 r--s 00000000 08:06 11275687   /root/.gradle/wrapper/dists/gradle-1.12-all/2apkk7d25miauqf1pdjp1bm0uo/gradle-1.12/lib/gradle-base-services-groovy-1.12.jar
5f7f0000-5f7f1000 r--s 00000000 08:06 11275704   /root/.gradle/wrapper/dists/gradle-1.12-all/2apkk7d25miauqf1pdjp1bm0uo/gradle-1.12/lib/gradle-docs-1.12.jar
5f7f1000-5f7f7000 r--s 0005b000 08:06 11275721   /root/.gradle/wrapper/dists/gradle-1.12-all/2apkk7d25miauqf1pdjp1bm0uo/gradle-1.12/lib/jcifs-1.3.17.jar
5f7f7000-5f7fd000 r--s 00031000 08:06 11275720   /root/.gradle/wrapper/dists/gradle-1.12-all/2apkk7d25miauqf1pdjp1bm0uo/gradle-1.12/lib/httpcore-4.2.2.jar
5f7fd000-5f803000 r--s 00033000 08:06 11275719   /root/.gradle/wrapper/dists/gradle-1.12-all/2apkk7d25miauqf1pdjp1bm0uo/gradle-1.12/lib/commons-codec-1.6.jar
5f803000-5f805000 r--s 00026000 08:06 11275718   /root/.gradle/wrapper/dists/gradle-1.12-all/2apkk7d25miauqf1pdjp1bm0uo/gradle-1.12/lib/http-builder-0.6.jar
5f805000-5f807000 r--s 00013000 08:06 11275732   /root/.gradle/wrapper/dists/gradle-1.12-all/2apkk7d25miauqf1pdjp1bm0uo/gradle-1.12/lib/xml-resolver-1.2.jar
5f807000-5f80b000 r--s 00022000 08:06 11275731   /root/.gradle/wrapper/dists/gradle-1.12-all/2apkk7d25miauqf1pdjp1bm0uo/gradle-1.12/lib/json-lib-2.3-jdk15.jar
5f80b000-5f80e000 r--s 00013000 08:06 11275738   /root/.gradle/wrapper/dists/gradle-1.12-all/2apkk7d25miauqf1pdjp1bm0uo/gradle-1.12/lib/ezmorph-1.0.6.jar
5f80e000-5f813000 r--s 00034000 08:06 11275736   /root/.gradle/wrapper/dists/gradle-1.12-all/2apkk7d25miauqf1pdjp1bm0uo/gradle-1.12/lib/commons-beanutils-1.8.0.jar
5f813000-5f815000 r--s 0000d000 08:06 11275737   /root/.gradle/wrapper/dists/gradle-1.12-all/2apkk7d25miauqf1pdjp1bm0uo/gradle-1.12/lib/commons-logging-1.1.1.jar
5f815000-5f816000 r--s 00001000 08:06 11275717   /root/.gradle/wrapper/dists/gradle-1.12-all/2apkk7d25miauqf1pdjp1bm0uo/gradle-1.12/lib/bintray-client-java-api-0.1.0.jar
5f816000-5f825000 r--s 0007f000 08:06 11275716   /root/.gradle/wrapper/dists/gradle-1.12-all/2apkk7d25miauqf1pdjp1bm0uo/gradle-1.12/lib/joda-time-2.3.jar
5f825000-5f829000 r--s 0003d000 08:06 11275715   /root/.gradle/wrapper/dists/gradle-1.12-all/2apkk7d25miauqf1pdjp1bm0uo/gradle-1.12/lib/jsch-0.1.51.jar
5f829000-5f82b000 r--s 00003000 08:06 11275706   /root/.gradle/wrapper/dists/gradle-1.12-all/2apkk7d25miauqf1pdjp1bm0uo/gradle-1.12/lib/jcl-over-slf4j-1.7.5.jar
5f82b000-5f82d000 r--s 00004000 08:06 11275705   /root/.gradle/wrapper/dists/gradle-1.12-all/2apkk7d25miauqf1pdjp1bm0uo/gradle-1.12/lib/log4j-over-slf4j-1.7.5.jar
5f82d000-5f836000 r--s 00060000 08:06 11275702   /root/.gradle/wrapper/dists/gradle-1.12-all/2apkk7d25miauqf1pdjp1bm0uo/gradle-1.12/lib/httpclient-4.2.2.jar
5f836000-5f837000 r--s 00009000 08:06 11275701   /root/.gradle/wrapper/dists/gradle-1.12-all/2apkk7d25miauqf1pdjp1bm0uo/gradle-1.12/lib/bintray-client-java-impl-0.1.0.jar
5f837000-5f838000 r--s 00000000 08:06 11275700   /root/.gradle/wrapper/dists/gradle-1.12-all/2apkk7d25miauqf1pdjp1bm0uo/gradle-1.12/lib/javax.inject-1.jar
5f838000-5f83b000 r--s 0001b000 08:06 11275699   /root/.gradle/wrapper/dists/gradle-1.12-all/2apkk7d25miauqf1pdjp1bm0uo/gradle-1.12/lib/jarjar-1.3.jar
5f83b000-5f83c000 r--s 00001000 08:06 11275698   /root/.gradle/wrapper/dists/gradle-1.12-all/2apkk7d25miauqf1pdjp1bm0uo/gradle-1.12/lib/jul-to-slf4j-1.7.5.jar
5f83c000-5f83d000 r--s 00000000 08:06 11275697   /root/.gradle/wrapper/dists/gradle-1.12-all/2apkk7d25miauqf1pdjp1bm0uo/gradle-1.12/lib/jcip-annotations-1.0.jar
5f83d000-5f843000 r--s 0003b000 08:06 11275696   /root/.gradle/wrapper/dists/gradle-1.12-all/2apkk7d25miauqf1pdjp1bm0uo/gradle-1.12/lib/logback-classic-1.0.13.jar
5f843000-5f84d000 r--s 0005d000 08:06 11275695   /root/.gradle/wrapper/dists/gradle-1.12-all/2apkk7d25miauqf1pdjp1bm0uo/gradle-1.12/lib/logback-core-1.0.13.jar
5f84d000-5f85c000 r--s 000d9000 08:06 11275694   /root/.gradle/wrapper/dists/gradle-1.12-all/2apkk7d25miauqf1pdjp1bm0uo/gradle-1.12/lib/ivy-2.2.0.jar
5f85c000-5f8b8000 r--s 00586000 08:06 11275686   /root/.gradle/wrapper/dists/gradle-1.12-all/2apkk7d25miauqf1pdjp1bm0uo/gradle-1.12/lib/groovy-all-1.8.6.jar
5f8b8000-5f8df000 r--s 001c3000 08:06 11275685   /root/.gradle/wrapper/dists/gradle-1.12-all/2apkk7d25miauqf1pdjp1bm0uo/gradle-1.12/lib/guava-jdk5-14.0.1.jar
5f8df000-5f8fe000 r--s 001cc000 08:06 11275690   /root/.gradle/wrapper/dists/gradle-1.12-all/2apkk7d25miauqf1pdjp1bm0uo/gradle-1.12/lib/ant-1.9.3.jar
5f8fe000-5f92e000 r--s 00191000 08:06 11275679   /root/.gradle/wrapper/dists/gradle-1.12-all/2apkk7d25miauqf1pdjp1bm0uo/gradle-1.12/lib/gradle-core-1.12.jar
5f92e000-5f92f000 ---p 00000000 00:00 0 
5f92f000-5f9af000 rw-p 00000000 00:00 0 
5f9af000-5f9b2000 ---p 00000000 00:00 0 
5f9b2000-5fa00000 rw-p 00000000 00:00 0 
5fa00000-5fb00000 rw-p 00000000 00:00 0 
5fb00000-5fb01000 r--s 00002000 08:06 11275808   /root/.gradle/wrapper/dists/gradle-1.12-all/2apkk7d25miauqf1pdjp1bm0uo/gradle-1.12/lib/plugins/sonar-batch-bootstrapper-2.9.jar
5fb01000-5fb06000 r--s 00041000 08:06 11275693   /root/.gradle/wrapper/dists/gradle-1.12-all/2apkk7d25miauqf1pdjp1bm0uo/gradle-1.12/lib/commons-lang-2.6.jar
5fb06000-5fb09000 r--s 00018000 08:06 11275692   /root/.gradle/wrapper/dists/gradle-1.12-all/2apkk7d25miauqf1pdjp1bm0uo/gradle-1.12/lib/commons-io-1.4.jar
5fb09000-5fb17000 r--s 0007f000 08:06 11275691   /root/.gradle/wrapper/dists/gradle-1.12-all/2apkk7d25miauqf1pdjp1bm0uo/gradle-1.12/lib/commons-collections-3.2.1.jar
5fb17000-5fb1c000 r--s 00035000 08:06 11275689   /root/.gradle/wrapper/dists/gradle-1.12-all/2apkk7d25miauqf1pdjp1bm0uo/gradle-1.12/lib/asm-all-5.0_BETA.jar
5fb1c000-5fb21000 r--s 00024000 08:06 11275678   /root/.gradle/wrapper/dists/gradle-1.12-all/2apkk7d25miauqf1pdjp1bm0uo/gradle-1.12/lib/gradle-base-services-1.12.jar
5fb21000-5fb28000 r--s 00037000 08:06 11275676   /root/.gradle/wrapper/dists/gradle-1.12-all/2apkk7d25miauqf1pdjp1bm0uo/gradle-1.12/lib/gradle-launcher-1.12.jar
5fb28000-5fb2b000 ---p 00000000 00:00 0 
5fb2b000-5fba9000 rw-p 00000000 00:00 0 
5fba9000-5fbac000 ---p 00000000 00:00 0 
5fbac000-5fc2a000 rw-p 00000000 00:00 0 
5fc2a000-5fc2d000 ---p 00000000 00:00 0 
5fc2d000-5fc7b000 rw-p 00000000 00:00 0 
5fc7b000-5fded000 r--p 00000000 08:06 1706402    /usr/lib/locale/locale-archive
5fded000-5fdf0000 ---p 00000000 00:00 0 
5fdf0000-5fe3e000 rw-p 00000000 00:00 0 
5fe3e000-5fe41000 ---p 00000000 00:00 0 
5fe41000-5fe8f000 rw-p 00000000 00:00 0 
5fe8f000-5fe90000 ---p 00000000 00:00 0 
5fe90000-5ff59000 rw-p 00000000 00:00 0 
5ff59000-6010a000 r--s 01d21000 08:06 2365418    /usr/lib/jvm/java-7-openjdk-i386/jre/lib/rt.jar
6010a000-62e65000 rw-p 00000000 00:00 0 
62e65000-62e66000 ---p 00000000 00:00 0 
62e66000-62ee6000 rw-p 00000000 00:00 0 
62ee6000-62ee7000 ---p 00000000 00:00 0 
62ee7000-62f67000 rw-p 00000000 00:00 0 
62f67000-62f68000 ---p 00000000 00:00 0 
62f68000-62fe8000 rw-p 00000000 00:00 0 
62fe8000-62fe9000 ---p 00000000 00:00 0 
62fe9000-63089000 rw-p 00000000 00:00 0 
63089000-630e9000 rw-p 00000000 00:00 0 
630e9000-6310e000 rw-p 00000000 00:00 0 
6310e000-6323f000 rw-p 00000000 00:00 0 
6323f000-6325f000 rw-p 00000000 00:00 0 
6325f000-632bf000 rw-p 00000000 00:00 0 
632bf000-632e4000 rw-p 00000000 00:00 0 
632e4000-63414000 rw-p 00000000 00:00 0 
63414000-63495000 rw-p 00000000 00:00 0 
63495000-634bf000 rw-p 00000000 00:00 0 
634bf000-674c0000 rw-p 00000000 00:00 0 
674c0000-734c0000 rw-p 00000000 00:00 0 
734c0000-77ec0000 rw-p 00000000 00:00 0 
7b500000-9df40000 rw-p 00000000 00:00 0 
9df40000-ae080000 rw-p 00000000 00:00 0 
ae080000-b34c0000 rw-p 00000000 00:00 0 
b34c0000-b34c1000 r--s 00007000 08:06 11275807   /root/.gradle/wrapper/dists/gradle-1.12-all/2apkk7d25miauqf1pdjp1bm0uo/gradle-1.12/lib/plugins/sonar-runner-2.0.jar
b34c1000-b34c2000 r--s 00004000 08:06 11275804   /root/.gradle/wrapper/dists/gradle-1.12-all/2apkk7d25miauqf1pdjp1bm0uo/gradle-1.12/lib/plugins/pmaven-common-0.8-20100325.jar
b34c2000-b34c4000 r--s 00005000 08:06 11275684   /root/.gradle/wrapper/dists/gradle-1.12-all/2apkk7d25miauqf1pdjp1bm0uo/gradle-1.12/lib/slf4j-api-1.7.5.jar
b34c4000-b34c6000 r--s 00012000 08:06 2365409    /usr/lib/jvm/java-7-openjdk-i386/jre/lib/ext/zipfs.jar
b34c6000-b34c9000 r--s 0000f000 08:06 2365406    /usr/lib/jvm/java-7-openjdk-i386/jre/lib/ext/pulse-java.jar
b34c9000-b34fb000 rw-p 00000000 00:00 0 
b34fb000-b35a7000 rw-p 00000000 00:00 0 
b35a7000-b3a87000 rwxp 00000000 00:00 0 
b3a87000-b65a7000 rw-p 00000000 00:00 0 
b65a7000-b65b1000 r-xp 00000000 08:06 9961825    /lib/i386-linux-gnu/i686/cmov/libnss_files-2.13.so
b65b1000-b65b2000 r--p 00009000 08:06 9961825    /lib/i386-linux-gnu/i686/cmov/libnss_files-2.13.so
b65b2000-b65b3000 rw-p 0000a000 08:06 9961825    /lib/i386-linux-gnu/i686/cmov/libnss_files-2.13.so
b65b3000-b65bc000 r-xp 00000000 08:06 9961827    /lib/i386-linux-gnu/i686/cmov/libnss_nis-2.13.so
b65bc000-b65bd000 r--p 00008000 08:06 9961827    /lib/i386-linux-gnu/i686/cmov/libnss_nis-2.13.so
b65bd000-b65be000 rw-p 00009000 08:06 9961827    /lib/i386-linux-gnu/i686/cmov/libnss_nis-2.13.so
b65be000-b65d1000 r-xp 00000000 08:06 9961821    /lib/i386-linux-gnu/i686/cmov/libnsl-2.13.so
b65d1000-b65d2000 r--p 00012000 08:06 9961821    /lib/i386-linux-gnu/i686/cmov/libnsl-2.13.so
b65d2000-b65d3000 rw-p 00013000 08:06 9961821    /lib/i386-linux-gnu/i686/cmov/libnsl-2.13.so
b65d3000-b65d5000 rw-p 00000000 00:00 0 
b65d5000-b65db000 r-xp 00000000 08:06 9961823    /lib/i386-linux-gnu/i686/cmov/libnss_compat-2.13.so
b65db000-b65dc000 r--p 00005000 08:06 9961823    /lib/i386-linux-gnu/i686/cmov/libnss_compat-2.13.so
b65dc000-b65dd000 rw-p 00006000 08:06 9961823    /lib/i386-linux-gnu/i686/cmov/libnss_compat-2.13.so
b65dd000-b65de000 r--s 00004000 08:06 11275714   /root/.gradle/wrapper/dists/gradle-1.12-all/2apkk7d25miauqf1pdjp1bm0uo/gradle-1.12/lib/ant-launcher-1.9.3.jar
b65de000-b65e2000 r--s 00085000 08:06 2365410    /usr/lib/jvm/java-7-openjdk-i386/jre/lib/ext/localedata.jar
b65e2000-b65e3000 r--s 00002000 08:06 2365408    /usr/lib/jvm/java-7-openjdk-i386/jre/lib/ext/dnsns.jar
b65e3000-b65eb000 r-xp 00000000 08:06 2883849    /usr/lib/jvm/java-7-openjdk-i386/jre/lib/i386/libzip.so
b65eb000-b65ec000 r--p 00007000 08:06 2883849    /usr/lib/jvm/java-7-openjdk-i386/jre/lib/i386/libzip.so
b65ec000-b65ed000 rw-p 00008000 08:06 2883849    /usr/lib/jvm/java-7-openjdk-i386/jre/lib/i386/libzip.so
b65ed000-b65f5000 rw-s 00000000 08:06 13371021   /tmp/hsperfdata_root/11165
b65f5000-b661c000 r-xp 00000000 08:06 2883850    /usr/lib/jvm/java-7-openjdk-i386/jre/lib/i386/libjava.so
b661c000-b661d000 r--p 00026000 08:06 2883850    /usr/lib/jvm/java-7-openjdk-i386/jre/lib/i386/libjava.so
b661d000-b661e000 rw-p 00027000 08:06 2883850    /usr/lib/jvm/java-7-openjdk-i386/jre/lib/i386/libjava.so
b661e000-b6625000 r-xp 00000000 08:06 9961831    /lib/i386-linux-gnu/i686/cmov/librt-2.13.so
b6625000-b6626000 r--p 00006000 08:06 9961831    /lib/i386-linux-gnu/i686/cmov/librt-2.13.so
b6626000-b6627000 rw-p 00007000 08:06 9961831    /lib/i386-linux-gnu/i686/cmov/librt-2.13.so
b6627000-b662a000 ---p 00000000 00:00 0 
b662a000-b6678000 rw-p 00000000 00:00 0 
b6678000-b6694000 r-xp 00000000 08:06 9961607    /lib/i386-linux-gnu/libgcc_s.so.1
b6694000-b6695000 rw-p 0001b000 08:06 9961607    /lib/i386-linux-gnu/libgcc_s.so.1
b6695000-b66b9000 r-xp 00000000 08:06 9961819    /lib/i386-linux-gnu/i686/cmov/libm-2.13.so
b66b9000-b66ba000 r--p 00023000 08:06 9961819    /lib/i386-linux-gnu/i686/cmov/libm-2.13.so
b66ba000-b66bb000 rw-p 00024000 08:06 9961819    /lib/i386-linux-gnu/i686/cmov/libm-2.13.so
b66bb000-b679b000 r-xp 00000000 08:06 1580299    /usr/lib/i386-linux-gnu/libstdc++.so.6.0.17
b679b000-b679f000 r--p 000e0000 08:06 1580299    /usr/lib/i386-linux-gnu/libstdc++.so.6.0.17
b679f000-b67a0000 rw-p 000e4000 08:06 1580299    /usr/lib/i386-linux-gnu/libstdc++.so.6.0.17
b67a0000-b67a7000 rw-p 00000000 00:00 0 
b67a7000-b716e000 r-xp 00000000 08:06 2883836    /usr/lib/jvm/java-7-openjdk-i386/jre/lib/i386/server/libjvm.so
b716e000-b71c3000 r--p 009c7000 08:06 2883836    /usr/lib/jvm/java-7-openjdk-i386/jre/lib/i386/server/libjvm.so
b71c3000-b71d7000 rw-p 00a1c000 08:06 2883836    /usr/lib/jvm/java-7-openjdk-i386/jre/lib/i386/server/libjvm.so
b71d7000-b75f5000 rw-p 00000000 00:00 0 
b75f5000-b760c000 r-xp 00000000 08:06 9961726    /lib/i386-linux-gnu/libz.so.1.2.7
b760c000-b760d000 r--p 00016000 08:06 9961726    /lib/i386-linux-gnu/libz.so.1.2.7
b760d000-b760e000 rw-p 00017000 08:06 9961726    /lib/i386-linux-gnu/libz.so.1.2.7
b760e000-b776b000 r-xp 00000000 08:06 9961815    /lib/i386-linux-gnu/i686/cmov/libc-2.13.so
b776b000-b776d000 r--p 0015d000 08:06 9961815    /lib/i386-linux-gnu/i686/cmov/libc-2.13.so
b776d000-b776e000 rw-p 0015f000 08:06 9961815    /lib/i386-linux-gnu/i686/cmov/libc-2.13.so
b776e000-b7771000 rw-p 00000000 00:00 0 
b7771000-b7773000 r-xp 00000000 08:06 9961818    /lib/i386-linux-gnu/i686/cmov/libdl-2.13.so
b7773000-b7774000 r--p 00001000 08:06 9961818    /lib/i386-linux-gnu/i686/cmov/libdl-2.13.so
b7774000-b7775000 rw-p 00002000 08:06 9961818    /lib/i386-linux-gnu/i686/cmov/libdl-2.13.so
b7775000-b7782000 r-xp 00000000 08:06 2883828    /usr/lib/jvm/java-7-openjdk-i386/jre/lib/i386/jli/libjli.so
b7782000-b7783000 r--p 0000c000 08:06 2883828    /usr/lib/jvm/java-7-openjdk-i386/jre/lib/i386/jli/libjli.so
b7783000-b7784000 rw-p 0000d000 08:06 2883828    /usr/lib/jvm/java-7-openjdk-i386/jre/lib/i386/jli/libjli.so
b7784000-b7799000 r-xp 00000000 08:06 9961811    /lib/i386-linux-gnu/i686/cmov/libpthread-2.13.so
b7799000-b779a000 r--p 00014000 08:06 9961811    /lib/i386-linux-gnu/i686/cmov/libpthread-2.13.so
b779a000-b779b000 rw-p 00015000 08:06 9961811    /lib/i386-linux-gnu/i686/cmov/libpthread-2.13.so
b779b000-b779e000 rw-p 00000000 00:00 0 
b779e000-b77a1000 r--s 00032000 08:06 2365407    /usr/lib/jvm/java-7-openjdk-i386/jre/lib/ext/sunjce_provider.jar
b77a1000-b77a2000 r--s 00007000 08:06 3284962    /usr/share/java/java-atk-wrapper.jar
b77a2000-b77a5000 r--s 0003c000 08:06 2365411    /usr/lib/jvm/java-7-openjdk-i386/jre/lib/ext/sunpkcs11.jar
b77a5000-b77a6000 rw-p 00000000 00:00 0 
b77a6000-b77a7000 ---p 00000000 00:00 0 
b77a7000-b77b4000 r-xp 00000000 08:06 2883846    /usr/lib/jvm/java-7-openjdk-i386/jre/lib/i386/libverify.so
b77b4000-b77b5000 r--p 0000d000 08:06 2883846    /usr/lib/jvm/java-7-openjdk-i386/jre/lib/i386/libverify.so
b77b5000-b77b6000 rw-p 0000e000 08:06 2883846    /usr/lib/jvm/java-7-openjdk-i386/jre/lib/i386/libverify.so
b77b6000-b77b8000 rw-p 00000000 00:00 0 
b77b8000-b77b9000 r-xp 00000000 00:00 0          [vdso]
b77b9000-b77d5000 r-xp 00000000 08:06 9961948    /lib/i386-linux-gnu/ld-2.13.so
b77d5000-b77d6000 r--p 0001b000 08:06 9961948    /lib/i386-linux-gnu/ld-2.13.so
b77d6000-b77d7000 rw-p 0001c000 08:06 9961948    /lib/i386-linux-gnu/ld-2.13.so
bfe54000-bfe55000 rwxp 00000000 00:00 0 
bfe87000-bfea8000 rw-p 00000000 00:00 0          [stack]

VM Arguments:
jvm_args: -XX:MaxPermSize=256m -XX:+HeapDumpOnOutOfMemoryError -Xmx1024m -Dfile.encoding=UTF-8 
java_command: org.gradle.launcher.daemon.bootstrap.GradleDaemon 1.12 /root/.gradle/daemon 10800000 1cce6286-da8f-4f5e-9a8e-34aab064572a -XX:MaxPermSize=256m -XX:+HeapDumpOnOutOfMemoryError -Xmx1024m -Dfile.encoding=UTF-8
Launcher Type: SUN_STANDARD

Environment Variables:
JAVA_HOME=/usr/lib/jvm/java-1.7.0-openjdk-i386
JRE_HOME=/usr/lib/jvm/java-1.7.0-openjdk-i386/jre
CLASSPATH=/root/Programs/android-studio/bin/../lib/bootstrap.jar:/root/Programs/android-studio/bin/../lib/extensions.jar:/root/Programs/android-studio/bin/../lib/util.jar:/root/Programs/android-studio/bin/../lib/jdom.jar:/root/Programs/android-studio/bin/../lib/log4j.jar:/root/Programs/android-studio/bin/../lib/trove4j.jar:/root/Programs/android-studio/bin/../lib/jna.jar:/etc/jdk1.8.0_05/lib/tools.jar
PATH=/usr/local/sbin:/usr/local/bin:/usr/sbin:/usr/bin:/sbin:/bin:/root/bin:/usr/lib/jvm/java-1.7.0-openjdk-i386/bin:/root/bin:/usr/lib/jvm/java-1.7.0-openjdk-i386/jre/bin
USERNAME=root
LD_LIBRARY_PATH=/root/Programs/android-studio/bin:
SHELL=/bin/bash
DISPLAY=:0

Signal Handlers:
SIGSEGV: [libjvm.so+0x803290], sa_mask[0]=0x7ffbfeff, sa_flags=0x10000004
SIGBUS: [libjvm.so+0x803290], sa_mask[0]=0x7ffbfeff, sa_flags=0x10000004
SIGFPE: [libjvm.so+0x67c600], sa_mask[0]=0x7ffbfeff, sa_flags=0x10000004
SIGPIPE: [libjvm.so+0x67c600], sa_mask[0]=0x7ffbfeff, sa_flags=0x10000004
SIGXFSZ: [libjvm.so+0x67c600], sa_mask[0]=0x7ffbfeff, sa_flags=0x10000004
SIGILL: [libjvm.so+0x67c600], sa_mask[0]=0x7ffbfeff, sa_flags=0x10000004
SIGUSR1: SIG_DFL, sa_mask[0]=0x00000000, sa_flags=0x00000000
SIGUSR2: [libjvm.so+0x67c740], sa_mask[0]=0x00000004, sa_flags=0x10000004
SIGHUP: [libjvm.so+0x67cb90], sa_mask[0]=0x7ffbfeff, sa_flags=0x10000004
SIGINT: [libjvm.so+0x67cb90], sa_mask[0]=0x7ffbfeff, sa_flags=0x10000004
SIGTERM: [libjvm.so+0x67cb90], sa_mask[0]=0x7ffbfeff, sa_flags=0x10000004
SIGQUIT: [libjvm.so+0x67cb90], sa_mask[0]=0x7ffbfeff, sa_flags=0x10000004
SIGTRAP: SIG_DFL, sa_mask[0]=0x00000000, sa_flags=0x00000000


---------------  S Y S T E M  ---------------

OS:7.6

uname:Linux 3.2.0-4-686-pae #1 SMP Debian 3.2.60-1+deb7u3 i686
libc:glibc 2.13 NPTL 2.13 
rlimit: STACK 8192k, CORE 0k, NPROC 31196, NOFILE 4096, AS infinity
load average:6,23 5,94 5,12

/proc/meminfo:
MemTotal:        4003488 kB
MemFree:          172660 kB
Buffers:           10680 kB
Cached:           115756 kB
SwapCached:            0 kB
Active:          3655896 kB
Inactive:          74740 kB
Active(anon):    3605268 kB
Inactive(anon):    32044 kB
Active(file):      50628 kB
Inactive(file):    42696 kB
Unevictable:         136 kB
Mlocked:             136 kB
HighTotal:       3142768 kB
HighFree:           9520 kB
LowTotal:         860720 kB
LowFree:          163140 kB
SwapTotal:             0 kB
SwapFree:              0 kB
Dirty:              4264 kB
Writeback:             0 kB
AnonPages:       3604532 kB
Mapped:            78112 kB
Shmem:             33008 kB
Slab:              37068 kB
SReclaimable:      15380 kB
SUnreclaim:        21688 kB
KernelStack:        5120 kB
PageTables:        21940 kB
NFS_Unstable:          0 kB
Bounce:                0 kB
WritebackTmp:          0 kB
CommitLimit:     2001744 kB
Committed_AS:    7014208 kB
VmallocTotal:     122880 kB
VmallocUsed:       52096 kB
VmallocChunk:      66304 kB
HardwareCorrupted:     0 kB
AnonHugePages:         0 kB
HugePages_Total:       0
HugePages_Free:        0
HugePages_Rsvd:        0
HugePages_Surp:        0
Hugepagesize:       2048 kB
DirectMap4k:        8184 kB
DirectMap2M:      903168 kB


CPU:total 4 (2 cores per cpu, 2 threads per core) family 6 model 37 stepping 2, cmov, cx8, fxsr, mmx, sse, sse2, sse3, ssse3, sse4.1, sse4.2, popcnt, ht, tsc, tscinvbit

/proc/cpuinfo:
processor	: 0
vendor_id	: GenuineIntel
cpu family	: 6
model		: 37
model name	: Intel(R) Core(TM) i3 CPU       M 330  @ 2.13GHz
stepping	: 2
microcode	: 0x9
cpu MHz		: 2133.000
cache size	: 3072 KB
physical id	: 0
siblings	: 4
core id		: 0
cpu cores	: 2
apicid		: 0
initial apicid	: 0
fdiv_bug	: no
hlt_bug		: no
f00f_bug	: no
coma_bug	: no
fpu		: yes
fpu_exception	: yes
cpuid level	: 11
wp		: yes
flags		: fpu vme de pse tsc msr pae mce cx8 apic sep mtrr pge mca cmov pat pse36 clflush dts acpi mmx fxsr sse sse2 ss ht tm pbe nx rdtscp lm constant_tsc arch_perfmon pebs bts xtopology nonstop_tsc aperfmperf pni dtes64 monitor ds_cpl vmx est tm2 ssse3 cx16 xtpr pdcm sse4_1 sse4_2 popcnt lahf_lm arat dtherm tpr_shadow vnmi flexpriority ept vpid
bogomips	: 4256.66
clflush size	: 64
cache_alignment	: 64
address sizes	: 36 bits physical, 48 bits virtual
power management:

processor	: 1
vendor_id	: GenuineIntel
cpu family	: 6
model		: 37
model name	: Intel(R) Core(TM) i3 CPU       M 330  @ 2.13GHz
stepping	: 2
microcode	: 0x9
cpu MHz		: 2133.000
cache size	: 3072 KB
physical id	: 0
siblings	: 4
core id		: 0
cpu cores	: 2
apicid		: 1
initial apicid	: 1
fdiv_bug	: no
hlt_bug		: no
f00f_bug	: no
coma_bug	: no
fpu		: yes
fpu_exception	: yes
cpuid level	: 11
wp		: yes
flags		: fpu vme de pse tsc msr pae mce cx8 apic sep mtrr pge mca cmov pat pse36 clflush dts acpi mmx fxsr sse sse2 ss ht tm pbe nx rdtscp lm constant_tsc arch_perfmon pebs bts xtopology nonstop_tsc aperfmperf pni dtes64 monitor ds_cpl vmx est tm2 ssse3 cx16 xtpr pdcm sse4_1 sse4_2 popcnt lahf_lm arat dtherm tpr_shadow vnmi flexpriority ept vpid
bogomips	: 4256.66
clflush size	: 64
cache_alignment	: 64
address sizes	: 36 bits physical, 48 bits virtual
power management:

processor	: 2
vendor_id	: GenuineIntel
cpu family	: 6
model		: 37
model name	: Intel(R) Core(TM) i3 CPU       M 330  @ 2.13GHz
stepping	: 2
microcode	: 0x9
cpu MHz		: 2133.000
cache size	: 3072 KB
physical id	: 0
siblings	: 4
core id		: 2
cpu cores	: 2
apicid		: 4
initial apicid	: 4
fdiv_bug	: no
hlt_bug		: no
f00f_bug	: no
coma_bug	: no
fpu		: yes
fpu_exception	: yes
cpuid level	: 11
wp		: yes
flags		: fpu vme de pse tsc msr pae mce cx8 apic sep mtrr pge mca cmov pat pse36 clflush dts acpi mmx fxsr sse sse2 ss ht tm pbe nx rdtscp lm constant_tsc arch_perfmon pebs bts xtopology nonstop_tsc aperfmperf pni dtes64 monitor ds_cpl vmx est tm2 ssse3 cx16 xtpr pdcm sse4_1 sse4_2 popcnt lahf_lm arat dtherm tpr_shadow vnmi flexpriority ept vpid
bogomips	: 4256.68
clflush size	: 64
cache_alignment	: 64
address sizes	: 36 bits physical, 48 bits virtual
power management:

processor	: 3
vendor_id	: GenuineIntel
cpu family	: 6
model		: 37
model name	: Intel(R) Core(TM) i3 CPU       M 330  @ 2.13GHz
stepping	: 2
microcode	: 0x9
cpu MHz		: 2133.000
cache size	: 3072 KB
physical id	: 0
siblings	: 4
core id		: 2
cpu cores	: 2
apicid		: 5
initial apicid	: 5
fdiv_bug	: no
hlt_bug		: no
f00f_bug	: no
coma_bug	: no
fpu		: yes
fpu_exception	: yes
cpuid level	: 11
wp		: yes
flags		: fpu vme de pse tsc msr pae mce cx8 apic sep mtrr pge mca cmov pat pse36 clflush dts acpi mmx fxsr sse sse2 ss ht tm pbe nx rdtscp lm constant_tsc arch_perfmon pebs bts xtopology nonstop_tsc aperfmperf pni dtes64 monitor ds_cpl vmx est tm2 ssse3 cx16 xtpr pdcm sse4_1 sse4_2 popcnt lahf_lm arat dtherm tpr_shadow vnmi flexpriority ept vpid
bogomips	: 4256.68
clflush size	: 64
cache_alignment	: 64
address sizes	: 36 bits physical, 48 bits virtual
power management:



Memory: 4k page, physical 4003488k(172660k free), swap 0k(0k free)

vm_info: OpenJDK Server VM (24.65-b04) for linux-x86 JRE (1.7.0_65-b32), built on Aug 31 2014 11:50:40 by "buildd" with gcc 4.7.2

time: Thu Sep  4 14:27:05 2014
elapsed time: 360 seconds

