#
# There is insufficient memory for the Java Runtime Environment to continue.
# Native memory allocation (malloc) failed to allocate 16252928 bytes for committing reserved memory.
# Possible reasons:
#   The system is out of physical RAM or swap space
#   In 32 bit mode, the process size limit was hit
# Possible solutions:
#   Reduce memory load on the system
#   Increase physical memory or swap space
#   Check if swap backing store is full
#   Use 64 bit Java on a 64 bit OS
#   Decrease Java heap size (-Xmx/-Xms)
#   Decrease number of Java threads
#   Decrease Java thread stack sizes (-Xss)
#   Set larger code cache with -XX:ReservedCodeCacheSize=
# This output file may be truncated or incomplete.
#
#  Out of Memory Error (os_linux.cpp:2798), pid=11723, tid=1747102576
#
# JRE version: OpenJDK Runtime Environment (7.0_65-b32) (build 1.7.0_65-b32)
# Java VM: OpenJDK Server VM (24.65-b04 mixed mode linux-x86 )
# Failed to write core dump. Core dumps have been disabled. To enable core dumping, try "ulimit -c unlimited" before starting Java again
#

---------------  T H R E A D  ---------------

Current thread (0x08e6b400):  VMThread [stack: 0x681aa000,0x6822b000] [id=11776]

Stack: [0x681aa000,0x6822b000]
[error occurred during error reporting (printing stack bounds), id 0xb]


[error occurred during error reporting (printing native stack), id 0xb]

VM_Operation (0xb65a49a8): ParallelGCFailedAllocation, mode: safepoint, requested by thread 0x08cf2c00


---------------  P R O C E S S  ---------------

Java Threads: ( => current thread )
  0x6ad00c00 JavaThread "Service Thread" daemon [_thread_blocked, id=11799, stack(0x67df2000,0x67e43000)]
  0x08e89000 JavaThread "C2 CompilerThread1" daemon [_thread_blocked, id=11798, stack(0x67e43000,0x67ec4000)]
  0x08e86800 JavaThread "C2 CompilerThread0" daemon [_thread_blocked, id=11794, stack(0x67ec4000,0x67f45000)]
  0x08e84c00 JavaThread "Signal Dispatcher" daemon [_thread_blocked, id=11790, stack(0x67f45000,0x67f96000)]
  0x08e6f800 JavaThread "Finalizer" daemon [_thread_blocked, id=11784, stack(0x68108000,0x68159000)]
  0x08e6e000 JavaThread "Reference Handler" daemon [_thread_blocked, id=11780, stack(0x68159000,0x681aa000)]
  0x08cf2c00 JavaThread "main" [_thread_blocked, id=11757, stack(0xb6555000,0xb65a6000)]

Other Threads:
=>0x08e6b400 VMThread [stack: 0x681aa000,0x6822b000] [id=11776]
  0x6ad02800 WatcherThread [stack: 0x67d71000,0x67df2000] [id=11800]

VM state:at safepoint (normal execution)

VM Mutex/Monitor currently owned by a thread:  ([mutex/lock_event])
[0x08cf03f8] Threads_lock - owner thread: 0x08e6b400
[0x08cf0808] Heap_lock - owner thread: 0x08cf2c00

Heap
 PSYoungGen      total 18432K, used 2554K [0x9de80000, 0x9f300000, 0xb3400000)
  eden space 15872K, 0% used [0x9de80000,0x9de80000,0x9ee00000)
  from space 2560K, 99% used [0x9ee00000,0x9f07e9d8,0x9f080000)
  to   space 2560K, 0% used [0x9f080000,0x9f080000,0x9f300000)
 ParOldGen       total 41728K, used 6688K [0x73400000, 0x75cc0000, 0x9de80000)
  object space 41728K, 16% used [0x73400000,0x73a880d8,0x75cc0000)
 PSPermGen       total 16384K, used 3699K [0x6b400000, 0x6c400000, 0x73400000)
  object space 16384K, 22% used [0x6b400000,0x6b79ce60,0x6c400000)

Card table byte_map: [0x6b1bf000,0x6b400000] byte_map_base: 0x6ae65000

Polling page: 0xb76d4000

Code Cache  [0xb34d5000, 0xb3715000, 0xb64d5000)
 total_blobs=370 nmethods=251 adapters=73 free_code_cache=48259Kb largest_free_block=49381504

Compilation events (10 events):
Event: 11,792 Thread 0x08e89000 nmethod 249 0xb359d0c8 code [0xb359d1c0, 0xb359d290]
Event: 11,792 Thread 0x08e89000  250             com.android.dx.ssa.SsaMethod$2::visitNonMoveInsn (6 bytes)
Event: 11,793 Thread 0x08e89000 nmethod 250 0xb3527848 code [0xb3527940, 0xb352799c]
Event: 11,793 Thread 0x08e89000  251             com.android.dx.cf.code.BasicBlocker::getBlockList (208 bytes)
Event: 11,886 Thread 0x08e89000 nmethod 251 0xb359ac48 code [0xb359ade0, 0xb359b81c]
Event: 11,889 Thread 0x08e89000  252             com.android.dx.cf.code.Ropper::addExceptionSetupBlocks (203 bytes)
Event: 11,964 Thread 0x08e89000 nmethod 252 0xb35a05c8 code [0xb35a07e0, 0xb35a10a0]
Event: 11,964 Thread 0x08e89000  253             com.android.dx.ssa.SsaConverter::edgeSplitSuccessors (98 bytes)
Event: 12,098 Thread 0x08e89000 nmethod 253 0xb35baf48 code [0xb35bb1c0, 0xb35bbd1c]
Event: 12,098 Thread 0x08e89000  254   !         com.android.dx.cf.code.BytecodeArray::parseInstruction (2764 bytes)

GC Heap History (5 events):
Event: 7,936 GC heap before
{Heap before GC invocations=1 (full 0):
 PSYoungGen      total 18432K, used 15872K [0x9de80000, 0x9f300000, 0xb3400000)
  eden space 15872K, 100% used [0x9de80000,0x9ee00000,0x9ee00000)
  from space 2560K, 0% used [0x9f080000,0x9f080000,0x9f300000)
  to   space 2560K, 0% used [0x9ee00000,0x9ee00000,0x9f080000)
 ParOldGen       total 41728K, used 0K [0x73400000, 0x75cc0000, 0x9de80000)
  object space 41728K, 0% used [0x73400000,0x73400000,0x75cc0000)
 PSPermGen       total 16384K, used 3592K [0x6b400000, 0x6c400000, 0x73400000)
  object space 16384K, 21% used [0x6b400000,0x6b7823e8,0x6c400000)
Event: 7,944 GC heap after
Heap after GC invocations=1 (full 0):
 PSYoungGen      total 18432K, used 2546K [0x9de80000, 0x9f300000, 0xb3400000)
  eden space 15872K, 0% used [0x9de80000,0x9de80000,0x9ee00000)
  from space 2560K, 99% used [0x9ee00000,0x9f07caf0,0x9f080000)
  to   space 2560K, 0% used [0x9f080000,0x9f080000,0x9f300000)
 ParOldGen       total 41728K, used 1302K [0x73400000, 0x75cc0000, 0x9de80000)
  object space 41728K, 3% used [0x73400000,0x73545ae8,0x75cc0000)
 PSPermGen       total 16384K, used 3592K [0x6b400000, 0x6c400000, 0x73400000)
  object space 16384K, 21% used [0x6b400000,0x6b7823e8,0x6c400000)
}
Event: 10,455 GC heap before
{Heap before GC invocations=2 (full 0):
 PSYoungGen      total 18432K, used 18418K [0x9de80000, 0x9f300000, 0xb3400000)
  eden space 15872K, 100% used [0x9de80000,0x9ee00000,0x9ee00000)
  from space 2560K, 99% used [0x9ee00000,0x9f07caf0,0x9f080000)
  to   space 2560K, 0% used [0x9f080000,0x9f080000,0x9f300000)
 ParOldGen       total 41728K, used 1302K [0x73400000, 0x75cc0000, 0x9de80000)
  object space 41728K, 3% used [0x73400000,0x73545ae8,0x75cc0000)
 PSPermGen       total 16384K, used 3673K [0x6b400000, 0x6c400000, 0x73400000)
  object space 16384K, 22% used [0x6b400000,0x6b796718,0x6c400000)
Event: 10,485 GC heap after
Heap after GC invocations=2 (full 0):
 PSYoungGen      total 18432K, used 2545K [0x9de80000, 0x9f300000, 0xb3400000)
  eden space 15872K, 0% used [0x9de80000,0x9de80000,0x9ee00000)
  from space 2560K, 99% used [0x9f080000,0x9f2fc7f0,0x9f300000)
  to   space 2560K, 0% used [0x9ee00000,0x9ee00000,0x9f080000)
 ParOldGen       total 41728K, used 3950K [0x73400000, 0x75cc0000, 0x9de80000)
  object space 41728K, 9% used [0x73400000,0x737dbb58,0x75cc0000)
 PSPermGen       total 16384K, used 3673K [0x6b400000, 0x6c400000, 0x73400000)
  object space 16384K, 22% used [0x6b400000,0x6b796718,0x6c400000)
}
Event: 12,192 GC heap before
{Heap before GC invocations=3 (full 0):
 PSYoungGen      total 18432K, used 18417K [0x9de80000, 0x9f300000, 0xb3400000)
  eden space 15872K, 100% used [0x9de80000,0x9ee00000,0x9ee00000)
  from space 2560K, 99% used [0x9f080000,0x9f2fc7f0,0x9f300000)
  to   space 2560K, 0% used [0x9ee00000,0x9ee00000,0x9f080000)
 ParOldGen       total 41728K, used 3950K [0x73400000, 0x75cc0000, 0x9de80000)
  object space 41728K, 9% used [0x73400000,0x737dbb58,0x75cc0000)
 PSPermGen       total 16384K, used 3699K [0x6b400000, 0x6c400000, 0x73400000)
  object space 16384K, 22% used [0x6b400000,0x6b79ce60,0x6c400000)

Deoptimization events (10 events):
Event: 7,126 Thread 0x08cf2c00 Uncommon trap: reason=class_check action=maybe_recompile pc=0xb353f700 method=com.android.dx.ssa.NormalSsaInsn.accept(Lcom/android/dx/ssa/SsaInsn$Visitor;)V @ 9
Event: 7,127 Thread 0x08cf2c00 Uncommon trap: reason=class_check action=maybe_recompile pc=0xb353f700 method=com.android.dx.ssa.NormalSsaInsn.accept(Lcom/android/dx/ssa/SsaInsn$Visitor;)V @ 9
Event: 7,148 Thread 0x08cf2c00 Uncommon trap: reason=class_check action=maybe_recompile pc=0xb3527590 method=com.android.dx.ssa.NormalSsaInsn.accept(Lcom/android/dx/ssa/SsaInsn$Visitor;)V @ 9
Event: 9,182 Thread 0x08cf2c00 Uncommon trap: reason=unreached action=reinterpret pc=0xb353c594 method=com.android.dx.rop.cst.Constant.compareTo(Lcom/android/dx/rop/cst/Constant;)I @ 12
Event: 9,664 Thread 0x08cf2c00 Uncommon trap: reason=class_check action=maybe_recompile pc=0xb353e57c method=com.android.dx.rop.type.Type.equals(Ljava/lang/Object;)Z @ 8
Event: 9,674 Thread 0x08cf2c00 Uncommon trap: reason=class_check action=maybe_recompile pc=0xb353e57c method=com.android.dx.rop.type.Type.equals(Ljava/lang/Object;)Z @ 8
Event: 9,729 Thread 0x08cf2c00 Uncommon trap: reason=null_check action=make_not_entrant pc=0xb356ecec method=com.android.dx.ssa.SsaRenamer.getLocalForNewReg(I)Lcom/android/dx/rop/code/LocalItem; @ 19
Event: 10,321 Thread 0x08cf2c00 Uncommon trap: reason=class_check action=maybe_recompile pc=0xb353e57c method=com.android.dx.rop.type.Type.equals(Ljava/lang/Object;)Z @ 8
Event: 10,321 Thread 0x08cf2c00 Uncommon trap: reason=class_check action=maybe_recompile pc=0xb353e57c method=com.android.dx.rop.type.Type.equals(Ljava/lang/Object;)Z @ 8
Event: 10,519 Thread 0x08cf2c00 Uncommon trap: reason=null_check action=make_not_entrant pc=0xb358ee98 method=com.android.dx.rop.type.Type.putIntern(Lcom/android/dx/rop/type/Type;)Lcom/android/dx/rop/type/Type; @ 18

Internal exceptions (10 events):
Event: 6,976 Thread 0x08cf2c00 Threw 0x9e920188 at /build/openjdk-7-rwEUZs/openjdk-7-7u65-2.5.1/build/openjdk/hotspot/src/share/vm/prims/jvm.cpp:1247
Event: 7,069 Thread 0x08cf2c00 Implicit null exception at 0xb352f37c to 0xb352f52d
Event: 7,673 Thread 0x08cf2c00 Threw 0x9ec3b108 at /build/openjdk-7-rwEUZs/openjdk-7-7u65-2.5.1/build/openjdk/hotspot/src/share/vm/prims/jvm.cpp:1247
Event: 8,333 Thread 0x08cf2c00 Threw 0x9e08d1d0 at /build/openjdk-7-rwEUZs/openjdk-7-7u65-2.5.1/build/openjdk/hotspot/src/share/vm/prims/jvm.cpp:1247
Event: 8,333 Thread 0x08cf2c00 Threw 0x9e08f7d8 at /build/openjdk-7-rwEUZs/openjdk-7-7u65-2.5.1/build/openjdk/hotspot/src/share/vm/prims/jvm.cpp:1247
Event: 8,336 Thread 0x08cf2c00 Threw 0x9e098c08 at /build/openjdk-7-rwEUZs/openjdk-7-7u65-2.5.1/build/openjdk/hotspot/src/share/vm/prims/jvm.cpp:1247
Event: 8,343 Thread 0x08cf2c00 Threw 0x9e09b380 at /build/openjdk-7-rwEUZs/openjdk-7-7u65-2.5.1/build/openjdk/hotspot/src/share/vm/prims/jvm.cpp:1247
Event: 9,729 Thread 0x08cf2c00 Implicit null exception at 0xb356dd33 to 0xb356ecdd
Event: 10,519 Thread 0x08cf2c00 Implicit null exception at 0xb358e8b6 to 0xb358ee89
Event: 10,542 Thread 0x08cf2c00 Threw 0x9df00d40 at /build/openjdk-7-rwEUZs/openjdk-7-7u65-2.5.1/build/openjdk/hotspot/src/share/vm/prims/jvm.cpp:1247

Events (10 events):
Event: 10,490 Executing VM operation: BulkRevokeBias
Event: 10,490 Executing VM operation: BulkRevokeBias done
Event: 10,519 Thread 0x08cf2c00 Uncommon trap: trap_request=0xfffffff4 fr.pc=0xb358ee98
Event: 10,519 Thread 0x08cf2c00 DEOPT PACKING pc=0xb358ee98 sp=0xb65a4b20
Event: 10,519 Thread 0x08cf2c00 DEOPT UNPACKING pc=0xb3501bc8 sp=0xb65a4ab8 mode 2
Event: 10,542 loading class 0x6ad62928
Event: 10,542 loading class 0x6ad62928 done
Event: 11,792 Thread 0x08e89000 flushing nmethod 0xb35272c8
Event: 11,889 Thread 0x08e89000 flushing nmethod 0xb352efc8
Event: 12,192 Executing VM operation: ParallelGCFailedAllocation


Dynamic libraries:
08048000-08049000 r-xp 00000000 08:06 1574961    /usr/lib/jvm/java-7-openjdk-i386/jre/bin/java
08049000-0804a000 r--p 00000000 08:06 1574961    /usr/lib/jvm/java-7-openjdk-i386/jre/bin/java
0804a000-0804b000 rw-p 00001000 08:06 1574961    /usr/lib/jvm/java-7-openjdk-i386/jre/bin/java
08ce9000-09490000 rw-p 00000000 00:00 0          [heap]
67200000-672f9000 rw-p 00000000 00:00 0 
672f9000-67300000 ---p 00000000 00:00 0 
67300000-673aa000 rw-p 00000000 00:00 0 
673aa000-67400000 ---p 00000000 00:00 0 
67400000-674e6000 rw-p 00000000 00:00 0 
674e6000-67500000 ---p 00000000 00:00 0 
67600000-676fc000 rw-p 00000000 00:00 0 
676fc000-67700000 ---p 00000000 00:00 0 
67700000-677fd000 rw-p 00000000 00:00 0 
677fd000-67800000 ---p 00000000 00:00 0 
67800000-678f9000 rw-p 00000000 00:00 0 
678f9000-67900000 ---p 00000000 00:00 0 
67984000-679f4000 rw-p 00000000 00:00 0 
679f4000-67a31000 r-xp 00000000 08:06 9961677    /lib/i386-linux-gnu/libpcre.so.3.13.1
67a31000-67a32000 rw-p 0003c000 08:06 9961677    /lib/i386-linux-gnu/libpcre.so.3.13.1
67a32000-67a3a000 r-xp 00000000 08:06 1579712    /usr/lib/i386-linux-gnu/libffi.so.5.0.10
67a3a000-67a3b000 rw-p 00008000 08:06 1579712    /usr/lib/i386-linux-gnu/libffi.so.5.0.10
67a3b000-67a4b000 r-xp 00000000 08:06 9961830    /lib/i386-linux-gnu/i686/cmov/libresolv-2.13.so
67a4b000-67a4c000 r--p 00010000 08:06 9961830    /lib/i386-linux-gnu/i686/cmov/libresolv-2.13.so
67a4c000-67a4d000 rw-p 00011000 08:06 9961830    /lib/i386-linux-gnu/i686/cmov/libresolv-2.13.so
67a4d000-67a4f000 rw-p 00000000 00:00 0 
67a4f000-67a6d000 r-xp 00000000 08:06 9961694    /lib/i386-linux-gnu/libselinux.so.1
67a6d000-67a6e000 r--p 0001d000 08:06 9961694    /lib/i386-linux-gnu/libselinux.so.1
67a6e000-67a6f000 rw-p 0001e000 08:06 9961694    /lib/i386-linux-gnu/libselinux.so.1
67a6f000-67b6a000 r-xp 00000000 08:06 9961611    /lib/i386-linux-gnu/libglib-2.0.so.0.3200.4
67b6a000-67b6b000 r--p 000fa000 08:06 9961611    /lib/i386-linux-gnu/libglib-2.0.so.0.3200.4
67b6b000-67b6c000 rw-p 000fb000 08:06 9961611    /lib/i386-linux-gnu/libglib-2.0.so.0.3200.4
67b6c000-67bbc000 r-xp 00000000 08:06 1579819    /usr/lib/i386-linux-gnu/libgobject-2.0.so.0.3200.4
67bbc000-67bbd000 r--p 00050000 08:06 1579819    /usr/lib/i386-linux-gnu/libgobject-2.0.so.0.3200.4
67bbd000-67bbe000 rw-p 00051000 08:06 1579819    /usr/lib/i386-linux-gnu/libgobject-2.0.so.0.3200.4
67bbe000-67d19000 r-xp 00000000 08:06 1579793    /usr/lib/i386-linux-gnu/libgio-2.0.so.0.3200.4
67d19000-67d1a000 ---p 0015b000 08:06 1579793    /usr/lib/i386-linux-gnu/libgio-2.0.so.0.3200.4
67d1a000-67d1c000 r--p 0015b000 08:06 1579793    /usr/lib/i386-linux-gnu/libgio-2.0.so.0.3200.4
67d1c000-67d1d000 rw-p 0015d000 08:06 1579793    /usr/lib/i386-linux-gnu/libgio-2.0.so.0.3200.4
67d1d000-67d1e000 rw-p 00000000 00:00 0 
67d36000-67d4d000 r-xp 00000000 08:06 2883845    /usr/lib/jvm/java-7-openjdk-i386/jre/lib/i386/libnet.so
67d4d000-67d4e000 r--p 00016000 08:06 2883845    /usr/lib/jvm/java-7-openjdk-i386/jre/lib/i386/libnet.so
67d4e000-67d4f000 rw-p 00017000 08:06 2883845    /usr/lib/jvm/java-7-openjdk-i386/jre/lib/i386/libnet.so
67d4f000-67d60000 r-xp 00000000 08:06 2883824    /usr/lib/jvm/java-7-openjdk-i386/jre/lib/i386/libnio.so
67d60000-67d61000 r--p 00010000 08:06 2883824    /usr/lib/jvm/java-7-openjdk-i386/jre/lib/i386/libnio.so
67d61000-67d62000 rw-p 00011000 08:06 2883824    /usr/lib/jvm/java-7-openjdk-i386/jre/lib/i386/libnio.so
67d62000-67d71000 r--s 00092000 08:06 11545993   /root/android-sdk-linux/extras/android/m2repository/com/android/support/support-v4/19.1.0/support-v4-19.1.0.jar
67d71000-67d72000 ---p 00000000 00:00 0 
67d72000-67df2000 rw-p 00000000 00:00 0 
67df2000-67df5000 ---p 00000000 00:00 0 
67df5000-67e43000 rw-p 00000000 00:00 0 
67e43000-67e46000 ---p 00000000 00:00 0 
67e46000-67ec4000 rw-p 00000000 00:00 0 
67ec4000-67ec7000 ---p 00000000 00:00 0 
67ec7000-67f45000 rw-p 00000000 00:00 0 
67f45000-67f48000 ---p 00000000 00:00 0 
67f48000-67f96000 rw-p 00000000 00:00 0 
67f96000-68108000 r--p 00000000 08:06 1706402    /usr/lib/locale/locale-archive
68108000-6810b000 ---p 00000000 00:00 0 
6810b000-68159000 rw-p 00000000 00:00 0 
68159000-6815c000 ---p 00000000 00:00 0 
6815c000-681aa000 rw-p 00000000 00:00 0 
681aa000-681ab000 ---p 00000000 00:00 0 
681ab000-68274000 rw-p 00000000 00:00 0 
68274000-68425000 r--s 01d21000 08:06 2365418    /usr/lib/jvm/java-7-openjdk-i386/jre/lib/rt.jar
68425000-6ad00000 rw-p 00000000 00:00 0 
6ad00000-6adfb000 rw-p 00000000 00:00 0 
6adfb000-6ae00000 ---p 00000000 00:00 0 
6ae02000-6ae03000 r-xp 00000000 08:06 1579962    /usr/lib/i386-linux-gnu/libgthread-2.0.so.0.3200.4
6ae03000-6ae04000 r--p 00000000 08:06 1579962    /usr/lib/i386-linux-gnu/libgthread-2.0.so.0.3200.4
6ae04000-6ae05000 rw-p 00001000 08:06 1579962    /usr/lib/i386-linux-gnu/libgthread-2.0.so.0.3200.4
6ae05000-6ae08000 r-xp 00000000 08:06 1579803    /usr/lib/i386-linux-gnu/libgmodule-2.0.so.0.3200.4
6ae08000-6ae09000 r--p 00002000 08:06 1579803    /usr/lib/i386-linux-gnu/libgmodule-2.0.so.0.3200.4
6ae09000-6ae0a000 rw-p 00003000 08:06 1579803    /usr/lib/i386-linux-gnu/libgmodule-2.0.so.0.3200.4
6ae0a000-6ae25000 rw-p 00000000 00:00 0 
6ae25000-6ae26000 ---p 00000000 00:00 0 
6ae26000-6aea6000 rw-p 00000000 00:00 0 
6aea6000-6aea7000 ---p 00000000 00:00 0 
6aea7000-6af27000 rw-p 00000000 00:00 0 
6af27000-6af28000 ---p 00000000 00:00 0 
6af28000-6afa8000 rw-p 00000000 00:00 0 
6afa8000-6afa9000 ---p 00000000 00:00 0 
6afa9000-6b031000 rw-p 00000000 00:00 0 
6b031000-6b069000 rw-p 00000000 00:00 0 
6b069000-6b07e000 rw-p 00000000 00:00 0 
6b07e000-6b1bf000 rw-p 00000000 00:00 0 
6b1bf000-6b1c7000 rw-p 00000000 00:00 0 
6b1c7000-6b1ff000 rw-p 00000000 00:00 0 
6b1ff000-6b214000 rw-p 00000000 00:00 0 
6b214000-6b354000 rw-p 00000000 00:00 0 
6b354000-6b35f000 rw-p 00000000 00:00 0 
6b35f000-6b3ff000 rw-p 00000000 00:00 0 
6b3ff000-6c400000 rw-p 00000000 00:00 0 
6c400000-73400000 rw-p 00000000 00:00 0 
73400000-75cc0000 rw-p 00000000 00:00 0 
75cc0000-9de80000 rw-p 00000000 00:00 0 
9de80000-9f300000 rw-p 00000000 00:00 0 
a0280000-b3400000 rw-p 00000000 00:00 0 
b3402000-b3410000 r--s 000b4000 08:06 11013701   /root/android-sdk-linux/build-tools/20.0.0/lib/dx.jar
b3410000-b3412000 r--s 00012000 08:06 2365409    /usr/lib/jvm/java-7-openjdk-i386/jre/lib/ext/zipfs.jar
b3412000-b3415000 r--s 0000f000 08:06 2365406    /usr/lib/jvm/java-7-openjdk-i386/jre/lib/ext/pulse-java.jar
b3415000-b341e000 rw-p 00000000 00:00 0 
b341e000-b34d5000 rw-p 00000000 00:00 0 
b34d5000-b3715000 rwxp 00000000 00:00 0 
b3715000-b64d5000 rw-p 00000000 00:00 0 
b64d5000-b64df000 r-xp 00000000 08:06 9961825    /lib/i386-linux-gnu/i686/cmov/libnss_files-2.13.so
b64df000-b64e0000 r--p 00009000 08:06 9961825    /lib/i386-linux-gnu/i686/cmov/libnss_files-2.13.so
b64e0000-b64e1000 rw-p 0000a000 08:06 9961825    /lib/i386-linux-gnu/i686/cmov/libnss_files-2.13.so
b64e1000-b64ea000 r-xp 00000000 08:06 9961827    /lib/i386-linux-gnu/i686/cmov/libnss_nis-2.13.so
b64ea000-b64eb000 r--p 00008000 08:06 9961827    /lib/i386-linux-gnu/i686/cmov/libnss_nis-2.13.so
b64eb000-b64ec000 rw-p 00009000 08:06 9961827    /lib/i386-linux-gnu/i686/cmov/libnss_nis-2.13.so
b64ec000-b64ff000 r-xp 00000000 08:06 9961821    /lib/i386-linux-gnu/i686/cmov/libnsl-2.13.so
b64ff000-b6500000 r--p 00012000 08:06 9961821    /lib/i386-linux-gnu/i686/cmov/libnsl-2.13.so
b6500000-b6501000 rw-p 00013000 08:06 9961821    /lib/i386-linux-gnu/i686/cmov/libnsl-2.13.so
b6501000-b6503000 rw-p 00000000 00:00 0 
b6503000-b6509000 r-xp 00000000 08:06 9961823    /lib/i386-linux-gnu/i686/cmov/libnss_compat-2.13.so
b6509000-b650a000 r--p 00005000 08:06 9961823    /lib/i386-linux-gnu/i686/cmov/libnss_compat-2.13.so
b650a000-b650b000 rw-p 00006000 08:06 9961823    /lib/i386-linux-gnu/i686/cmov/libnss_compat-2.13.so
b650c000-b6510000 r--s 00085000 08:06 2365410    /usr/lib/jvm/java-7-openjdk-i386/jre/lib/ext/localedata.jar
b6510000-b6511000 r--s 00002000 08:06 2365408    /usr/lib/jvm/java-7-openjdk-i386/jre/lib/ext/dnsns.jar
b6511000-b6519000 r-xp 00000000 08:06 2883849    /usr/lib/jvm/java-7-openjdk-i386/jre/lib/i386/libzip.so
b6519000-b651a000 r--p 00007000 08:06 2883849    /usr/lib/jvm/java-7-openjdk-i386/jre/lib/i386/libzip.so
b651a000-b651b000 rw-p 00008000 08:06 2883849    /usr/lib/jvm/java-7-openjdk-i386/jre/lib/i386/libzip.so
b651b000-b6523000 rw-s 00000000 08:06 13370456   /tmp/hsperfdata_root/11723
b6523000-b654a000 r-xp 00000000 08:06 2883850    /usr/lib/jvm/java-7-openjdk-i386/jre/lib/i386/libjava.so
b654a000-b654b000 r--p 00026000 08:06 2883850    /usr/lib/jvm/java-7-openjdk-i386/jre/lib/i386/libjava.so
b654b000-b654c000 rw-p 00027000 08:06 2883850    /usr/lib/jvm/java-7-openjdk-i386/jre/lib/i386/libjava.so
b654c000-b6553000 r-xp 00000000 08:06 9961831    /lib/i386-linux-gnu/i686/cmov/librt-2.13.so
b6553000-b6554000 r--p 00006000 08:06 9961831    /lib/i386-linux-gnu/i686/cmov/librt-2.13.so
b6554000-b6555000 rw-p 00007000 08:06 9961831    /lib/i386-linux-gnu/i686/cmov/librt-2.13.so
b6555000-b6558000 ---p 00000000 00:00 0 
b6558000-b65a6000 rw-p 00000000 00:00 0 
b65a6000-b65c2000 r-xp 00000000 08:06 9961607    /lib/i386-linux-gnu/libgcc_s.so.1
b65c2000-b65c3000 rw-p 0001b000 08:06 9961607    /lib/i386-linux-gnu/libgcc_s.so.1
b65c3000-b65e7000 r-xp 00000000 08:06 9961819    /lib/i386-linux-gnu/i686/cmov/libm-2.13.so
b65e7000-b65e8000 r--p 00023000 08:06 9961819    /lib/i386-linux-gnu/i686/cmov/libm-2.13.so
b65e8000-b65e9000 rw-p 00024000 08:06 9961819    /lib/i386-linux-gnu/i686/cmov/libm-2.13.so
b65e9000-b66c9000 r-xp 00000000 08:06 1580299    /usr/lib/i386-linux-gnu/libstdc++.so.6.0.17
b66c9000-b66cd000 r--p 000e0000 08:06 1580299    /usr/lib/i386-linux-gnu/libstdc++.so.6.0.17
b66cd000-b66ce000 rw-p 000e4000 08:06 1580299    /usr/lib/i386-linux-gnu/libstdc++.so.6.0.17
b66ce000-b66d5000 rw-p 00000000 00:00 0 
b66d5000-b709c000 r-xp 00000000 08:06 2883836    /usr/lib/jvm/java-7-openjdk-i386/jre/lib/i386/server/libjvm.so
b709c000-b70f1000 r--p 009c7000 08:06 2883836    /usr/lib/jvm/java-7-openjdk-i386/jre/lib/i386/server/libjvm.so
b70f1000-b7105000 rw-p 00a1c000 08:06 2883836    /usr/lib/jvm/java-7-openjdk-i386/jre/lib/i386/server/libjvm.so
b7105000-b7523000 rw-p 00000000 00:00 0 
b7523000-b753a000 r-xp 00000000 08:06 9961726    /lib/i386-linux-gnu/libz.so.1.2.7
b753a000-b753b000 r--p 00016000 08:06 9961726    /lib/i386-linux-gnu/libz.so.1.2.7
b753b000-b753c000 rw-p 00017000 08:06 9961726    /lib/i386-linux-gnu/libz.so.1.2.7
b753c000-b7699000 r-xp 00000000 08:06 9961815    /lib/i386-linux-gnu/i686/cmov/libc-2.13.so
b7699000-b769b000 r--p 0015d000 08:06 9961815    /lib/i386-linux-gnu/i686/cmov/libc-2.13.so
b769b000-b769c000 rw-p 0015f000 08:06 9961815    /lib/i386-linux-gnu/i686/cmov/libc-2.13.so
b769c000-b769f000 rw-p 00000000 00:00 0 
b769f000-b76a1000 r-xp 00000000 08:06 9961818    /lib/i386-linux-gnu/i686/cmov/libdl-2.13.so
b76a1000-b76a2000 r--p 00001000 08:06 9961818    /lib/i386-linux-gnu/i686/cmov/libdl-2.13.so
b76a2000-b76a3000 rw-p 00002000 08:06 9961818    /lib/i386-linux-gnu/i686/cmov/libdl-2.13.so
b76a3000-b76b0000 r-xp 00000000 08:06 2883828    /usr/lib/jvm/java-7-openjdk-i386/jre/lib/i386/jli/libjli.so
b76b0000-b76b1000 r--p 0000c000 08:06 2883828    /usr/lib/jvm/java-7-openjdk-i386/jre/lib/i386/jli/libjli.so
b76b1000-b76b2000 rw-p 0000d000 08:06 2883828    /usr/lib/jvm/java-7-openjdk-i386/jre/lib/i386/jli/libjli.so
b76b2000-b76c7000 r-xp 00000000 08:06 9961811    /lib/i386-linux-gnu/i686/cmov/libpthread-2.13.so
b76c7000-b76c8000 r--p 00014000 08:06 9961811    /lib/i386-linux-gnu/i686/cmov/libpthread-2.13.so
b76c8000-b76c9000 rw-p 00015000 08:06 9961811    /lib/i386-linux-gnu/i686/cmov/libpthread-2.13.so
b76c9000-b76cc000 rw-p 00000000 00:00 0 
b76cc000-b76cf000 r--s 00032000 08:06 2365407    /usr/lib/jvm/java-7-openjdk-i386/jre/lib/ext/sunjce_provider.jar
b76cf000-b76d0000 r--s 00007000 08:06 3284962    /usr/share/java/java-atk-wrapper.jar
b76d0000-b76d3000 r--s 0003c000 08:06 2365411    /usr/lib/jvm/java-7-openjdk-i386/jre/lib/ext/sunpkcs11.jar
b76d3000-b76d4000 rw-p 00000000 00:00 0 
b76d4000-b76d5000 ---p 00000000 00:00 0 
b76d5000-b76e2000 r-xp 00000000 08:06 2883846    /usr/lib/jvm/java-7-openjdk-i386/jre/lib/i386/libverify.so
b76e2000-b76e3000 r--p 0000d000 08:06 2883846    /usr/lib/jvm/java-7-openjdk-i386/jre/lib/i386/libverify.so
b76e3000-b76e4000 rw-p 0000e000 08:06 2883846    /usr/lib/jvm/java-7-openjdk-i386/jre/lib/i386/libverify.so
b76e4000-b76e6000 rw-p 00000000 00:00 0 
b76e6000-b76e7000 r-xp 00000000 00:00 0          [vdso]
b76e7000-b7703000 r-xp 00000000 08:06 9961948    /lib/i386-linux-gnu/ld-2.13.so
b7703000-b7704000 r--p 0001b000 08:06 9961948    /lib/i386-linux-gnu/ld-2.13.so
b7704000-b7705000 rw-p 0001c000 08:06 9961948    /lib/i386-linux-gnu/ld-2.13.so
bfd3e000-bfd3f000 rwxp 00000000 00:00 0 
bfd71000-bfd92000 rw-p 00000000 00:00 0          [stack]

VM Arguments:
jvm_args: -Xmx1024M 
java_command: /root/android-sdk-linux/build-tools/20.0.0/lib/dx.jar --dex --output /root/Android_Libs/GalleryLib/app/build/intermediates/pre-dexed/debug/support-v4-19.1.0-65ef64b9271f5bda114d6979887ae34cbcfd2164.jar /root/android-sdk-linux/extras/android/m2repository/com/android/support/support-v4/19.1.0/support-v4-19.1.0.jar
Launcher Type: SUN_STANDARD

Environment Variables:
JAVA_HOME=/usr/lib/jvm/java-1.7.0-openjdk-i386
JRE_HOME=/usr/lib/jvm/java-1.7.0-openjdk-i386/jre
CLASSPATH=/root/Programs/android-studio/bin/../lib/bootstrap.jar:/root/Programs/android-studio/bin/../lib/extensions.jar:/root/Programs/android-studio/bin/../lib/util.jar:/root/Programs/android-studio/bin/../lib/jdom.jar:/root/Programs/android-studio/bin/../lib/log4j.jar:/root/Programs/android-studio/bin/../lib/trove4j.jar:/root/Programs/android-studio/bin/../lib/jna.jar:/etc/jdk1.8.0_05/lib/tools.jar
PATH=/usr/local/sbin:/usr/local/bin:/usr/sbin:/usr/bin:/sbin:/bin:/root/bin:/usr/lib/jvm/java-1.7.0-openjdk-i386/bin:/root/bin:/usr/lib/jvm/java-1.7.0-openjdk-i386/jre/bin
USERNAME=root
LD_LIBRARY_PATH=/root/Programs/android-studio/bin:
SHELL=/bin/bash
DISPLAY=:0

Signal Handlers:
SIGSEGV: [libjvm.so+0x803290], sa_mask[0]=0x7ffbfeff, sa_flags=0x10000004
SIGBUS: [libjvm.so+0x803290], sa_mask[0]=0x7ffbfeff, sa_flags=0x10000004
SIGFPE: [libjvm.so+0x67c600], sa_mask[0]=0x7ffbfeff, sa_flags=0x10000004
SIGPIPE: [libjvm.so+0x67c600], sa_mask[0]=0x7ffbfeff, sa_flags=0x10000004
SIGXFSZ: [libjvm.so+0x67c600], sa_mask[0]=0x7ffbfeff, sa_flags=0x10000004
SIGILL: [libjvm.so+0x67c600], sa_mask[0]=0x7ffbfeff, sa_flags=0x10000004
SIGUSR1: SIG_DFL, sa_mask[0]=0x00000000, sa_flags=0x00000000
SIGUSR2: [libjvm.so+0x67c740], sa_mask[0]=0x00000004, sa_flags=0x10000004
SIGHUP: [libjvm.so+0x67cb90], sa_mask[0]=0x7ffbfeff, sa_flags=0x10000004
SIGINT: [libjvm.so+0x67cb90], sa_mask[0]=0x7ffbfeff, sa_flags=0x10000004
SIGTERM: [libjvm.so+0x67cb90], sa_mask[0]=0x7ffbfeff, sa_flags=0x10000004
SIGQUIT: [libjvm.so+0x67cb90], sa_mask[0]=0x7ffbfeff, sa_flags=0x10000004
SIGTRAP: SIG_DFL, sa_mask[0]=0x00000000, sa_flags=0x00000000


---------------  S Y S T E M  ---------------

OS:7.6

uname:Linux 3.2.0-4-686-pae #1 SMP Debian 3.2.60-1+deb7u3 i686
libc:glibc 2.13 NPTL 2.13 
rlimit: STACK 8192k, CORE 0k, NPROC 31196, NOFILE 4096, AS infinity
load average:7,42 6,35 5,38

/proc/meminfo:
MemTotal:        4003488 kB
MemFree:          163884 kB
Buffers:            3992 kB
Cached:           103456 kB
SwapCached:            0 kB
Active:          3676180 kB
Inactive:          62780 kB
Active(anon):    3632684 kB
Inactive(anon):    31668 kB
Active(file):      43496 kB
Inactive(file):    31112 kB
Unevictable:         136 kB
Mlocked:             136 kB
HighTotal:       3142768 kB
HighFree:            676 kB
LowTotal:         860720 kB
LowFree:          163208 kB
SwapTotal:             0 kB
SwapFree:              0 kB
Dirty:               548 kB
Writeback:             0 kB
AnonPages:       3631980 kB
Mapped:            83692 kB
Shmem:             32632 kB
Slab:              36944 kB
SReclaimable:      15240 kB
SUnreclaim:        21704 kB
KernelStack:        5568 kB
PageTables:        22100 kB
NFS_Unstable:          0 kB
Bounce:                0 kB
WritebackTmp:          0 kB
CommitLimit:     2001744 kB
Committed_AS:    7358920 kB
VmallocTotal:     122880 kB
VmallocUsed:       52096 kB
VmallocChunk:      66304 kB
HardwareCorrupted:     0 kB
AnonHugePages:         0 kB
HugePages_Total:       0
HugePages_Free:        0
HugePages_Rsvd:        0
HugePages_Surp:        0
Hugepagesize:       2048 kB
DirectMap4k:        8184 kB
DirectMap2M:      903168 kB


CPU:total 4 (2 cores per cpu, 2 threads per core) family 6 model 37 stepping 2, cmov, cx8, fxsr, mmx, sse, sse2, sse3, ssse3, sse4.1, sse4.2, popcnt, ht, tsc, tscinvbit

/proc/cpuinfo:
processor	: 0
vendor_id	: GenuineIntel
cpu family	: 6
model		: 37
model name	: Intel(R) Core(TM) i3 CPU       M 330  @ 2.13GHz
stepping	: 2
microcode	: 0x9
cpu MHz		: 2133.000
cache size	: 3072 KB
physical id	: 0
siblings	: 4
core id		: 0
cpu cores	: 2
apicid		: 0
initial apicid	: 0
fdiv_bug	: no
hlt_bug		: no
f00f_bug	: no
coma_bug	: no
fpu		: yes
fpu_exception	: yes
cpuid level	: 11
wp		: yes
flags		: fpu vme de pse tsc msr pae mce cx8 apic sep mtrr pge mca cmov pat pse36 clflush dts acpi mmx fxsr sse sse2 ss ht tm pbe nx rdtscp lm constant_tsc arch_perfmon pebs bts xtopology nonstop_tsc aperfmperf pni dtes64 monitor ds_cpl vmx est tm2 ssse3 cx16 xtpr pdcm sse4_1 sse4_2 popcnt lahf_lm arat dtherm tpr_shadow vnmi flexpriority ept vpid
bogomips	: 4256.66
clflush size	: 64
cache_alignment	: 64
address sizes	: 36 bits physical, 48 bits virtual
power management:

processor	: 1
vendor_id	: GenuineIntel
cpu family	: 6
model		: 37
model name	: Intel(R) Core(TM) i3 CPU       M 330  @ 2.13GHz
stepping	: 2
microcode	: 0x9
cpu MHz		: 2133.000
cache size	: 3072 KB
physical id	: 0
siblings	: 4
core id		: 0
cpu cores	: 2
apicid		: 1
initial apicid	: 1
fdiv_bug	: no
hlt_bug		: no
f00f_bug	: no
coma_bug	: no
fpu		: yes
fpu_exception	: yes
cpuid level	: 11
wp		: yes
flags		: fpu vme de pse tsc msr pae mce cx8 apic sep mtrr pge mca cmov pat pse36 clflush dts acpi mmx fxsr sse sse2 ss ht tm pbe nx rdtscp lm constant_tsc arch_perfmon pebs bts xtopology nonstop_tsc aperfmperf pni dtes64 monitor ds_cpl vmx est tm2 ssse3 cx16 xtpr pdcm sse4_1 sse4_2 popcnt lahf_lm arat dtherm tpr_shadow vnmi flexpriority ept vpid
bogomips	: 4256.66
clflush size	: 64
cache_alignment	: 64
address sizes	: 36 bits physical, 48 bits virtual
power management:

processor	: 2
vendor_id	: GenuineIntel
cpu family	: 6
model		: 37
model name	: Intel(R) Core(TM) i3 CPU       M 330  @ 2.13GHz
stepping	: 2
microcode	: 0x9
cpu MHz		: 2133.000
cache size	: 3072 KB
physical id	: 0
siblings	: 4
core id		: 2
cpu cores	: 2
apicid		: 4
initial apicid	: 4
fdiv_bug	: no
hlt_bug		: no
f00f_bug	: no
coma_bug	: no
fpu		: yes
fpu_exception	: yes
cpuid level	: 11
wp		: yes
flags		: fpu vme de pse tsc msr pae mce cx8 apic sep mtrr pge mca cmov pat pse36 clflush dts acpi mmx fxsr sse sse2 ss ht tm pbe nx rdtscp lm constant_tsc arch_perfmon pebs bts xtopology nonstop_tsc aperfmperf pni dtes64 monitor ds_cpl vmx est tm2 ssse3 cx16 xtpr pdcm sse4_1 sse4_2 popcnt lahf_lm arat dtherm tpr_shadow vnmi flexpriority ept vpid
bogomips	: 4256.68
clflush size	: 64
cache_alignment	: 64
address sizes	: 36 bits physical, 48 bits virtual
power management:

processor	: 3
vendor_id	: GenuineIntel
cpu family	: 6
model		: 37
model name	: Intel(R) Core(TM) i3 CPU       M 330  @ 2.13GHz
stepping	: 2
microcode	: 0x9
cpu MHz		: 2133.000
cache size	: 3072 KB
physical id	: 0
siblings	: 4
core id		: 2
cpu cores	: 2
apicid		: 5
initial apicid	: 5
fdiv_bug	: no
hlt_bug		: no
f00f_bug	: no
coma_bug	: no
fpu		: yes
fpu_exception	: yes
cpuid level	: 11
wp		: yes
flags		: fpu vme de pse tsc msr pae mce cx8 apic sep mtrr pge mca cmov pat pse36 clflush dts acpi mmx fxsr sse sse2 ss ht tm pbe nx rdtscp lm constant_tsc arch_perfmon pebs bts xtopology nonstop_tsc aperfmperf pni dtes64 monitor ds_cpl vmx est tm2 ssse3 cx16 xtpr pdcm sse4_1 sse4_2 popcnt lahf_lm arat dtherm tpr_shadow vnmi flexpriority ept vpid
bogomips	: 4256.68
clflush size	: 64
cache_alignment	: 64
address sizes	: 36 bits physical, 48 bits virtual
power management:



Memory: 4k page, physical 4003488k(163884k free), swap 0k(0k free)

vm_info: OpenJDK Server VM (24.65-b04) for linux-x86 JRE (1.7.0_65-b32), built on Aug 31 2014 11:50:40 by "buildd" with gcc 4.7.2

time: Thu Sep  4 14:29:30 2014
elapsed time: 12 seconds

